#
# A fatal error has been detected by the Java Runtime Environment:
#
#  SIGSEGV (0xb) at pc=0x000000010768a7a8, pid=1284, tid=0x0000000000000307
#
# JRE version: Java(TM) SE Runtime Environment (8.0_162-b12) (build 1.8.0_162-b12)
# Java VM: Java HotSpot(TM) 64-Bit Server VM (25.162-b12 mixed mode bsd-amd64 compressed oops)
# Problematic frame:
# V  [libjvm.dylib+0x48a7a8]  SR_handler(int, __siginfo*, __darwin_ucontext*)+0x2e
#
# Failed to write core dump. Core dumps have been disabled. To enable core dumping, try "ulimit -c unlimited" before starting Java again
#
# If you would like to submit a bug report, please visit:
#   http://bugreport.java.com/bugreport/crash.jsp
#

---------------  T H R E A D  ---------------

Current thread is native thread

siginfo: si_signo: 11 (SIGSEGV), si_code: 1 (SEGV_MAPERR), si_addr: 0x0000000000000128

Registers:
RAX=0x0000000000000000, RBX=0x00007fff592cdcc0, RCX=0x00007fffc16d6408, RDX=0x00007fff592cdcc0
RSP=0x00007fff592cd7f0, RBP=0x00007fff592cd820, RSI=0x00007fff592cdc58, RDI=0x0000000000000103
R8 =0x00007fff592cdcc0, R9 =0x00000000ffffffff, R10=0x0000000000000c00, R11=0x0000000000000206
R12=0x0000000000000c00, R13=0x0000000000000000, R14=0x00007fff592cdc58, R15=0x0000000000000002
RIP=0x000000010768a7a8, EFLAGS=0x0000000000010202, ERR=0x0000000000000004
  TRAPNO=0x000000000000000e

Top of Stack: (sp=0x00007fff592cd7f0)
0x00007fff592cd7f0:   0000000000000000 00007fff592cdcc0
0x00007fff592cd800:   0000000000000c00 0000000000000000
0x00007fff592cd810:   00007fff592cdef0 0000000000000d03
0x00007fff592cd820:   00007fff592cd830 00007fffb89c9b3a
0x00007fff592cd830:   00007fff592cddc0 0000000000019e00
0x00007fff592cd840:   00019f00be05e978 00007fffc156c2d0
0x00007fff592cd850:   0100001f00000085 00007fffa3034000
0x00007fff592cd860:   0000000010004005 00000000ffffffff
0x00007fff592cd870:   00007fff592cdd78 0000000000000000
0x00007fff592cd880:   00007fff592cdef0 0000000007000806
0x00007fff592cd890:   00007fff592cddc0 00007fff592cdd78
0x00007fff592cd8a0:   0000000000000d03 00000000ffffffff
0x00007fff592cd8b0:   0000000000000c00 0000000000000206
0x00007fff592cd8c0:   0000000000000c00 0000000000000000
0x00007fff592cd8d0:   00007fff592cdef0 0000000000000d03
0x00007fff592cd8e0:   00007fffb88e134a 0000000000000206
0x00007fff592cd8f0:   0000000000000007 0000000000000000
0x00007fff592cd900:   0000000000000000 0000000000000000
0x00007fff592cd910:   000000000000037f 0000000000000000
0x00007fff592cd920:   0000000000000000 0000ffff00001fa0
0x00007fff592cd930:   0000000000000000 000000000000ffff
0x00007fff592cd940:   0000000000000100 000000000000ffff
0x00007fff592cd950:   0000000000000000 0000000000000000
0x00007fff592cd960:   0000000000000000 0000000000000000
0x00007fff592cd970:   87bc000000000000 000000000000c00b
0x00007fff592cd980:   0000000000000000 0000000000000000
0x00007fff592cd990:   8000000000000000 0000000000004007
0x00007fff592cd9a0:   c060000000000000 000000000000400a
0x00007fff592cd9b0:   41c04c59cc6baf7d 0000000000000000
0x00007fff592cd9c0:   3feaebdf4c2b51bd 0000000000000000
0x00007fff592cd9d0:   c3de3f8c247ac53c 439c073db853ac41
0x00007fff592cd9e0:   0000000000000000 0000000000000000 

Instructions: (pc=0x000000010768a7a8)
0x000000010768a788:   83 ec 08 48 89 d3 49 89 f6 e8 18 47 14 00 44 8b
0x000000010768a798:   38 48 8d 05 70 1a 3b 00 48 63 38 e8 e8 49 14 00
0x000000010768a7a8:   4c 8b a0 28 01 00 00 41 83 7c 24 34 01 0f 85 e2
0x000000010768a7b8:   00 00 00 49 89 5c 24 40 4d 89 74 24 38 49 8d 5c 

Register to memory mapping:

RAX=0x0000000000000000 is an unknown value
RBX=0x00007fff592cdcc0 is an unknown value
RCX=0x00007fffc16d6408: _thread+0x48 in /usr/lib/system/libsystem_pthread.dylib at 0x00007fffb89d0000
RDX=0x00007fff592cdcc0 is an unknown value
RSP=0x00007fff592cd7f0 is an unknown value
RBP=0x00007fff592cd820 is an unknown value
RSI=0x00007fff592cdc58 is an unknown value
RDI=0x0000000000000103 is an unknown value
R8 =0x00007fff592cdcc0 is an unknown value
R9 =0x00000000ffffffff is an unknown value
R10=0x0000000000000c00 is an unknown value
R11=0x0000000000000206 is an unknown value
R12=0x0000000000000c00 is an unknown value
R13=0x0000000000000000 is an unknown value
R14=0x00007fff592cdc58 is an unknown value
R15=0x0000000000000002 is an unknown value


Stack: [0x00007fff58ad2000,0x00007fff592d2000],  sp=0x00007fff592cd7f0,  free space=8173k
Native frames: (J=compiled Java code, j=interpreted, Vv=VM code, C=native code)
V  [libjvm.dylib+0x48a7a8]  SR_handler(int, __siginfo*, __darwin_ucontext*)+0x2e
C  [libsystem_platform.dylib+0x2b3a]  _sigtramp+0x1a
C  0x0000000000019e00
C  [CoreFoundation+0x88434]  __CFRunLoopServiceMachPort+0xd4
C  [CoreFoundation+0x878c1]  __CFRunLoopRun+0x551
C  [CoreFoundation+0x87114]  CFRunLoopRunSpecific+0x1a4
C  [java+0x6472]  CreateExecutionEnvironment+0x367
C  [java+0x207c]  JLI_Launch+0x7a0
C  [java+0x84cf]  main+0x65
C  [java+0x18d4]  start+0x34


---------------  P R O C E S S  ---------------

VM state:synchronizing (normal execution)

VM Mutex/Monitor currently owned by a thread:  ([mutex/lock_event])
[0x00007ffa9d50d730] Safepoint_lock - owner thread: 0x00007ffa9d842800
[0x00007ffa9d50d7b0] Threads_lock - owner thread: 0x00007ffa9d842800

Heap:
 PSYoungGen      total 201216K, used 35599K [0x0000000795580000, 0x00000007a6500000, 0x00000007c0000000)
  eden space 178176K, 19% used [0x0000000795580000,0x0000000797843d40,0x00000007a0380000)
  from space 23040K, 0% used [0x00000007a0380000,0x00000007a0380000,0x00000007a1a00000)
  to   space 23040K, 0% used [0x00000007a4e80000,0x00000007a4e80000,0x00000007a6500000)
 ParOldGen       total 135168K, used 42174K [0x0000000740000000, 0x0000000748400000, 0x0000000795580000)
  object space 135168K, 31% used [0x0000000740000000,0x000000074292f8d0,0x0000000748400000)
 Metaspace       used 58388K, capacity 59992K, committed 60120K, reserved 1101824K
  class space    used 7935K, capacity 8370K, committed 8408K, reserved 1048576K

Card table byte_map: [0x0000000108577000,0x0000000108978000] byte_map_base: 0x0000000104b77000

Marking Bits: (ParMarkBitMap*) 0x0000000107af76c0
 Begin Bits: [0x0000000108c23000, 0x000000010ac23000)
 End Bits:   [0x000000010ac23000, 0x000000010cc23000)

Polling page: 0x00000001069ef000

CodeCache: size=245760Kb used=22332Kb max_used=22332Kb free=223427Kb
 bounds [0x0000000110550000, 0x0000000111b40000, 0x000000011f550000]
 total_blobs=8428 nmethods=7684 adapters=657
 compilation: enabled

Compilation events (10 events):
Event: 26.781 Thread 0x00007ffa9d863800 8799       3       com.sun.tools.javac.code.Scope$ImportScope::makeEntry (18 bytes)
Event: 26.781 Thread 0x00007ffa9d863800 nmethod 8799 0x0000000111b31290 code [0x0000000111b31400, 0x0000000111b31770]
Event: 26.781 Thread 0x00007ffa9d863800 8800       3       com.sun.tools.javac.code.Scope$ImportScope$1::<init> (28 bytes)
Event: 26.782 Thread 0x00007ffa9d863800 nmethod 8800 0x0000000111b31950 code [0x0000000111b31ac0, 0x0000000111b31d70]
Event: 26.782 Thread 0x00007ffa9d863800 8803       3       com.sun.tools.javac.code.Scope::includes (37 bytes)
Event: 26.782 Thread 0x00007ffa9d863800 nmethod 8803 0x0000000111b31e90 code [0x0000000111b32020, 0x0000000111b32408]
Event: 26.782 Thread 0x00007ffa9d863800 8780       1       com.sun.tools.javac.util.DiagnosticSource::getFile (5 bytes)
Event: 26.782 Thread 0x00007ffa9d863800 nmethod 8780 0x0000000111b32550 code [0x0000000111b326a0, 0x0000000111b327b0]
Event: 26.782 Thread 0x00007ffa9d863800 8802       1       com.sun.tools.javac.tree.JCTree$JCClassDecl::getImplementsClause (5 bytes)
Event: 26.782 Thread 0x00007ffa9d863800 nmethod 8802 0x0000000111b32810 code [0x0000000111b32960, 0x0000000111b32a70]

GC Heap History (10 events):
Event: 16.787 GC heap before
{Heap before GC invocations=12 (full 2):
 PSYoungGen      total 123904K, used 112640K [0x0000000795580000, 0x00000007a1300000, 0x00000007c0000000)
  eden space 112640K, 100% used [0x0000000795580000,0x000000079c380000,0x000000079c380000)
  from space 11264K, 0% used [0x000000079c380000,0x000000079c380000,0x000000079ce80000)
  to   space 12288K, 0% used [0x00000007a0700000,0x00000007a0700000,0x00000007a1300000)
 ParOldGen       total 80896K, used 19079K [0x0000000740000000, 0x0000000744f00000, 0x0000000795580000)
  object space 80896K, 23% used [0x0000000740000000,0x00000007412a1db8,0x0000000744f00000)
 Metaspace       used 42448K, capacity 43422K, committed 43608K, reserved 1087488K
  class space    used 5841K, capacity 6165K, committed 6232K, reserved 1048576K
Event: 16.806 GC heap after
Heap after GC invocations=12 (full 2):
 PSYoungGen      total 154112K, used 10406K [0x0000000795580000, 0x00000007a1180000, 0x00000007c0000000)
  eden space 143360K, 0% used [0x0000000795580000,0x0000000795580000,0x000000079e180000)
  from space 10752K, 96% used [0x00000007a0700000,0x00000007a1129970,0x00000007a1180000)
  to   space 12800K, 0% used [0x000000079f880000,0x000000079f880000,0x00000007a0500000)
 ParOldGen       total 80896K, used 19087K [0x0000000740000000, 0x0000000744f00000, 0x0000000795580000)
  object space 80896K, 23% used [0x0000000740000000,0x00000007412a3db8,0x0000000744f00000)
 Metaspace       used 42448K, capacity 43422K, committed 43608K, reserved 1087488K
  class space    used 5841K, capacity 6165K, committed 6232K, reserved 1048576K
}
Event: 18.588 GC heap before
{Heap before GC invocations=13 (full 2):
 PSYoungGen      total 154112K, used 153766K [0x0000000795580000, 0x00000007a1180000, 0x00000007c0000000)
  eden space 143360K, 100% used [0x0000000795580000,0x000000079e180000,0x000000079e180000)
  from space 10752K, 96% used [0x00000007a0700000,0x00000007a1129970,0x00000007a1180000)
  to   space 12800K, 0% used [0x000000079f880000,0x000000079f880000,0x00000007a0500000)
 ParOldGen       total 80896K, used 19087K [0x0000000740000000, 0x0000000744f00000, 0x0000000795580000)
  object space 80896K, 23% used [0x0000000740000000,0x00000007412a3db8,0x0000000744f00000)
 Metaspace       used 49891K, capacity 51240K, committed 51416K, reserved 1093632K
  class space    used 6910K, capacity 7294K, committed 7384K, reserved 1048576K
Event: 18.637 GC heap after
Heap after GC invocations=13 (full 2):
 PSYoungGen      total 179712K, used 12768K [0x0000000795580000, 0x00000007a2a80000, 0x00000007c0000000)
  eden space 166912K, 0% used [0x0000000795580000,0x0000000795580000,0x000000079f880000)
  from space 12800K, 99% used [0x000000079f880000,0x00000007a04f8230,0x00000007a0500000)
  to   space 16896K, 0% used [0x00000007a1a00000,0x00000007a1a00000,0x00000007a2a80000)
 ParOldGen       total 80896K, used 25320K [0x0000000740000000, 0x0000000744f00000, 0x0000000795580000)
  object space 80896K, 31% used [0x0000000740000000,0x00000007418ba038,0x0000000744f00000)
 Metaspace       used 49891K, capacity 51240K, committed 51416K, reserved 1093632K
  class space    used 6910K, capacity 7294K, committed 7384K, reserved 1048576K
}
Event: 20.861 GC heap before
{Heap before GC invocations=14 (full 2):
 PSYoungGen      total 179712K, used 179680K [0x0000000795580000, 0x00000007a2a80000, 0x00000007c0000000)
  eden space 166912K, 100% used [0x0000000795580000,0x000000079f880000,0x000000079f880000)
  from space 12800K, 99% used [0x000000079f880000,0x00000007a04f8230,0x00000007a0500000)
  to   space 16896K, 0% used [0x00000007a1a00000,0x00000007a1a00000,0x00000007a2a80000)
 ParOldGen       total 80896K, used 25320K [0x0000000740000000, 0x0000000744f00000, 0x0000000795580000)
  object space 80896K, 31% used [0x0000000740000000,0x00000007418ba038,0x0000000744f00000)
 Metaspace       used 52993K, capacity 54620K, committed 54872K, reserved 1095680K
  class space    used 7269K, capacity 7718K, committed 7768K, reserved 1048576K
Event: 20.937 GC heap after
Heap after GC invocations=14 (full 2):
 PSYoungGen      total 195072K, used 16893K [0x0000000795580000, 0x00000007a5700000, 0x00000007c0000000)
  eden space 178176K, 0% used [0x0000000795580000,0x0000000795580000,0x00000007a0380000)
  from space 16896K, 99% used [0x00000007a1a00000,0x00000007a2a7f770,0x00000007a2a80000)
  to   space 23040K, 0% used [0x00000007a0380000,0x00000007a0380000,0x00000007a1a00000)
 ParOldGen       total 80896K, used 36115K [0x0000000740000000, 0x0000000744f00000, 0x0000000795580000)
  object space 80896K, 44% used [0x0000000740000000,0x0000000742344c70,0x0000000744f00000)
 Metaspace       used 52993K, capacity 54620K, committed 54872K, reserved 1095680K
  class space    used 7269K, capacity 7718K, committed 7768K, reserved 1048576K
}
Event: 25.369 GC heap before
{Heap before GC invocations=15 (full 2):
 PSYoungGen      total 195072K, used 153997K [0x0000000795580000, 0x00000007a5700000, 0x00000007c0000000)
  eden space 178176K, 76% used [0x0000000795580000,0x000000079db63e60,0x00000007a0380000)
  from space 16896K, 99% used [0x00000007a1a00000,0x00000007a2a7f770,0x00000007a2a80000)
  to   space 23040K, 0% used [0x00000007a0380000,0x00000007a0380000,0x00000007a1a00000)
 ParOldGen       total 80896K, used 36115K [0x0000000740000000, 0x0000000744f00000, 0x0000000795580000)
  object space 80896K, 44% used [0x0000000740000000,0x0000000742344c70,0x0000000744f00000)
 Metaspace       used 57320K, capacity 58942K, committed 58968K, reserved 1099776K
  class space    used 7854K, capacity 8275K, committed 8280K, reserved 1048576K
Event: 25.476 GC heap after
Heap after GC invocations=15 (full 2):
 PSYoungGen      total 201216K, used 4055K [0x0000000795580000, 0x00000007a6500000, 0x00000007c0000000)
  eden space 178176K, 0% used [0x0000000795580000,0x0000000795580000,0x00000007a0380000)
  from space 23040K, 17% used [0x00000007a0380000,0x00000007a0775f98,0x00000007a1a00000)
  to   space 23040K, 0% used [0x00000007a4e80000,0x00000007a4e80000,0x00000007a6500000)
 ParOldGen       total 80896K, used 51971K [0x0000000740000000, 0x0000000744f00000, 0x0000000795580000)
  object space 80896K, 64% used [0x0000000740000000,0x00000007432c0e70,0x0000000744f00000)
 Metaspace       used 57320K, capacity 58942K, committed 58968K, reserved 1099776K
  class space    used 7854K, capacity 8275K, committed 8280K, reserved 1048576K
}
Event: 25.476 GC heap before
{Heap before GC invocations=16 (full 3):
 PSYoungGen      total 201216K, used 4055K [0x0000000795580000, 0x00000007a6500000, 0x00000007c0000000)
  eden space 178176K, 0% used [0x0000000795580000,0x0000000795580000,0x00000007a0380000)
  from space 23040K, 17% used [0x00000007a0380000,0x00000007a0775f98,0x00000007a1a00000)
  to   space 23040K, 0% used [0x00000007a4e80000,0x00000007a4e80000,0x00000007a6500000)
 ParOldGen       total 80896K, used 51971K [0x0000000740000000, 0x0000000744f00000, 0x0000000795580000)
  object space 80896K, 64% used [0x0000000740000000,0x00000007432c0e70,0x0000000744f00000)
 Metaspace       used 57320K, capacity 58942K, committed 58968K, reserved 1099776K
  class space    used 7854K, capacity 8275K, committed 8280K, reserved 1048576K
Event: 26.295 GC heap after
Heap after GC invocations=16 (full 3):
 PSYoungGen      total 201216K, used 0K [0x0000000795580000, 0x00000007a6500000, 0x00000007c0000000)
  eden space 178176K, 0% used [0x0000000795580000,0x0000000795580000,0x00000007a0380000)
  from space 23040K, 0% used [0x00000007a0380000,0x00000007a0380000,0x00000007a1a00000)
  to   space 23040K, 0% used [0x00000007a4e80000,0x00000007a4e80000,0x00000007a6500000)
 ParOldGen       total 135168K, used 42174K [0x0000000740000000, 0x0000000748400000, 0x0000000795580000)
  object space 135168K, 31% used [0x0000000740000000,0x000000074292f8d0,0x0000000748400000)
 Metaspace       used 57318K, capacity 58936K, committed 58968K, reserved 1099776K
  class space    used 7853K, capacity 8274K, committed 8280K, reserved 1048576K
}

Deoptimization events (10 events):
Event: 24.490 Thread 0x00007ffa9d800000 Uncommon trap: reason=class_check action=maybe_recompile pc=0x00000001117cc624 method=com.sun.org.apache.xerces.internal.dom.NodeImpl.getOwnerDocument()Lorg/w3c/dom/Document; @ 19
Event: 24.624 Thread 0x00007ffa9d800000 Uncommon trap: reason=predicate action=maybe_recompile pc=0x0000000111755534 method=java.util.TimSort.binarySort([Ljava/lang/Object;IIILjava/util/Comparator;)V @ 37
Event: 24.791 Thread 0x00007ffa9d800000 Uncommon trap: reason=unstable_if action=reinterpret pc=0x0000000111739420 method=com.google.common.collect.MapMakerInternalMap$Segment.getEntry(Ljava/lang/Object;I)Lcom/google/common/collect/MapMakerInternalMap$ReferenceEntry; @ 40
Event: 25.028 Thread 0x00007ffa9d800000 Uncommon trap: reason=bimorphic action=maybe_recompile pc=0x000000011094b554 method=java.util.regex.Matcher.search(I)Z @ 86
Event: 25.034 Thread 0x00007ffa9d800000 Uncommon trap: reason=bimorphic action=maybe_recompile pc=0x000000011094b554 method=java.util.regex.Matcher.search(I)Z @ 86
Event: 25.035 Thread 0x00007ffa9d800000 Uncommon trap: reason=bimorphic action=maybe_recompile pc=0x000000011094b554 method=java.util.regex.Matcher.search(I)Z @ 86
Event: 25.035 Thread 0x00007ffa9d800000 Uncommon trap: reason=bimorphic action=maybe_recompile pc=0x000000011094b554 method=java.util.regex.Matcher.search(I)Z @ 86
Event: 26.344 Thread 0x00007ffa9d800000 Uncommon trap: reason=unstable_if action=reinterpret pc=0x0000000111888cdc method=java.lang.StringCoding$StringDecoder.decode([BII)[C @ 20
Event: 26.460 Thread 0x00007ffa9d800000 Uncommon trap: reason=unstable_if action=reinterpret pc=0x00000001119dab58 method=com.sun.tools.javac.parser.UnicodeReader.scanChar()V @ 37
Event: 26.508 Thread 0x00007ffa9d800000 Uncommon trap: reason=unstable_if action=reinterpret pc=0x0000000111a7a040 method=com.sun.tools.javac.util.Name$Table.equals([BI[BII)Z @ 22

Classes redefined (0 events):
No events

Internal exceptions (10 events):
Event: 19.023 Thread 0x00007ffa9d800000 Exception <a 'java/lang/ClassNotFoundException': react_800fqhh3baidhq44oxee6vlnk$_run_closure1$_closure4$_closure5BeanInfo> (0x0000000797ef69f0) thrown at [/Users/java_re/workspace/8-2-build-macosx-x86_64/jdk8u162/10278/hotspot/src/share/vm/classfile/syst
Event: 19.023 Thread 0x00007ffa9d800000 Exception <a 'java/lang/ClassNotFoundException': react_800fqhh3baidhq44oxee6vlnk$_run_closure1$_closure4$_closure5Customizer> (0x0000000797f05a00) thrown at [/Users/java_re/workspace/8-2-build-macosx-x86_64/jdk8u162/10278/hotspot/src/share/vm/classfile/sy
Event: 19.026 Thread 0x00007ffa9d800000 Exception <a 'java/lang/ClassNotFoundException': org/gradle/api/internal/tasks/DefaultTaskInputsBeanInfo> (0x0000000797f4b5e0) thrown at [/Users/java_re/workspace/8-2-build-macosx-x86_64/jdk8u162/10278/hotspot/src/share/vm/classfile/systemDictionary.cpp, 
Event: 19.026 Thread 0x00007ffa9d800000 Exception <a 'java/lang/ClassNotFoundException': org/gradle/api/internal/tasks/DefaultTaskInputsCustomizer> (0x0000000797f5c648) thrown at [/Users/java_re/workspace/8-2-build-macosx-x86_64/jdk8u162/10278/hotspot/src/share/vm/classfile/systemDictionary.cpp
Event: 19.029 Thread 0x00007ffa9d800000 Exception <a 'java/lang/ClassNotFoundException': org/gradle/api/internal/tasks/DefaultTaskOutputsBeanInfo> (0x0000000797f9dfe8) thrown at [/Users/java_re/workspace/8-2-build-macosx-x86_64/jdk8u162/10278/hotspot/src/share/vm/classfile/systemDictionary.cpp,
Event: 19.029 Thread 0x00007ffa9d800000 Exception <a 'java/lang/ClassNotFoundException': org/gradle/api/internal/tasks/DefaultTaskOutputsCustomizer> (0x0000000797faf058) thrown at [/Users/java_re/workspace/8-2-build-macosx-x86_64/jdk8u162/10278/hotspot/src/share/vm/classfile/systemDictionary.cp
Event: 19.035 Thread 0x00007ffa9d800000 Exception <a 'java/lang/ClassNotFoundException': org/apache/tools/ant/taskdefs/condition/OsBeanInfo> (0x0000000797febad0) thrown at [/Users/java_re/workspace/8-2-build-macosx-x86_64/jdk8u162/10278/hotspot/src/share/vm/classfile/systemDictionary.cpp, line 
Event: 19.035 Thread 0x00007ffa9d800000 Exception <a 'java/lang/ClassNotFoundException': org/apache/tools/ant/taskdefs/condition/OsCustomizer> (0x0000000797ff6598) thrown at [/Users/java_re/workspace/8-2-build-macosx-x86_64/jdk8u162/10278/hotspot/src/share/vm/classfile/systemDictionary.cpp, lin
Event: 19.463 Thread 0x00007ffa9d800000 Implicit null exception at 0x0000000110debddd to 0x0000000110dec09d
Event: 21.252 Thread 0x00007ffa9d800000 Implicit null exception at 0x00000001119182f7 to 0x0000000111918659

Events (10 events):
Event: 26.730 loading class com/sun/tools/javac/comp/MemberEnter$5
Event: 26.730 loading class com/sun/tools/javac/comp/MemberEnter$5 done
Event: 26.731 loading class com/sun/tools/javac/comp/MemberEnter$6
Event: 26.731 loading class com/sun/tools/javac/comp/MemberEnter$6 done
Event: 26.738 loading class com/sun/tools/javac/util/JCDiagnostic$DiagnosticType
Event: 26.738 loading class com/sun/tools/javac/util/JCDiagnostic$DiagnosticType done
Event: 26.745 Thread 0x00007ffa9d800000 DEOPT PACKING pc=0x0000000111ace0a5 sp=0x0000700002a35080
Event: 26.745 Thread 0x00007ffa9d800000 DEOPT UNPACKING pc=0x0000000110597784 sp=0x0000700002a34ee8 mode 0
Event: 26.750 loading class com/sun/tools/javac/code/Symbol$VarSymbol$2
Event: 26.750 loading class com/sun/tools/javac/code/Symbol$VarSymbol$2 done


Dynamic libraries:
0x000000002dc33000 	/System/Library/Frameworks/Cocoa.framework/Versions/A/Cocoa
0x000000002dc33000 	/System/Library/Frameworks/Security.framework/Versions/A/Security
0x000000002dc33000 	/System/Library/Frameworks/ApplicationServices.framework/Versions/A/ApplicationServices
0x000000002dc33000 	/usr/lib/libz.1.dylib
0x000000002dc33000 	/usr/lib/libSystem.B.dylib
0x000000002dc33000 	/usr/lib/libobjc.A.dylib
0x000000002dc33000 	/System/Library/Frameworks/CoreFoundation.framework/Versions/A/CoreFoundation
0x000000002dc33000 	/System/Library/Frameworks/Foundation.framework/Versions/C/Foundation
0x000000002dc33000 	/System/Library/Frameworks/AppKit.framework/Versions/C/AppKit
0x000000002dc33000 	/System/Library/Frameworks/CoreData.framework/Versions/A/CoreData
0x000000002dc33000 	/System/Library/PrivateFrameworks/RemoteViewServices.framework/Versions/A/RemoteViewServices
0x000000002dc33000 	/System/Library/PrivateFrameworks/UIFoundation.framework/Versions/A/UIFoundation
0x000000002dc33000 	/System/Library/PrivateFrameworks/DFRFoundation.framework/Versions/A/DFRFoundation
0x000000002dc33000 	/usr/lib/libenergytrace.dylib
0x000000002dc33000 	/System/Library/PrivateFrameworks/SkyLight.framework/Versions/A/SkyLight
0x000000002dc33000 	/System/Library/Frameworks/CoreGraphics.framework/Versions/A/CoreGraphics
0x000000002dc33000 	/usr/lib/libScreenReader.dylib
0x000000002dc33000 	/System/Library/Frameworks/Accelerate.framework/Versions/A/Accelerate
0x000000002dc33000 	/System/Library/Frameworks/IOSurface.framework/Versions/A/IOSurface
0x000000002dc33000 	/System/Library/Frameworks/AudioToolbox.framework/Versions/A/AudioToolbox
0x000000002dc33000 	/System/Library/Frameworks/AudioUnit.framework/Versions/A/AudioUnit
0x000000002dc33000 	/System/Library/PrivateFrameworks/DataDetectorsCore.framework/Versions/A/DataDetectorsCore
0x000000002dc33000 	/System/Library/PrivateFrameworks/DesktopServicesPriv.framework/Versions/A/DesktopServicesPriv
0x000000002dc33000 	/System/Library/Frameworks/Carbon.framework/Versions/A/Frameworks/HIToolbox.framework/Versions/A/HIToolbox
0x000000002dc33000 	/usr/lib/libicucore.A.dylib
0x000000002dc33000 	/System/Library/Frameworks/QuartzCore.framework/Versions/A/QuartzCore
0x000000002dc33000 	/System/Library/Frameworks/Carbon.framework/Versions/A/Frameworks/SpeechRecognition.framework/Versions/A/SpeechRecognition
0x000000002dc33000 	/usr/lib/libauto.dylib
0x000000002dc33000 	/usr/lib/libxml2.2.dylib
0x000000002dc33000 	/System/Library/PrivateFrameworks/CoreUI.framework/Versions/A/CoreUI
0x000000002dc33000 	/System/Library/Frameworks/CoreAudio.framework/Versions/A/CoreAudio
0x000000002dc33000 	/System/Library/Frameworks/DiskArbitration.framework/Versions/A/DiskArbitration
0x000000002dc33000 	/usr/lib/liblangid.dylib
0x000000002dc33000 	/System/Library/PrivateFrameworks/MultitouchSupport.framework/Versions/A/MultitouchSupport
0x000000002dc33000 	/System/Library/Frameworks/IOKit.framework/Versions/A/IOKit
0x000000002dc33000 	/usr/lib/libDiagnosticMessagesClient.dylib
0x000000002dc33000 	/System/Library/Frameworks/CoreServices.framework/Versions/A/CoreServices
0x000000002dc33000 	/System/Library/PrivateFrameworks/PerformanceAnalysis.framework/Versions/A/PerformanceAnalysis
0x000000002dc33000 	/System/Library/PrivateFrameworks/GenerationalStorage.framework/Versions/A/GenerationalStorage
0x000000002dc33000 	/System/Library/Frameworks/OpenGL.framework/Versions/A/OpenGL
0x000000002dc33000 	/System/Library/Frameworks/CoreImage.framework/Versions/A/CoreImage
0x000000002dc33000 	/System/Library/Frameworks/CoreText.framework/Versions/A/CoreText
0x000000002dc33000 	/System/Library/Frameworks/ImageIO.framework/Versions/A/ImageIO
0x000000002dc33000 	/System/Library/PrivateFrameworks/Backup.framework/Versions/A/Backup
0x000000002dc33000 	/usr/lib/libarchive.2.dylib
0x000000002dc33000 	/System/Library/Frameworks/CFNetwork.framework/Versions/A/CFNetwork
0x000000002dc33000 	/System/Library/Frameworks/SystemConfiguration.framework/Versions/A/SystemConfiguration
0x000000002dc33000 	/usr/lib/libCRFSuite.dylib
0x000000002dc33000 	/usr/lib/libc++.1.dylib
0x000000002dc33000 	/usr/lib/libc++abi.dylib
0x000000002dc33000 	/usr/lib/system/libcache.dylib
0x000000002dc33000 	/usr/lib/system/libcommonCrypto.dylib
0x000000002dc33000 	/usr/lib/system/libcompiler_rt.dylib
0x000000002dc33000 	/usr/lib/system/libcopyfile.dylib
0x000000002dc33000 	/usr/lib/system/libcorecrypto.dylib
0x000000002dc33000 	/usr/lib/system/libdispatch.dylib
0x000000002dc33000 	/usr/lib/system/libdyld.dylib
0x000000002dc33000 	/usr/lib/system/libkeymgr.dylib
0x000000002dc33000 	/usr/lib/system/liblaunch.dylib
0x000000002dc33000 	/usr/lib/system/libmacho.dylib
0x000000002dc33000 	/usr/lib/system/libquarantine.dylib
0x000000002dc33000 	/usr/lib/system/libremovefile.dylib
0x000000002dc33000 	/usr/lib/system/libsystem_asl.dylib
0x000000002dc33000 	/usr/lib/system/libsystem_blocks.dylib
0x000000002dc33000 	/usr/lib/system/libsystem_c.dylib
0x000000002dc33000 	/usr/lib/system/libsystem_configuration.dylib
0x000000002dc33000 	/usr/lib/system/libsystem_coreservices.dylib
0x000000002dc33000 	/usr/lib/system/libsystem_coretls.dylib
0x000000002dc33000 	/usr/lib/system/libsystem_dnssd.dylib
0x000000002dc33000 	/usr/lib/system/libsystem_info.dylib
0x000000002dc33000 	/usr/lib/system/libsystem_kernel.dylib
0x000000002dc33000 	/usr/lib/system/libsystem_m.dylib
0x000000002dc33000 	/usr/lib/system/libsystem_malloc.dylib
0x000000002dc33000 	/usr/lib/system/libsystem_network.dylib
0x000000002dc33000 	/usr/lib/system/libsystem_networkextension.dylib
0x000000002dc33000 	/usr/lib/system/libsystem_notify.dylib
0x000000002dc33000 	/usr/lib/system/libsystem_platform.dylib
0x000000002dc33000 	/usr/lib/system/libsystem_pthread.dylib
0x000000002dc33000 	/usr/lib/system/libsystem_sandbox.dylib
0x000000002dc33000 	/usr/lib/system/libsystem_secinit.dylib
0x000000002dc33000 	/usr/lib/system/libsystem_symptoms.dylib
0x000000002dc33000 	/usr/lib/system/libsystem_trace.dylib
0x000000002dc33000 	/usr/lib/system/libunwind.dylib
0x000000002dc33000 	/usr/lib/system/libxpc.dylib
0x000000002dc33000 	/usr/lib/libbsm.0.dylib
0x000000002dc33000 	/usr/lib/system/libkxld.dylib
0x000000002dc33000 	/usr/lib/libcoretls.dylib
0x000000002dc33000 	/usr/lib/libcoretls_cfhelpers.dylib
0x000000002dc33000 	/usr/lib/libOpenScriptingUtil.dylib
0x000000002dc33000 	/usr/lib/libpam.2.dylib
0x000000002dc33000 	/usr/lib/libsqlite3.dylib
0x000000002dc33000 	/usr/lib/libxar.1.dylib
0x000000002dc33000 	/usr/lib/libbz2.1.0.dylib
0x000000002dc33000 	/usr/lib/liblzma.5.dylib
0x000000002dc33000 	/usr/lib/libnetwork.dylib
0x000000002dc33000 	/usr/lib/libpcap.A.dylib
0x000000002dc33000 	/System/Library/Frameworks/CoreServices.framework/Versions/A/Frameworks/FSEvents.framework/Versions/A/FSEvents
0x000000002dc33000 	/System/Library/Frameworks/CoreServices.framework/Versions/A/Frameworks/CarbonCore.framework/Versions/A/CarbonCore
0x000000002dc33000 	/System/Library/Frameworks/CoreServices.framework/Versions/A/Frameworks/Metadata.framework/Versions/A/Metadata
0x000000002dc33000 	/System/Library/Frameworks/CoreServices.framework/Versions/A/Frameworks/OSServices.framework/Versions/A/OSServices
0x000000002dc33000 	/System/Library/Frameworks/CoreServices.framework/Versions/A/Frameworks/SearchKit.framework/Versions/A/SearchKit
0x000000002dc33000 	/System/Library/Frameworks/CoreServices.framework/Versions/A/Frameworks/AE.framework/Versions/A/AE
0x000000002dc33000 	/System/Library/Frameworks/CoreServices.framework/Versions/A/Frameworks/LaunchServices.framework/Versions/A/LaunchServices
0x000000002dc33000 	/System/Library/Frameworks/CoreServices.framework/Versions/A/Frameworks/DictionaryServices.framework/Versions/A/DictionaryServices
0x000000002dc33000 	/System/Library/Frameworks/CoreServices.framework/Versions/A/Frameworks/SharedFileList.framework/Versions/A/SharedFileList
0x000000002dc33000 	/System/Library/Frameworks/NetFS.framework/Versions/A/NetFS
0x000000002dc33000 	/System/Library/PrivateFrameworks/NetAuth.framework/Versions/A/NetAuth
0x000000002dc33000 	/System/Library/PrivateFrameworks/login.framework/Versions/A/Frameworks/loginsupport.framework/Versions/A/loginsupport
0x000000002dc33000 	/System/Library/PrivateFrameworks/TCC.framework/Versions/A/TCC
0x000000002dc33000 	/usr/lib/libmecabra.dylib
0x000000002dc33000 	/System/Library/Frameworks/ApplicationServices.framework/Versions/A/Frameworks/ATS.framework/Versions/A/ATS
0x000000002dc33000 	/System/Library/Frameworks/ApplicationServices.framework/Versions/A/Frameworks/ColorSync.framework/Versions/A/ColorSync
0x000000002dc33000 	/System/Library/Frameworks/ApplicationServices.framework/Versions/A/Frameworks/HIServices.framework/Versions/A/HIServices
0x000000002dc33000 	/System/Library/Frameworks/ApplicationServices.framework/Versions/A/Frameworks/LangAnalysis.framework/Versions/A/LangAnalysis
0x000000002dc33000 	/System/Library/Frameworks/ApplicationServices.framework/Versions/A/Frameworks/PrintCore.framework/Versions/A/PrintCore
0x000000002dc33000 	/System/Library/Frameworks/ApplicationServices.framework/Versions/A/Frameworks/QD.framework/Versions/A/QD
0x000000002dc33000 	/System/Library/Frameworks/ApplicationServices.framework/Versions/A/Frameworks/SpeechSynthesis.framework/Versions/A/SpeechSynthesis
0x000000002dc33000 	/System/Library/Frameworks/Accelerate.framework/Versions/A/Frameworks/vImage.framework/Versions/A/vImage
0x000000002dc33000 	/System/Library/Frameworks/Accelerate.framework/Versions/A/Frameworks/vecLib.framework/Versions/A/vecLib
0x000000002dc33000 	/System/Library/Frameworks/Accelerate.framework/Versions/A/Frameworks/vecLib.framework/Versions/A/libvDSP.dylib
0x000000002dc33000 	/System/Library/Frameworks/Accelerate.framework/Versions/A/Frameworks/vecLib.framework/Versions/A/libBNNS.dylib
0x000000002dc33000 	/System/Library/Frameworks/Accelerate.framework/Versions/A/Frameworks/vecLib.framework/Versions/A/libQuadrature.dylib
0x000000002dc33000 	/System/Library/Frameworks/Accelerate.framework/Versions/A/Frameworks/vecLib.framework/Versions/A/libvMisc.dylib
0x000000002dc33000 	/System/Library/Frameworks/Accelerate.framework/Versions/A/Frameworks/vecLib.framework/Versions/A/libLAPACK.dylib
0x000000002dc33000 	/System/Library/Frameworks/Accelerate.framework/Versions/A/Frameworks/vecLib.framework/Versions/A/libBLAS.dylib
0x000000002dc33000 	/System/Library/Frameworks/Accelerate.framework/Versions/A/Frameworks/vecLib.framework/Versions/A/libLinearAlgebra.dylib
0x000000002dc33000 	/System/Library/Frameworks/Accelerate.framework/Versions/A/Frameworks/vecLib.framework/Versions/A/libSparseBLAS.dylib
0x000000002dc33000 	/System/Library/Frameworks/ApplicationServices.framework/Versions/A/Frameworks/ATS.framework/Versions/A/Resources/libFontParser.dylib
0x000000002dc33000 	/System/Library/Frameworks/ApplicationServices.framework/Versions/A/Frameworks/ATS.framework/Versions/A/Resources/libFontRegistry.dylib
0x000000002dc33000 	/System/Library/Frameworks/ImageIO.framework/Versions/A/Resources/libJPEG.dylib
0x000000002dc33000 	/System/Library/Frameworks/ImageIO.framework/Versions/A/Resources/libTIFF.dylib
0x000000002dc33000 	/System/Library/Frameworks/ImageIO.framework/Versions/A/Resources/libPng.dylib
0x000000002dc33000 	/System/Library/Frameworks/ImageIO.framework/Versions/A/Resources/libGIF.dylib
0x000000002dc33000 	/System/Library/Frameworks/ImageIO.framework/Versions/A/Resources/libJP2.dylib
0x000000002dc33000 	/System/Library/Frameworks/ImageIO.framework/Versions/A/Resources/libRadiance.dylib
0x000000002dc33000 	/usr/lib/libcompression.dylib
0x000000002dc33000 	/System/Library/PrivateFrameworks/AppleJPEG.framework/Versions/A/AppleJPEG
0x000000002dc33000 	/usr/lib/libcups.2.dylib
0x000000002dc33000 	/System/Library/Frameworks/Kerberos.framework/Versions/A/Kerberos
0x000000002dc33000 	/System/Library/Frameworks/GSS.framework/Versions/A/GSS
0x000000002dc33000 	/usr/lib/libresolv.9.dylib
0x000000002dc33000 	/usr/lib/libiconv.2.dylib
0x000000002dc33000 	/System/Library/PrivateFrameworks/Heimdal.framework/Versions/A/Heimdal
0x000000002dc33000 	/usr/lib/libheimdal-asn1.dylib
0x000000002dc33000 	/System/Library/Frameworks/OpenDirectory.framework/Versions/A/OpenDirectory
0x000000002dc33000 	/System/Library/PrivateFrameworks/CommonAuth.framework/Versions/A/CommonAuth
0x000000002dc33000 	/System/Library/Frameworks/OpenDirectory.framework/Versions/A/Frameworks/CFOpenDirectory.framework/Versions/A/CFOpenDirectory
0x000000002dc33000 	/System/Library/Frameworks/SecurityFoundation.framework/Versions/A/SecurityFoundation
0x000000002dc33000 	/System/Library/PrivateFrameworks/LanguageModeling.framework/Versions/A/LanguageModeling
0x000000002dc33000 	/usr/lib/libmarisa.dylib
0x000000002dc33000 	/usr/lib/libChineseTokenizer.dylib
0x000000002dc33000 	/usr/lib/libcmph.dylib
0x000000002dc33000 	/System/Library/PrivateFrameworks/CoreEmoji.framework/Versions/A/CoreEmoji
0x000000002dc33000 	/System/Library/Frameworks/ServiceManagement.framework/Versions/A/ServiceManagement
0x000000002dc33000 	/usr/lib/libxslt.1.dylib
0x000000002dc33000 	/System/Library/Frameworks/Carbon.framework/Versions/A/Frameworks/Ink.framework/Versions/A/Ink
0x000000002dc33000 	/System/Library/PrivateFrameworks/TextureIO.framework/Versions/A/TextureIO
0x000000002dc33000 	/System/Library/Frameworks/Metal.framework/Versions/A/Metal
0x000000002dc33000 	/usr/lib/libate.dylib
0x000000002dc33000 	/System/Library/PrivateFrameworks/GPUCompiler.framework/libmetal_timestamp.dylib
0x000000002dc33000 	/System/Library/Frameworks/OpenGL.framework/Versions/A/Libraries/libCoreFSCache.dylib
0x000000002dc33000 	/System/Library/PrivateFrameworks/IOAccelerator.framework/Versions/A/IOAccelerator
0x000000002dc33000 	/System/Library/Frameworks/CoreVideo.framework/Versions/A/CoreVideo
0x000000002dc33000 	/usr/lib/libFosl_dynamic.dylib
0x000000002dc33000 	/System/Library/PrivateFrameworks/MetalPerformanceShaders.framework/Versions/A/MetalPerformanceShaders
0x000000002dc33000 	/System/Library/PrivateFrameworks/FaceCore.framework/Versions/A/FaceCore
0x000000002dc33000 	/System/Library/Frameworks/OpenCL.framework/Versions/A/OpenCL
0x000000002dc33000 	/System/Library/Frameworks/OpenGL.framework/Versions/A/Libraries/libGLU.dylib
0x000000002dc33000 	/System/Library/Frameworks/OpenGL.framework/Versions/A/Libraries/libGFXShared.dylib
0x000000002dc33000 	/System/Library/Frameworks/OpenGL.framework/Versions/A/Libraries/libGL.dylib
0x000000002dc33000 	/System/Library/Frameworks/OpenGL.framework/Versions/A/Libraries/libGLImage.dylib
0x000000002dc33000 	/System/Library/Frameworks/OpenGL.framework/Versions/A/Libraries/libCVMSPluginSupport.dylib
0x000000002dc33000 	/System/Library/Frameworks/OpenGL.framework/Versions/A/Libraries/libCoreVMClient.dylib
0x000000002dc33000 	/System/Library/PrivateFrameworks/CrashReporterSupport.framework/Versions/A/CrashReporterSupport
0x000000002dc33000 	/System/Library/PrivateFrameworks/Sharing.framework/Versions/A/Sharing
0x000000002dc33000 	/System/Library/PrivateFrameworks/IconServices.framework/Versions/A/IconServices
0x000000002dc33000 	/System/Library/PrivateFrameworks/ProtocolBuffer.framework/Versions/A/ProtocolBuffer
0x000000002dc33000 	/System/Library/PrivateFrameworks/Apple80211.framework/Versions/A/Apple80211
0x000000002dc33000 	/System/Library/Frameworks/CoreWLAN.framework/Versions/A/CoreWLAN
0x000000002dc33000 	/System/Library/PrivateFrameworks/CoreUtils.framework/Versions/A/CoreUtils
0x000000002dc33000 	/System/Library/Frameworks/IOBluetooth.framework/Versions/A/IOBluetooth
0x000000002dc33000 	/System/Library/PrivateFrameworks/CoreWiFi.framework/Versions/A/CoreWiFi
0x000000002dc33000 	/System/Library/Frameworks/CoreBluetooth.framework/Versions/A/CoreBluetooth
0x000000002dc33000 	/System/Library/Frameworks/CoreDisplay.framework/Versions/A/CoreDisplay
0x000000002dc33000 	/System/Library/PrivateFrameworks/IOPresentment.framework/Versions/A/IOPresentment
0x000000002dc33000 	/System/Library/PrivateFrameworks/DSExternalDisplay.framework/Versions/A/DSExternalDisplay
0x000000002dc33000 	/System/Library/PrivateFrameworks/DebugSymbols.framework/Versions/A/DebugSymbols
0x000000002dc33000 	/System/Library/PrivateFrameworks/CoreSymbolication.framework/Versions/A/CoreSymbolication
0x000000002dc33000 	/System/Library/PrivateFrameworks/Symbolication.framework/Versions/A/Symbolication
0x000000002dc33000 	/System/Library/PrivateFrameworks/AppleFSCompression.framework/Versions/A/AppleFSCompression
0x000000002dc33000 	/System/Library/PrivateFrameworks/SpeechRecognitionCore.framework/Versions/A/SpeechRecognitionCore
0x000000002dc33000 	/System/Library/PrivateFrameworks/ChunkingLibrary.framework/Versions/A/ChunkingLibrary
0x0000000107200000 	/Library/Java/JavaVirtualMachines/jdk1.8.0_162.jdk/Contents/Home/jre/lib/server/libjvm.dylib
0x000000002dc33000 	/usr/lib/libstdc++.6.dylib
0x00000001069ab000 	/Library/Java/JavaVirtualMachines/jdk1.8.0_162.jdk/Contents/Home/jre/lib/libverify.dylib
0x00000001069b9000 	/Library/Java/JavaVirtualMachines/jdk1.8.0_162.jdk/Contents/Home/jre/lib/libjava.dylib
0x00000001081ae000 	/Library/Java/JavaVirtualMachines/jdk1.8.0_162.jdk/Contents/Home/jre/lib/libzip.dylib
0x000000011f550000 	/Library/Java/JavaVirtualMachines/jdk1.8.0_162.jdk/Contents/Home/jre/lib/libnet.dylib
0x00000001104b4000 	/Library/Java/JavaVirtualMachines/jdk1.8.0_162.jdk/Contents/Home/jre/lib/libnio.dylib
0x000000011fa11000 	/Users/foxhole/.gradle/native/19/osx-amd64/libnative-platform.dylib
0x000000011fa16000 	/Users/foxhole/.gradle/native/19/osx-amd64/libnative-platform-curses.dylib
0x000000002dc33000 	/usr/lib/libncurses.5.4.dylib
0x000000011fa1a000 	/private/var/folders/8z/5nhb0vkx37b1zn0gk0cm4c500000gn/T/jna1056749651835890218.tmp
0x000000011fa2f000 	/System/Library/Frameworks/JavaVM.framework/Versions/A/JavaVM
0x000000011fa3c000 	/System/Library/PrivateFrameworks/JavaLaunching.framework/Versions/A/JavaLaunching
0x000000011fa48000 	/Library/Java/JavaVirtualMachines/jdk1.8.0_162.jdk/Contents/Home/jre/lib/libmanagement.dylib
0x00000001208a7000 	/Library/Java/JavaVirtualMachines/jdk1.8.0_162.jdk/Contents/Home/jre/lib/libsunec.dylib

VM Arguments:
jvm_args: -Dorg.gradle.appname=gradlew 
java_command: org.gradle.wrapper.GradleWrapperMain installDebug
java_class_path (initial): /Users/foxhole/Sandbox/brainbox/BrainboxApplication/android/gradle/wrapper/gradle-wrapper.jar
Launcher Type: SUN_STANDARD

Environment Variables:
JAVA_HOME=/Library/Java/JavaVirtualMachines/jdk1.8.0_162.jdk/Contents/Home
PATH=/Users/foxhole/Sandbox/brainbox/BrainboxApplication/node_modules/.bin:/usr/local/lib/node_modules/npm/node_modules/npm-lifecycle/node-gyp-bin:/Users/foxhole/Sandbox/brainbox/BrainboxApplication/node_modules/.bin:/Users/foxhole/bin:/usr/local/bin:/usr/local/bin:/usr/bin:/bin:/usr/sbin:/sbin:/Users/foxhole/Library/Android/sdk/tools:/Users/foxhole/Library/Android/sdk/platform-tools
SHELL=/bin/bash

Signal Handlers:
SIGSEGV: [libjvm.dylib+0x5b52b5], sa_mask[0]=11111111011111110111111111111111, sa_flags=SA_ONSTACK|SA_RESTART|SA_SIGINFO
SIGBUS: [libjvm.dylib+0x5b52b5], sa_mask[0]=11111111011111110111111111111111, sa_flags=SA_RESTART|SA_SIGINFO
SIGFPE: [libjvm.dylib+0x48ac5c], sa_mask[0]=11111111011111110111111111111111, sa_flags=SA_RESTART|SA_SIGINFO
SIGPIPE: [libjvm.dylib+0x48ac5c], sa_mask[0]=11111111011111110111111111111111, sa_flags=SA_RESTART|SA_SIGINFO
SIGXFSZ: [libjvm.dylib+0x48ac5c], sa_mask[0]=11111111011111110111111111111111, sa_flags=SA_RESTART|SA_SIGINFO
SIGILL: [libjvm.dylib+0x48ac5c], sa_mask[0]=11111111011111110111111111111111, sa_flags=SA_RESTART|SA_SIGINFO
SIGUSR1: SIG_DFL, sa_mask[0]=00000000000000000000000000000000, sa_flags=SA_RESTART
SIGUSR2: [libjvm.dylib+0x48a77a], sa_mask[0]=00000000000000000000000000000000, sa_flags=SA_RESTART|SA_SIGINFO
SIGHUP: [libjvm.dylib+0x488d45], sa_mask[0]=11111111011111110111111111111111, sa_flags=SA_RESTART|SA_SIGINFO
SIGINT: [libjvm.dylib+0x488d45], sa_mask[0]=11111111011111110111111111111111, sa_flags=SA_RESTART|SA_SIGINFO
SIGTERM: [libjvm.dylib+0x488d45], sa_mask[0]=11111111011111110111111111111111, sa_flags=SA_RESTART|SA_SIGINFO
SIGQUIT: [libjvm.dylib+0x488d45], sa_mask[0]=11111111011111110111111111111111, sa_flags=SA_RESTART|SA_SIGINFO


---------------  S Y S T E M  ---------------

OS:Bsduname:Darwin 16.7.0 Darwin Kernel Version 16.7.0: Thu Jan 11 22:59:40 PST 2018; root:xnu-3789.73.8~1/RELEASE_X86_64 x86_64
rlimit: STACK 8192k, CORE 0k, NPROC 709, NOFILE 10240, AS infinity
load average:2.78 2.26 2.20

CPU:total 4 (initial active 4) (2 cores per cpu, 2 threads per core) family 6 model 61 stepping 4, cmov, cx8, fxsr, mmx, sse, sse2, sse3, ssse3, sse4.1, sse4.2, popcnt, avx, avx2, aes, clmul, erms, 3dnowpref, lzcnt, ht, tsc, tscinvbit, bmi1, bmi2, adx

Memory: 4k page, physical 8388608k(148532k free)

/proc/meminfo:


vm_info: Java HotSpot(TM) 64-Bit Server VM (25.162-b12) for bsd-amd64 JRE (1.8.0_162-b12), built on Dec 19 2017 17:33:35 by "java_re" with gcc 4.2.1 (Based on Apple Inc. build 5658) (LLVM build 2336.11.00)

time: Tue May  1 22:39:47 2018
elapsed time: 26 seconds (0d 0h 0m 26s)

