#
# A fatal error has been detected by the Java Runtime Environment:
#
#  SIGSEGV (0xb) at pc=0x000000011008a7a8, pid=58048, tid=0x0000000000000307
#
# JRE version: Java(TM) SE Runtime Environment (8.0_162-b12) (build 1.8.0_162-b12)
# Java VM: Java HotSpot(TM) 64-Bit Server VM (25.162-b12 mixed mode bsd-amd64 compressed oops)
# Problematic frame:
# V  [libjvm.dylib+0x48a7a8]
#
# Failed to write core dump. Core dumps have been disabled. To enable core dumping, try "ulimit -c unlimited" before starting Java again
#
# If you would like to submit a bug report, please visit:
#   http://bugreport.java.com/bugreport/crash.jsp
#

---------------  T H R E A D  ---------------

Current thread is native thread

siginfo: si_signo: 11 (SIGSEGV), si_code: 1 (SEGV_MAPERR), si_addr: 0x0000000000000128

Registers:
RAX=0x0000000000000000, RBX=0x00007fff50a6c2f0, RCX=0x00007fffef10a408, RDX=0x00007fff50a6c2f0
RSP=0x00007fff50a6be20, RBP=0x00007fff50a6be50, RSI=0x00007fff50a6c288, RDI=0x0000000000000103
R8 =0x00007fff50a6c2f0, R9 =0x00000000ffffffff, R10=0x0000000000000c00, R11=0x0000000000000206
R12=0x0000000000000c00, R13=0x0000000000000000, R14=0x00007fff50a6c288, R15=0x0000000000000002
RIP=0x000000011008a7a8, EFLAGS=0x0000000000010202, ERR=0x0000000000000004
  TRAPNO=0x000000000000000e

Top of Stack: (sp=0x00007fff50a6be20)
0x00007fff50a6be20:   0000000000000000 00007fff50a6c2f0
0x00007fff50a6be30:   0000000000000c00 0000000000000000
0x00007fff50a6be40:   00007fff50a6c520 0000000000000d03
0x00007fff50a6be50:   00007fff50a6be60 00007fffe63fdb3a
0x00007fff50a6be60:   00007fff50a6c3f0 0000000000019e00
0x00007fff50a6be70:   00019f00eba92978 00007fffeefa02d0
0x00007fff50a6be80:   0100001f00000085 00007fffef0dcb18
0x00007fff50a6be90:   0000000010004005 00000000ffffffff
0x00007fff50a6bea0:   00007fff50a6c3a8 0000000000000000
0x00007fff50a6beb0:   00007fff50a6c520 0000000007000806
0x00007fff50a6bec0:   00007fff50a6c3f0 00007fff50a6c3a8
0x00007fff50a6bed0:   0000000000000d03 00000000ffffffff
0x00007fff50a6bee0:   0000000000000c00 0000000000000206
0x00007fff50a6bef0:   0000000000000c00 0000000000000000
0x00007fff50a6bf00:   00007fff50a6c520 0000000000000d03
0x00007fff50a6bf10:   00007fffe631534a 0000000000000206
0x00007fff50a6bf20:   0000000000000007 0000000000000000
0x00007fff50a6bf30:   0000000000000000 0000000000000000
0x00007fff50a6bf40:   000000000000037f 0000000000000000
0x00007fff50a6bf50:   0000000000000000 0000ffff00001fa0
0x00007fff50a6bf60:   0000000000000000 000000000000ffff
0x00007fff50a6bf70:   0000000000000100 000000000000ffff
0x00007fff50a6bf80:   0000000000000000 0000000000000000
0x00007fff50a6bf90:   0000000000000000 0000000000000000
0x00007fff50a6bfa0:   87bc000000000000 000000000000c00b
0x00007fff50a6bfb0:   0000000000000000 0000000000000000
0x00007fff50a6bfc0:   8000000000000000 0000000000004007
0x00007fff50a6bfd0:   c060000000000000 000000000000400a
0x00007fff50a6bfe0:   41c04c240237670a 0000000000000000
0x00007fff50a6bff0:   3fdbb384fd2a62aa 0000000000000000
0x00007fff50a6c000:   c3de3f5c16f92cd2 439c0a3e906d32e0
0x00007fff50a6c010:   0000000000000000 0000000000000000 

Instructions: (pc=0x000000011008a7a8)
0x000000011008a788:   83 ec 08 48 89 d3 49 89 f6 e8 18 47 14 00 44 8b
0x000000011008a798:   38 48 8d 05 70 1a 3b 00 48 63 38 e8 e8 49 14 00
0x000000011008a7a8:   4c 8b a0 28 01 00 00 41 83 7c 24 34 01 0f 85 e2
0x000000011008a7b8:   00 00 00 49 89 5c 24 40 4d 89 74 24 38 49 8d 5c 

Register to memory mapping:

RAX=0x0000000000000000 is an unknown value
RBX=0x00007fff50a6c2f0 is an unknown value
RCX=0x00007fffef10a408: _thread+0x48 in /usr/lib/system/libsystem_pthread.dylib at 0x00007fffe6404000
RDX=0x00007fff50a6c2f0 is an unknown value
RSP=0x00007fff50a6be20 is an unknown value
RBP=0x00007fff50a6be50 is an unknown value
RSI=0x00007fff50a6c288 is an unknown value
RDI=0x0000000000000103 is an unknown value
R8 =0x00007fff50a6c2f0 is an unknown value
R9 =0x00000000ffffffff is an unknown value
R10=0x0000000000000c00 is an unknown value
R11=0x0000000000000206 is an unknown value
R12=0x0000000000000c00 is an unknown value
R13=0x0000000000000000 is an unknown value
R14=0x00007fff50a6c288 is an unknown value
R15=0x0000000000000002 is an unknown value


Stack: [0x00007fff5026f000,0x00007fff50a6f000],  sp=0x00007fff50a6be20,  free space=8179k
Native frames: (J=compiled Java code, j=interpreted, Vv=VM code, C=native code)
V  [libjvm.dylib+0x48a7a8]
C  [libsystem_platform.dylib+0x2b3a]  _sigtramp+0x1a
C  0x0000000000019e00
C  [CoreFoundation+0x88434]  __CFRunLoopServiceMachPort+0xd4
C  [CoreFoundation+0x878c1]  __CFRunLoopRun+0x551
C  [CoreFoundation+0x87114]  CFRunLoopRunSpecific+0x1a4
C  [java+0x6472]  CreateExecutionEnvironment+0x367
C  [java+0x207c]  JLI_Launch+0x7a0
C  [java+0x84cf]  main+0x65
C  [java+0x18d4]  start+0x34


---------------  P R O C E S S  ---------------

VM state:not at safepoint (normal execution)

VM Mutex/Monitor currently owned by a thread: None

Heap:
 PSYoungGen      total 236032K, used 189005K [0x0000000795580000, 0x00000007ad400000, 0x00000007c0000000)
  eden space 220160K, 78% used [0x0000000795580000,0x000000079fe96820,0x00000007a2c80000)
  from space 15872K, 99% used [0x00000007a2c80000,0x00000007a3bfce88,0x00000007a3c00000)
  to   space 20480K, 0% used [0x00000007ac000000,0x00000007ac000000,0x00000007ad400000)
 ParOldGen       total 88576K, used 23388K [0x0000000740000000, 0x0000000745680000, 0x0000000795580000)
  object space 88576K, 26% used [0x0000000740000000,0x00000007416d70a0,0x0000000745680000)
 Metaspace       used 50785K, capacity 52274K, committed 52440K, reserved 1093632K
  class space    used 6967K, capacity 7351K, committed 7384K, reserved 1048576K

Card table byte_map: [0x0000000110f6e000,0x000000011136f000] byte_map_base: 0x000000010d56e000

Marking Bits: (ParMarkBitMap*) 0x00000001104f76c0
 Begin Bits: [0x000000011161a000, 0x000000011361a000)
 End Bits:   [0x000000011361a000, 0x000000011561a000)

Polling page: 0x000000010f252000

CodeCache: size=245760Kb used=20264Kb max_used=20412Kb free=225495Kb
 bounds [0x000000011a405000, 0x000000011b865000, 0x0000000129405000]
 total_blobs=7202 nmethods=6494 adapters=619
 compilation: enabled

Compilation events (10 events):
Event: 16.117 Thread 0x00007fb096826800 7072 % !   3       com.android.ddmlib.AdbHelper::executeRemoteCommand @ 226 (561 bytes)
Event: 16.124 Thread 0x00007fb096826800 nmethod 7072% 0x000000011b852dd0 code [0x000000011b8536a0, 0x000000011b8599e8]
Event: 16.132 Thread 0x00007fb09681c000 7073   !   4       sun.nio.ch.IOUtil::write (142 bytes)
Event: 16.133 Thread 0x00007fb096825800 7074       4       sun.nio.ch.IOUtil::writeFromNativeBuffer (137 bytes)
Event: 16.137 Thread 0x00007fb096825800 nmethod 7074 0x000000011a729f10 code [0x000000011a72a080, 0x000000011a72a278]
Event: 16.137 Thread 0x00007fb096825800 7075   !   4       sun.nio.ch.SocketChannelImpl::write (385 bytes)
Event: 16.168 Thread 0x00007fb09681c000 nmethod 7073 0x000000011ae7da10 code [0x000000011ae7dce0, 0x000000011ae7f168]
Event: 16.219 Thread 0x00007fb096825800 nmethod 7075 0x000000011b805350 code [0x000000011b8056e0, 0x000000011b8087a8]
Event: 16.274 Thread 0x00007fb09681c000 7076 % !   4       com.android.ddmlib.AdbHelper::executeRemoteCommand @ 226 (561 bytes)
Event: 16.284 Thread 0x00007fb09681c000 nmethod 7076% 0x000000011a6d3d50 code [0x000000011a6d3f20, 0x000000011a6d46f0]

GC Heap History (10 events):
Event: 3.233 GC heap before
{Heap before GC invocations=5 (full 1):
 PSYoungGen      total 138240K, used 5088K [0x0000000795580000, 0x000000079e180000, 0x00000007c0000000)
  eden space 133120K, 0% used [0x0000000795580000,0x0000000795580000,0x000000079d780000)
  from space 5120K, 99% used [0x000000079dc80000,0x000000079e178030,0x000000079e180000)
  to   space 5120K, 0% used [0x000000079d780000,0x000000079d780000,0x000000079dc80000)
 ParOldGen       total 87552K, used 8893K [0x0000000740000000, 0x0000000745580000, 0x0000000795580000)
  object space 87552K, 10% used [0x0000000740000000,0x00000007408af618,0x0000000745580000)
 Metaspace       used 20837K, capacity 21056K, committed 21248K, reserved 1067008K
  class space    used 2874K, capacity 2966K, committed 3072K, reserved 1048576K
Event: 3.278 GC heap after
Heap after GC invocations=5 (full 1):
 PSYoungGen      total 138240K, used 0K [0x0000000795580000, 0x000000079e180000, 0x00000007c0000000)
  eden space 133120K, 0% used [0x0000000795580000,0x0000000795580000,0x000000079d780000)
  from space 5120K, 0% used [0x000000079dc80000,0x000000079dc80000,0x000000079e180000)
  to   space 5120K, 0% used [0x000000079d780000,0x000000079d780000,0x000000079dc80000)
 ParOldGen       total 58880K, used 8333K [0x0000000740000000, 0x0000000743980000, 0x0000000795580000)
  object space 58880K, 14% used [0x0000000740000000,0x0000000740823598,0x0000000743980000)
 Metaspace       used 20837K, capacity 21056K, committed 21248K, reserved 1067008K
  class space    used 2874K, capacity 2966K, committed 3072K, reserved 1048576K
}
Event: 6.280 GC heap before
{Heap before GC invocations=6 (full 1):
 PSYoungGen      total 138240K, used 133120K [0x0000000795580000, 0x000000079e180000, 0x00000007c0000000)
  eden space 133120K, 100% used [0x0000000795580000,0x000000079d780000,0x000000079d780000)
  from space 5120K, 0% used [0x000000079dc80000,0x000000079dc80000,0x000000079e180000)
  to   space 5120K, 0% used [0x000000079d780000,0x000000079d780000,0x000000079dc80000)
 ParOldGen       total 58880K, used 8333K [0x0000000740000000, 0x0000000743980000, 0x0000000795580000)
  object space 58880K, 14% used [0x0000000740000000,0x0000000740823598,0x0000000743980000)
 Metaspace       used 30953K, capacity 31504K, committed 32000K, reserved 1077248K
  class space    used 4280K, capacity 4487K, committed 4608K, reserved 1048576K
Event: 6.307 GC heap after
Heap after GC invocations=6 (full 1):
 PSYoungGen      total 138240K, used 5108K [0x0000000795580000, 0x00000007a4d00000, 0x00000007c0000000)
  eden space 133120K, 0% used [0x0000000795580000,0x0000000795580000,0x000000079d780000)
  from space 5120K, 99% used [0x000000079d780000,0x000000079dc7d3b0,0x000000079dc80000)
  to   space 14848K, 0% used [0x00000007a3e80000,0x00000007a3e80000,0x00000007a4d00000)
 ParOldGen       total 58880K, used 15280K [0x0000000740000000, 0x0000000743980000, 0x0000000795580000)
  object space 58880K, 25% used [0x0000000740000000,0x0000000740eec3c0,0x0000000743980000)
 Metaspace       used 30953K, capacity 31504K, committed 32000K, reserved 1077248K
  class space    used 4280K, capacity 4487K, committed 4608K, reserved 1048576K
}
Event: 7.431 GC heap before
{Heap before GC invocations=7 (full 1):
 PSYoungGen      total 138240K, used 77152K [0x0000000795580000, 0x00000007a4d00000, 0x00000007c0000000)
  eden space 133120K, 54% used [0x0000000795580000,0x0000000799bdafb8,0x000000079d780000)
  from space 5120K, 99% used [0x000000079d780000,0x000000079dc7d3b0,0x000000079dc80000)
  to   space 14848K, 0% used [0x00000007a3e80000,0x00000007a3e80000,0x00000007a4d00000)
 ParOldGen       total 58880K, used 15280K [0x0000000740000000, 0x0000000743980000, 0x0000000795580000)
  object space 58880K, 25% used [0x0000000740000000,0x0000000740eec3c0,0x0000000743980000)
 Metaspace       used 34535K, capacity 35194K, committed 35416K, reserved 1079296K
  class space    used 4756K, capacity 4926K, committed 4952K, reserved 1048576K
Event: 7.449 GC heap after
Heap after GC invocations=7 (full 1):
 PSYoungGen      total 233472K, used 11981K [0x0000000795580000, 0x00000007a4b80000, 0x00000007c0000000)
  eden space 220160K, 0% used [0x0000000795580000,0x0000000795580000,0x00000007a2c80000)
  from space 13312K, 90% used [0x00000007a3e80000,0x00000007a4a336c0,0x00000007a4b80000)
  to   space 15872K, 0% used [0x00000007a2c80000,0x00000007a2c80000,0x00000007a3c00000)
 ParOldGen       total 58880K, used 15288K [0x0000000740000000, 0x0000000743980000, 0x0000000795580000)
  object space 58880K, 25% used [0x0000000740000000,0x0000000740eee3c0,0x0000000743980000)
 Metaspace       used 34535K, capacity 35194K, committed 35416K, reserved 1079296K
  class space    used 4756K, capacity 4926K, committed 4952K, reserved 1048576K
}
Event: 7.449 GC heap before
{Heap before GC invocations=8 (full 2):
 PSYoungGen      total 233472K, used 11981K [0x0000000795580000, 0x00000007a4b80000, 0x00000007c0000000)
  eden space 220160K, 0% used [0x0000000795580000,0x0000000795580000,0x00000007a2c80000)
  from space 13312K, 90% used [0x00000007a3e80000,0x00000007a4a336c0,0x00000007a4b80000)
  to   space 15872K, 0% used [0x00000007a2c80000,0x00000007a2c80000,0x00000007a3c00000)
 ParOldGen       total 58880K, used 15288K [0x0000000740000000, 0x0000000743980000, 0x0000000795580000)
  object space 58880K, 25% used [0x0000000740000000,0x0000000740eee3c0,0x0000000743980000)
 Metaspace       used 34535K, capacity 35194K, committed 35416K, reserved 1079296K
  class space    used 4756K, capacity 4926K, committed 4952K, reserved 1048576K
Event: 7.517 GC heap after
Heap after GC invocations=8 (full 2):
 PSYoungGen      total 233472K, used 0K [0x0000000795580000, 0x00000007a4b80000, 0x00000007c0000000)
  eden space 220160K, 0% used [0x0000000795580000,0x0000000795580000,0x00000007a2c80000)
  from space 13312K, 0% used [0x00000007a3e80000,0x00000007a3e80000,0x00000007a4b80000)
  to   space 15872K, 0% used [0x00000007a2c80000,0x00000007a2c80000,0x00000007a3c00000)
 ParOldGen       total 88576K, used 20118K [0x0000000740000000, 0x0000000745680000, 0x0000000795580000)
  object space 88576K, 22% used [0x0000000740000000,0x00000007413a5868,0x0000000745680000)
 Metaspace       used 34535K, capacity 35194K, committed 35416K, reserved 1079296K
  class space    used 4756K, capacity 4926K, committed 4952K, reserved 1048576K
}
Event: 12.010 GC heap before
{Heap before GC invocations=9 (full 2):
 PSYoungGen      total 233472K, used 220160K [0x0000000795580000, 0x00000007a4b80000, 0x00000007c0000000)
  eden space 220160K, 100% used [0x0000000795580000,0x00000007a2c80000,0x00000007a2c80000)
  from space 13312K, 0% used [0x00000007a3e80000,0x00000007a3e80000,0x00000007a4b80000)
  to   space 15872K, 0% used [0x00000007a2c80000,0x00000007a2c80000,0x00000007a3c00000)
 ParOldGen       total 88576K, used 20118K [0x0000000740000000, 0x0000000745680000, 0x0000000795580000)
  object space 88576K, 22% used [0x0000000740000000,0x00000007413a5868,0x0000000745680000)
 Metaspace       used 47574K, capacity 48922K, committed 48984K, reserved 1091584K
  class space    used 6590K, capacity 6957K, committed 7000K, reserved 1048576K
Event: 12.055 GC heap after
Heap after GC invocations=9 (full 2):
 PSYoungGen      total 236032K, used 15859K [0x0000000795580000, 0x00000007ad400000, 0x00000007c0000000)
  eden space 220160K, 0% used [0x0000000795580000,0x0000000795580000,0x00000007a2c80000)
  from space 15872K, 99% used [0x00000007a2c80000,0x00000007a3bfce88,0x00000007a3c00000)
  to   space 20480K, 0% used [0x00000007ac000000,0x00000007ac000000,0x00000007ad400000)
 ParOldGen       total 88576K, used 23388K [0x0000000740000000, 0x0000000745680000, 0x0000000795580000)
  object space 88576K, 26% used [0x0000000740000000,0x00000007416d70a0,0x0000000745680000)
 Metaspace       used 47574K, capacity 48922K, committed 48984K, reserved 1091584K
  class space    used 6590K, capacity 6957K, committed 7000K, reserved 1048576K
}

Deoptimization events (10 events):
Event: 14.209 Thread 0x00007fb09ae15800 Uncommon trap: reason=class_check action=maybe_recompile pc=0x000000011b61a2ec method=java.lang.StringCoding$StringEncoder.encode([CII)[B @ 30
Event: 14.215 Thread 0x00007fb09ae15800 Uncommon trap: reason=class_check action=maybe_recompile pc=0x000000011b61a2ec method=java.lang.StringCoding$StringEncoder.encode([CII)[B @ 30
Event: 14.220 Thread 0x00007fb09ae15800 Uncommon trap: reason=class_check action=maybe_recompile pc=0x000000011b61a2ec method=java.lang.StringCoding$StringEncoder.encode([CII)[B @ 30
Event: 14.227 Thread 0x00007fb09ae15800 Uncommon trap: reason=bimorphic action=maybe_recompile pc=0x000000011b62367c method=java.util.HashMap.removeNode(ILjava/lang/Object;Ljava/lang/Object;ZZ)Ljava/util/HashMap$Node; @ 68
Event: 14.269 Thread 0x00007fb09a00c800 Uncommon trap: reason=unstable_if action=reinterpret pc=0x000000011b0cb700 method=java.lang.AbstractStringBuilder.append(I)Ljava/lang/AbstractStringBuilder; @ 16
Event: 16.112 Thread 0x00007fb096806800 Uncommon trap: reason=unstable_if action=reinterpret pc=0x000000011aaf977c method=sun.nio.ch.IOUtil.writeFromNativeBuffer(Ljava/io/FileDescriptor;Ljava/nio/ByteBuffer;JLsun/nio/ch/NativeDispatcher;)I @ 121
Event: 16.112 Thread 0x00007fb096806800 Uncommon trap: reason=unstable_if action=reinterpret pc=0x000000011a524b74 method=com.android.ddmlib.AdbHelper.executeRemoteCommand(Ljava/net/InetSocketAddress;Lcom/android/ddmlib/AdbHelper$AdbService;Ljava/lang/String;Lcom/android/ddmlib/IDevice;Lcom/and
Event: 16.112 Thread 0x00007fb096806800 Uncommon trap: reason=unstable_if action=reinterpret pc=0x000000011af01d24 method=sun.nio.ch.IOUtil.writeFromNativeBuffer(Ljava/io/FileDescriptor;Ljava/nio/ByteBuffer;JLsun/nio/ch/NativeDispatcher;)I @ 121
Event: 16.112 Thread 0x00007fb096806800 Uncommon trap: reason=unstable_if action=reinterpret pc=0x000000011af0b004 method=sun.nio.ch.IOUtil.writeFromNativeBuffer(Ljava/io/FileDescriptor;Ljava/nio/ByteBuffer;JLsun/nio/ch/NativeDispatcher;)I @ 121
Event: 16.321 Thread 0x00007fb096806800 Uncommon trap: reason=unstable_if action=reinterpret pc=0x000000011a6d4420 method=com.android.ddmlib.AdbHelper.executeRemoteCommand(Ljava/net/InetSocketAddress;Lcom/android/ddmlib/AdbHelper$AdbService;Ljava/lang/String;Lcom/android/ddmlib/IDevice;Lcom/and

Classes redefined (0 events):
No events

Internal exceptions (10 events):
Event: 12.627 Thread 0x00007fb096806800 Exception <a 'java/lang/ClassNotFoundException': react_800fqhh3baidhq44oxee6vlnk$_run_closure1$_closure4$_closure5BeanInfo> (0x0000000798689e40) thrown at [/Users/java_re/workspace/8-2-build-macosx-x86_64/jdk8u162/10278/hotspot/src/share/vm/classfile/syst
Event: 12.628 Thread 0x00007fb096806800 Exception <a 'java/lang/ClassNotFoundException': react_800fqhh3baidhq44oxee6vlnk$_run_closure1$_closure4$_closure5Customizer> (0x0000000798698e50) thrown at [/Users/java_re/workspace/8-2-build-macosx-x86_64/jdk8u162/10278/hotspot/src/share/vm/classfile/sy
Event: 12.632 Thread 0x00007fb096806800 Exception <a 'java/lang/ClassNotFoundException': org/gradle/api/internal/tasks/DefaultTaskInputsBeanInfo> (0x00000007986de9b0) thrown at [/Users/java_re/workspace/8-2-build-macosx-x86_64/jdk8u162/10278/hotspot/src/share/vm/classfile/systemDictionary.cpp, 
Event: 12.632 Thread 0x00007fb096806800 Exception <a 'java/lang/ClassNotFoundException': org/gradle/api/internal/tasks/DefaultTaskInputsCustomizer> (0x00000007986efa18) thrown at [/Users/java_re/workspace/8-2-build-macosx-x86_64/jdk8u162/10278/hotspot/src/share/vm/classfile/systemDictionary.cpp
Event: 12.636 Thread 0x00007fb096806800 Exception <a 'java/lang/ClassNotFoundException': org/gradle/api/internal/tasks/DefaultTaskOutputsBeanInfo> (0x00000007987314f8) thrown at [/Users/java_re/workspace/8-2-build-macosx-x86_64/jdk8u162/10278/hotspot/src/share/vm/classfile/systemDictionary.cpp,
Event: 12.637 Thread 0x00007fb096806800 Exception <a 'java/lang/ClassNotFoundException': org/gradle/api/internal/tasks/DefaultTaskOutputsCustomizer> (0x0000000798742568) thrown at [/Users/java_re/workspace/8-2-build-macosx-x86_64/jdk8u162/10278/hotspot/src/share/vm/classfile/systemDictionary.cp
Event: 12.643 Thread 0x00007fb096806800 Exception <a 'java/lang/ClassNotFoundException': org/apache/tools/ant/taskdefs/condition/OsBeanInfo> (0x000000079877efe0) thrown at [/Users/java_re/workspace/8-2-build-macosx-x86_64/jdk8u162/10278/hotspot/src/share/vm/classfile/systemDictionary.cpp, line 
Event: 12.643 Thread 0x00007fb096806800 Exception <a 'java/lang/ClassNotFoundException': org/apache/tools/ant/taskdefs/condition/OsCustomizer> (0x0000000798789aa8) thrown at [/Users/java_re/workspace/8-2-build-macosx-x86_64/jdk8u162/10278/hotspot/src/share/vm/classfile/systemDictionary.cpp, lin
Event: 13.272 Thread 0x00007fb096806800 Implicit null exception at 0x000000011b374a6c to 0x000000011b374ae1
Event: 13.281 Thread 0x00007fb096806800 Implicit null exception at 0x000000011abeb15d to 0x000000011abeb41d

Events (10 events):
Event: 16.112 Thread 0x00007fb096806800 DEOPT PACKING pc=0x000000011af01d24 sp=0x0000700001436990
Event: 16.112 Thread 0x00007fb096806800 DEOPT UNPACKING pc=0x000000011a44a73a sp=0x00007000014368e8 mode 2
Event: 16.112 Thread 0x00007fb096806800 Uncommon trap: trap_request=0xffffff65 fr.pc=0x000000011af0b004
Event: 16.112 Thread 0x00007fb096806800 DEOPT PACKING pc=0x000000011af0b004 sp=0x0000700001436920
Event: 16.112 Thread 0x00007fb096806800 DEOPT UNPACKING pc=0x000000011a44a73a sp=0x00007000014368e8 mode 2
Event: 16.299 Thread 0x00007fb096806800 DEOPT PACKING pc=0x000000011b858877 sp=0x0000700001436940
Event: 16.299 Thread 0x00007fb096806800 DEOPT UNPACKING pc=0x000000011a44c784 sp=0x00007000014368a0 mode 0
Event: 16.321 Thread 0x00007fb096806800 Uncommon trap: trap_request=0xffffff65 fr.pc=0x000000011a6d4420
Event: 16.321 Thread 0x00007fb096806800 DEOPT PACKING pc=0x000000011a6d4420 sp=0x0000700001436b60
Event: 16.322 Thread 0x00007fb096806800 DEOPT UNPACKING pc=0x000000011a44a73a sp=0x0000700001436b20 mode 2


Dynamic libraries:
0x000000005b667000 	/System/Library/Frameworks/Cocoa.framework/Versions/A/Cocoa
0x000000005b667000 	/System/Library/Frameworks/Security.framework/Versions/A/Security
0x000000005b667000 	/System/Library/Frameworks/ApplicationServices.framework/Versions/A/ApplicationServices
0x000000005b667000 	/usr/lib/libz.1.dylib
0x000000005b667000 	/usr/lib/libSystem.B.dylib
0x000000005b667000 	/usr/lib/libobjc.A.dylib
0x000000005b667000 	/System/Library/Frameworks/CoreFoundation.framework/Versions/A/CoreFoundation
0x000000005b667000 	/System/Library/Frameworks/Foundation.framework/Versions/C/Foundation
0x000000005b667000 	/System/Library/Frameworks/AppKit.framework/Versions/C/AppKit
0x000000005b667000 	/System/Library/Frameworks/CoreData.framework/Versions/A/CoreData
0x000000005b667000 	/System/Library/PrivateFrameworks/RemoteViewServices.framework/Versions/A/RemoteViewServices
0x000000005b667000 	/System/Library/PrivateFrameworks/UIFoundation.framework/Versions/A/UIFoundation
0x000000005b667000 	/System/Library/PrivateFrameworks/DFRFoundation.framework/Versions/A/DFRFoundation
0x000000005b667000 	/usr/lib/libenergytrace.dylib
0x000000005b667000 	/System/Library/PrivateFrameworks/SkyLight.framework/Versions/A/SkyLight
0x000000005b667000 	/System/Library/Frameworks/CoreGraphics.framework/Versions/A/CoreGraphics
0x000000005b667000 	/usr/lib/libScreenReader.dylib
0x000000005b667000 	/System/Library/Frameworks/Accelerate.framework/Versions/A/Accelerate
0x000000005b667000 	/System/Library/Frameworks/IOSurface.framework/Versions/A/IOSurface
0x000000005b667000 	/System/Library/Frameworks/AudioToolbox.framework/Versions/A/AudioToolbox
0x000000005b667000 	/System/Library/Frameworks/AudioUnit.framework/Versions/A/AudioUnit
0x000000005b667000 	/System/Library/PrivateFrameworks/DataDetectorsCore.framework/Versions/A/DataDetectorsCore
0x000000005b667000 	/System/Library/PrivateFrameworks/DesktopServicesPriv.framework/Versions/A/DesktopServicesPriv
0x000000005b667000 	/System/Library/Frameworks/Carbon.framework/Versions/A/Frameworks/HIToolbox.framework/Versions/A/HIToolbox
0x000000005b667000 	/usr/lib/libicucore.A.dylib
0x000000005b667000 	/System/Library/Frameworks/QuartzCore.framework/Versions/A/QuartzCore
0x000000005b667000 	/System/Library/Frameworks/Carbon.framework/Versions/A/Frameworks/SpeechRecognition.framework/Versions/A/SpeechRecognition
0x000000005b667000 	/usr/lib/libauto.dylib
0x000000005b667000 	/usr/lib/libxml2.2.dylib
0x000000005b667000 	/System/Library/PrivateFrameworks/CoreUI.framework/Versions/A/CoreUI
0x000000005b667000 	/System/Library/Frameworks/CoreAudio.framework/Versions/A/CoreAudio
0x000000005b667000 	/System/Library/Frameworks/DiskArbitration.framework/Versions/A/DiskArbitration
0x000000005b667000 	/usr/lib/liblangid.dylib
0x000000005b667000 	/System/Library/PrivateFrameworks/MultitouchSupport.framework/Versions/A/MultitouchSupport
0x000000005b667000 	/System/Library/Frameworks/IOKit.framework/Versions/A/IOKit
0x000000005b667000 	/usr/lib/libDiagnosticMessagesClient.dylib
0x000000005b667000 	/System/Library/Frameworks/CoreServices.framework/Versions/A/CoreServices
0x000000005b667000 	/System/Library/PrivateFrameworks/PerformanceAnalysis.framework/Versions/A/PerformanceAnalysis
0x000000005b667000 	/System/Library/PrivateFrameworks/GenerationalStorage.framework/Versions/A/GenerationalStorage
0x000000005b667000 	/System/Library/Frameworks/OpenGL.framework/Versions/A/OpenGL
0x000000005b667000 	/System/Library/Frameworks/CoreImage.framework/Versions/A/CoreImage
0x000000005b667000 	/System/Library/Frameworks/CoreText.framework/Versions/A/CoreText
0x000000005b667000 	/System/Library/Frameworks/ImageIO.framework/Versions/A/ImageIO
0x000000005b667000 	/System/Library/PrivateFrameworks/Backup.framework/Versions/A/Backup
0x000000005b667000 	/usr/lib/libarchive.2.dylib
0x000000005b667000 	/System/Library/Frameworks/CFNetwork.framework/Versions/A/CFNetwork
0x000000005b667000 	/System/Library/Frameworks/SystemConfiguration.framework/Versions/A/SystemConfiguration
0x000000005b667000 	/usr/lib/libCRFSuite.dylib
0x000000005b667000 	/usr/lib/libc++.1.dylib
0x000000005b667000 	/usr/lib/libc++abi.dylib
0x000000005b667000 	/usr/lib/system/libcache.dylib
0x000000005b667000 	/usr/lib/system/libcommonCrypto.dylib
0x000000005b667000 	/usr/lib/system/libcompiler_rt.dylib
0x000000005b667000 	/usr/lib/system/libcopyfile.dylib
0x000000005b667000 	/usr/lib/system/libcorecrypto.dylib
0x000000005b667000 	/usr/lib/system/libdispatch.dylib
0x000000005b667000 	/usr/lib/system/libdyld.dylib
0x000000005b667000 	/usr/lib/system/libkeymgr.dylib
0x000000005b667000 	/usr/lib/system/liblaunch.dylib
0x000000005b667000 	/usr/lib/system/libmacho.dylib
0x000000005b667000 	/usr/lib/system/libquarantine.dylib
0x000000005b667000 	/usr/lib/system/libremovefile.dylib
0x000000005b667000 	/usr/lib/system/libsystem_asl.dylib
0x000000005b667000 	/usr/lib/system/libsystem_blocks.dylib
0x000000005b667000 	/usr/lib/system/libsystem_c.dylib
0x000000005b667000 	/usr/lib/system/libsystem_configuration.dylib
0x000000005b667000 	/usr/lib/system/libsystem_coreservices.dylib
0x000000005b667000 	/usr/lib/system/libsystem_coretls.dylib
0x000000005b667000 	/usr/lib/system/libsystem_dnssd.dylib
0x000000005b667000 	/usr/lib/system/libsystem_info.dylib
0x000000005b667000 	/usr/lib/system/libsystem_kernel.dylib
0x000000005b667000 	/usr/lib/system/libsystem_m.dylib
0x000000005b667000 	/usr/lib/system/libsystem_malloc.dylib
0x000000005b667000 	/usr/lib/system/libsystem_network.dylib
0x000000005b667000 	/usr/lib/system/libsystem_networkextension.dylib
0x000000005b667000 	/usr/lib/system/libsystem_notify.dylib
0x000000005b667000 	/usr/lib/system/libsystem_platform.dylib
0x000000005b667000 	/usr/lib/system/libsystem_pthread.dylib
0x000000005b667000 	/usr/lib/system/libsystem_sandbox.dylib
0x000000005b667000 	/usr/lib/system/libsystem_secinit.dylib
0x000000005b667000 	/usr/lib/system/libsystem_symptoms.dylib
0x000000005b667000 	/usr/lib/system/libsystem_trace.dylib
0x000000005b667000 	/usr/lib/system/libunwind.dylib
0x000000005b667000 	/usr/lib/system/libxpc.dylib
0x000000005b667000 	/usr/lib/libbsm.0.dylib
0x000000005b667000 	/usr/lib/system/libkxld.dylib
0x000000005b667000 	/usr/lib/libcoretls.dylib
0x000000005b667000 	/usr/lib/libcoretls_cfhelpers.dylib
0x000000005b667000 	/usr/lib/libOpenScriptingUtil.dylib
0x000000005b667000 	/usr/lib/libpam.2.dylib
0x000000005b667000 	/usr/lib/libsqlite3.dylib
0x000000005b667000 	/usr/lib/libxar.1.dylib
0x000000005b667000 	/usr/lib/libbz2.1.0.dylib
0x000000005b667000 	/usr/lib/liblzma.5.dylib
0x000000005b667000 	/usr/lib/libnetwork.dylib
0x000000005b667000 	/usr/lib/libpcap.A.dylib
0x000000005b667000 	/System/Library/Frameworks/CoreServices.framework/Versions/A/Frameworks/FSEvents.framework/Versions/A/FSEvents
0x000000005b667000 	/System/Library/Frameworks/CoreServices.framework/Versions/A/Frameworks/CarbonCore.framework/Versions/A/CarbonCore
0x000000005b667000 	/System/Library/Frameworks/CoreServices.framework/Versions/A/Frameworks/Metadata.framework/Versions/A/Metadata
0x000000005b667000 	/System/Library/Frameworks/CoreServices.framework/Versions/A/Frameworks/OSServices.framework/Versions/A/OSServices
0x000000005b667000 	/System/Library/Frameworks/CoreServices.framework/Versions/A/Frameworks/SearchKit.framework/Versions/A/SearchKit
0x000000005b667000 	/System/Library/Frameworks/CoreServices.framework/Versions/A/Frameworks/AE.framework/Versions/A/AE
0x000000005b667000 	/System/Library/Frameworks/CoreServices.framework/Versions/A/Frameworks/LaunchServices.framework/Versions/A/LaunchServices
0x000000005b667000 	/System/Library/Frameworks/CoreServices.framework/Versions/A/Frameworks/DictionaryServices.framework/Versions/A/DictionaryServices
0x000000005b667000 	/System/Library/Frameworks/CoreServices.framework/Versions/A/Frameworks/SharedFileList.framework/Versions/A/SharedFileList
0x000000005b667000 	/System/Library/Frameworks/NetFS.framework/Versions/A/NetFS
0x000000005b667000 	/System/Library/PrivateFrameworks/NetAuth.framework/Versions/A/NetAuth
0x000000005b667000 	/System/Library/PrivateFrameworks/login.framework/Versions/A/Frameworks/loginsupport.framework/Versions/A/loginsupport
0x000000005b667000 	/System/Library/PrivateFrameworks/TCC.framework/Versions/A/TCC
0x000000005b667000 	/usr/lib/libmecabra.dylib
0x000000005b667000 	/System/Library/Frameworks/ApplicationServices.framework/Versions/A/Frameworks/ATS.framework/Versions/A/ATS
0x000000005b667000 	/System/Library/Frameworks/ApplicationServices.framework/Versions/A/Frameworks/ColorSync.framework/Versions/A/ColorSync
0x000000005b667000 	/System/Library/Frameworks/ApplicationServices.framework/Versions/A/Frameworks/HIServices.framework/Versions/A/HIServices
0x000000005b667000 	/System/Library/Frameworks/ApplicationServices.framework/Versions/A/Frameworks/LangAnalysis.framework/Versions/A/LangAnalysis
0x000000005b667000 	/System/Library/Frameworks/ApplicationServices.framework/Versions/A/Frameworks/PrintCore.framework/Versions/A/PrintCore
0x000000005b667000 	/System/Library/Frameworks/ApplicationServices.framework/Versions/A/Frameworks/QD.framework/Versions/A/QD
0x000000005b667000 	/System/Library/Frameworks/ApplicationServices.framework/Versions/A/Frameworks/SpeechSynthesis.framework/Versions/A/SpeechSynthesis
0x000000005b667000 	/System/Library/Frameworks/Accelerate.framework/Versions/A/Frameworks/vImage.framework/Versions/A/vImage
0x000000005b667000 	/System/Library/Frameworks/Accelerate.framework/Versions/A/Frameworks/vecLib.framework/Versions/A/vecLib
0x000000005b667000 	/System/Library/Frameworks/Accelerate.framework/Versions/A/Frameworks/vecLib.framework/Versions/A/libvDSP.dylib
0x000000005b667000 	/System/Library/Frameworks/Accelerate.framework/Versions/A/Frameworks/vecLib.framework/Versions/A/libBNNS.dylib
0x000000005b667000 	/System/Library/Frameworks/Accelerate.framework/Versions/A/Frameworks/vecLib.framework/Versions/A/libQuadrature.dylib
0x000000005b667000 	/System/Library/Frameworks/Accelerate.framework/Versions/A/Frameworks/vecLib.framework/Versions/A/libvMisc.dylib
0x000000005b667000 	/System/Library/Frameworks/Accelerate.framework/Versions/A/Frameworks/vecLib.framework/Versions/A/libLAPACK.dylib
0x000000005b667000 	/System/Library/Frameworks/Accelerate.framework/Versions/A/Frameworks/vecLib.framework/Versions/A/libBLAS.dylib
0x000000005b667000 	/System/Library/Frameworks/Accelerate.framework/Versions/A/Frameworks/vecLib.framework/Versions/A/libLinearAlgebra.dylib
0x000000005b667000 	/System/Library/Frameworks/Accelerate.framework/Versions/A/Frameworks/vecLib.framework/Versions/A/libSparseBLAS.dylib
0x000000005b667000 	/System/Library/Frameworks/ApplicationServices.framework/Versions/A/Frameworks/ATS.framework/Versions/A/Resources/libFontParser.dylib
0x000000005b667000 	/System/Library/Frameworks/ApplicationServices.framework/Versions/A/Frameworks/ATS.framework/Versions/A/Resources/libFontRegistry.dylib
0x000000005b667000 	/System/Library/Frameworks/ImageIO.framework/Versions/A/Resources/libJPEG.dylib
0x000000005b667000 	/System/Library/Frameworks/ImageIO.framework/Versions/A/Resources/libTIFF.dylib
0x000000005b667000 	/System/Library/Frameworks/ImageIO.framework/Versions/A/Resources/libPng.dylib
0x000000005b667000 	/System/Library/Frameworks/ImageIO.framework/Versions/A/Resources/libGIF.dylib
0x000000005b667000 	/System/Library/Frameworks/ImageIO.framework/Versions/A/Resources/libJP2.dylib
0x000000005b667000 	/System/Library/Frameworks/ImageIO.framework/Versions/A/Resources/libRadiance.dylib
0x000000005b667000 	/usr/lib/libcompression.dylib
0x000000005b667000 	/System/Library/PrivateFrameworks/AppleJPEG.framework/Versions/A/AppleJPEG
0x000000005b667000 	/usr/lib/libcups.2.dylib
0x000000005b667000 	/System/Library/Frameworks/Kerberos.framework/Versions/A/Kerberos
0x000000005b667000 	/System/Library/Frameworks/GSS.framework/Versions/A/GSS
0x000000005b667000 	/usr/lib/libresolv.9.dylib
0x000000005b667000 	/usr/lib/libiconv.2.dylib
0x000000005b667000 	/System/Library/PrivateFrameworks/Heimdal.framework/Versions/A/Heimdal
0x000000005b667000 	/usr/lib/libheimdal-asn1.dylib
0x000000005b667000 	/System/Library/Frameworks/OpenDirectory.framework/Versions/A/OpenDirectory
0x000000005b667000 	/System/Library/PrivateFrameworks/CommonAuth.framework/Versions/A/CommonAuth
0x000000005b667000 	/System/Library/Frameworks/OpenDirectory.framework/Versions/A/Frameworks/CFOpenDirectory.framework/Versions/A/CFOpenDirectory
0x000000005b667000 	/System/Library/Frameworks/SecurityFoundation.framework/Versions/A/SecurityFoundation
0x000000005b667000 	/System/Library/PrivateFrameworks/LanguageModeling.framework/Versions/A/LanguageModeling
0x000000005b667000 	/usr/lib/libmarisa.dylib
0x000000005b667000 	/usr/lib/libChineseTokenizer.dylib
0x000000005b667000 	/usr/lib/libcmph.dylib
0x000000005b667000 	/System/Library/PrivateFrameworks/CoreEmoji.framework/Versions/A/CoreEmoji
0x000000005b667000 	/System/Library/Frameworks/ServiceManagement.framework/Versions/A/ServiceManagement
0x000000005b667000 	/usr/lib/libxslt.1.dylib
0x000000005b667000 	/System/Library/Frameworks/Carbon.framework/Versions/A/Frameworks/Ink.framework/Versions/A/Ink
0x000000005b667000 	/System/Library/PrivateFrameworks/TextureIO.framework/Versions/A/TextureIO
0x000000005b667000 	/System/Library/Frameworks/Metal.framework/Versions/A/Metal
0x000000005b667000 	/usr/lib/libate.dylib
0x000000005b667000 	/System/Library/PrivateFrameworks/GPUCompiler.framework/libmetal_timestamp.dylib
0x000000005b667000 	/System/Library/Frameworks/OpenGL.framework/Versions/A/Libraries/libCoreFSCache.dylib
0x000000005b667000 	/System/Library/PrivateFrameworks/IOAccelerator.framework/Versions/A/IOAccelerator
0x000000005b667000 	/System/Library/Frameworks/CoreVideo.framework/Versions/A/CoreVideo
0x000000005b667000 	/usr/lib/libFosl_dynamic.dylib
0x000000005b667000 	/System/Library/PrivateFrameworks/MetalPerformanceShaders.framework/Versions/A/MetalPerformanceShaders
0x000000005b667000 	/System/Library/PrivateFrameworks/FaceCore.framework/Versions/A/FaceCore
0x000000005b667000 	/System/Library/Frameworks/OpenCL.framework/Versions/A/OpenCL
0x000000005b667000 	/System/Library/Frameworks/OpenGL.framework/Versions/A/Libraries/libGLU.dylib
0x000000005b667000 	/System/Library/Frameworks/OpenGL.framework/Versions/A/Libraries/libGFXShared.dylib
0x000000005b667000 	/System/Library/Frameworks/OpenGL.framework/Versions/A/Libraries/libGL.dylib
0x000000005b667000 	/System/Library/Frameworks/OpenGL.framework/Versions/A/Libraries/libGLImage.dylib
0x000000005b667000 	/System/Library/Frameworks/OpenGL.framework/Versions/A/Libraries/libCVMSPluginSupport.dylib
0x000000005b667000 	/System/Library/Frameworks/OpenGL.framework/Versions/A/Libraries/libCoreVMClient.dylib
0x000000005b667000 	/System/Library/PrivateFrameworks/CrashReporterSupport.framework/Versions/A/CrashReporterSupport
0x000000005b667000 	/System/Library/PrivateFrameworks/Sharing.framework/Versions/A/Sharing
0x000000005b667000 	/System/Library/PrivateFrameworks/IconServices.framework/Versions/A/IconServices
0x000000005b667000 	/System/Library/PrivateFrameworks/ProtocolBuffer.framework/Versions/A/ProtocolBuffer
0x000000005b667000 	/System/Library/PrivateFrameworks/Apple80211.framework/Versions/A/Apple80211
0x000000005b667000 	/System/Library/Frameworks/CoreWLAN.framework/Versions/A/CoreWLAN
0x000000005b667000 	/System/Library/PrivateFrameworks/CoreUtils.framework/Versions/A/CoreUtils
0x000000005b667000 	/System/Library/Frameworks/IOBluetooth.framework/Versions/A/IOBluetooth
0x000000005b667000 	/System/Library/PrivateFrameworks/CoreWiFi.framework/Versions/A/CoreWiFi
0x000000005b667000 	/System/Library/Frameworks/CoreBluetooth.framework/Versions/A/CoreBluetooth
0x000000005b667000 	/System/Library/Frameworks/CoreDisplay.framework/Versions/A/CoreDisplay
0x000000005b667000 	/System/Library/PrivateFrameworks/IOPresentment.framework/Versions/A/IOPresentment
0x000000005b667000 	/System/Library/PrivateFrameworks/DSExternalDisplay.framework/Versions/A/DSExternalDisplay
0x000000005b667000 	/System/Library/PrivateFrameworks/DebugSymbols.framework/Versions/A/DebugSymbols
0x000000005b667000 	/System/Library/PrivateFrameworks/CoreSymbolication.framework/Versions/A/CoreSymbolication
0x000000005b667000 	/System/Library/PrivateFrameworks/Symbolication.framework/Versions/A/Symbolication
0x000000005b667000 	/System/Library/PrivateFrameworks/AppleFSCompression.framework/Versions/A/AppleFSCompression
0x000000005b667000 	/System/Library/PrivateFrameworks/SpeechRecognitionCore.framework/Versions/A/SpeechRecognitionCore
0x000000005b667000 	/System/Library/PrivateFrameworks/ChunkingLibrary.framework/Versions/A/ChunkingLibrary
0x000000010fc00000 	/Library/Java/JavaVirtualMachines/jdk1.8.0_162.jdk/Contents/Home/jre/lib/server/libjvm.dylib
0x000000005b667000 	/usr/lib/libstdc++.6.dylib
0x000000010f20e000 	/Library/Java/JavaVirtualMachines/jdk1.8.0_162.jdk/Contents/Home/jre/lib/libverify.dylib
0x000000010f21c000 	/Library/Java/JavaVirtualMachines/jdk1.8.0_162.jdk/Contents/Home/jre/lib/libjava.dylib
0x000000010f25c000 	/Library/Java/JavaVirtualMachines/jdk1.8.0_162.jdk/Contents/Home/jre/lib/libzip.dylib
0x0000000118d17000 	/Library/Java/JavaVirtualMachines/jdk1.8.0_162.jdk/Contents/Home/jre/lib/libnet.dylib
0x0000000118d76000 	/Library/Java/JavaVirtualMachines/jdk1.8.0_162.jdk/Contents/Home/jre/lib/libnio.dylib
0x0000000119225000 	/Users/foxhole/.gradle/native/19/osx-amd64/libnative-platform.dylib
0x000000011922a000 	/Users/foxhole/.gradle/native/19/osx-amd64/libnative-platform-curses.dylib
0x000000005b667000 	/usr/lib/libncurses.5.4.dylib
0x000000011922e000 	/private/var/folders/8z/5nhb0vkx37b1zn0gk0cm4c500000gn/T/jna6471020520161655552.tmp
0x0000000119243000 	/System/Library/Frameworks/JavaVM.framework/Versions/A/JavaVM
0x0000000119250000 	/System/Library/PrivateFrameworks/JavaLaunching.framework/Versions/A/JavaLaunching
0x000000011925c000 	/Library/Java/JavaVirtualMachines/jdk1.8.0_162.jdk/Contents/Home/jre/lib/libmanagement.dylib

VM Arguments:
jvm_args: -Dorg.gradle.appname=gradlew 
java_command: org.gradle.wrapper.GradleWrapperMain installDebug
java_class_path (initial): /Users/foxhole/Sandbox/brainbox/BrainboxApplication/android/gradle/wrapper/gradle-wrapper.jar
Launcher Type: SUN_STANDARD

Environment Variables:
JAVA_HOME=/Library/Java/JavaVirtualMachines/jdk1.8.0_162.jdk/Contents/Home
PATH=/Users/foxhole/Sandbox/brainbox/BrainboxApplication/node_modules/.bin:/Users/foxhole/bin:/usr/local/bin:/usr/local/bin:/usr/bin:/bin:/usr/sbin:/sbin:/Users/foxhole/Library/Android/sdk/tools:/Users/foxhole/Library/Android/sdk/platform-tools
SHELL=/bin/bash

Signal Handlers:
SIGSEGV: [libjvm.dylib+0x5b52b5], sa_mask[0]=11111111011111110111111111111111, sa_flags=SA_ONSTACK|SA_RESTART|SA_SIGINFO
SIGBUS: [libjvm.dylib+0x5b52b5], sa_mask[0]=11111111011111110111111111111111, sa_flags=SA_RESTART|SA_SIGINFO
SIGFPE: [libjvm.dylib+0x48ac5c], sa_mask[0]=11111111011111110111111111111111, sa_flags=SA_RESTART|SA_SIGINFO
SIGPIPE: [libjvm.dylib+0x48ac5c], sa_mask[0]=11111111011111110111111111111111, sa_flags=SA_RESTART|SA_SIGINFO
SIGXFSZ: [libjvm.dylib+0x48ac5c], sa_mask[0]=11111111011111110111111111111111, sa_flags=SA_RESTART|SA_SIGINFO
SIGILL: [libjvm.dylib+0x48ac5c], sa_mask[0]=11111111011111110111111111111111, sa_flags=SA_RESTART|SA_SIGINFO
SIGUSR1: SIG_DFL, sa_mask[0]=00000000000000000000000000000000, sa_flags=SA_RESTART
SIGUSR2: [libjvm.dylib+0x48a77a], sa_mask[0]=00000000000000000000000000000000, sa_flags=SA_RESTART|SA_SIGINFO
SIGHUP: [libjvm.dylib+0x488d45], sa_mask[0]=11111111011111110111111111111111, sa_flags=SA_RESTART|SA_SIGINFO
SIGINT: [libjvm.dylib+0x488d45], sa_mask[0]=11111111011111110111111111111111, sa_flags=SA_RESTART|SA_SIGINFO
SIGTERM: [libjvm.dylib+0x488d45], sa_mask[0]=11111111011111110111111111111111, sa_flags=SA_RESTART|SA_SIGINFO
SIGQUIT: [libjvm.dylib+0x488d45], sa_mask[0]=11111111011111110111111111111111, sa_flags=SA_RESTART|SA_SIGINFO


---------------  S Y S T E M  ---------------

OS:Bsduname:Darwin 16.7.0 Darwin Kernel Version 16.7.0: Thu Jan 11 22:59:40 PST 2018; root:xnu-3789.73.8~1/RELEASE_X86_64 x86_64
rlimit: STACK 8192k, CORE 0k, NPROC 709, NOFILE 10240, AS infinity
load average:3.35 2.52 2.41

CPU:total 4 (initial active 4) (2 cores per cpu, 2 threads per core) family 6 model 61 stepping 4, cmov, cx8, fxsr, mmx, sse, sse2, sse3, ssse3, sse4.1, sse4.2, popcnt, avx, avx2, aes, clmul, erms, 3dnowpref, lzcnt, ht, tsc, tscinvbit, bmi1, bmi2, adx

Memory: 4k page, physical 8388608k(71748k free)

/proc/meminfo:


vm_info: Java HotSpot(TM) 64-Bit Server VM (25.162-b12) for bsd-amd64 JRE (1.8.0_162-b12), built on Dec 19 2017 17:33:35 by "java_re" with gcc 4.2.1 (Based on Apple Inc. build 5658) (LLVM build 2336.11.00)

time: Tue May  1 15:00:39 2018
elapsed time: 19 seconds (0d 0h 0m 19s)

