#
# A fatal error has been detected by the Java Runtime Environment:
#
#  SIGSEGV (0xb) at pc=0x000000010fe8a7a8, pid=1259, tid=0x0000000000000307
#
# JRE version: Java(TM) SE Runtime Environment (8.0_162-b12) (build 1.8.0_162-b12)
# Java VM: Java HotSpot(TM) 64-Bit Server VM (25.162-b12 mixed mode bsd-amd64 compressed oops)
# Problematic frame:
# V  [libjvm.dylib+0x48a7a8]  SR_handler(int, __siginfo*, __darwin_ucontext*)+0x2e
#
# Failed to write core dump. Core dumps have been disabled. To enable core dumping, try "ulimit -c unlimited" before starting Java again
#
# If you would like to submit a bug report, please visit:
#   http://bugreport.java.com/bugreport/crash.jsp
#

---------------  T H R E A D  ---------------

Current thread is native thread

siginfo: si_signo: 11 (SIGSEGV), si_code: 1 (SEGV_MAPERR), si_addr: 0x0000000000000128

Registers:
RAX=0x0000000000000000, RBX=0x00007fff50b49cc0, RCX=0x00007fffc16d6408, RDX=0x00007fff50b49cc0
RSP=0x00007fff50b497f0, RBP=0x00007fff50b49820, RSI=0x00007fff50b49c58, RDI=0x0000000000000103
R8 =0x00007fff50b49cc0, R9 =0x00000000ffffffff, R10=0x0000000000000c00, R11=0x0000000000000206
R12=0x0000000000000c00, R13=0x0000000000000000, R14=0x00007fff50b49c58, R15=0x0000000000000002
RIP=0x000000010fe8a7a8, EFLAGS=0x0000000000010202, ERR=0x0000000000000004
  TRAPNO=0x000000000000000e

Top of Stack: (sp=0x00007fff50b497f0)
0x00007fff50b497f0:   0000000000000000 00007fff50b49cc0
0x00007fff50b49800:   0000000000000c00 0000000000000000
0x00007fff50b49810:   00007fff50b49ef0 0000000000000d03
0x00007fff50b49820:   00007fff50b49830 00007fffb89c9b3a
0x00007fff50b49830:   00007fff50b49dc0 0000000000019e00
0x00007fff50b49840:   00019f00be05e978 00007fffc156c2d0
0x00007fff50b49850:   0100001f00000085 00007fffa3034000
0x00007fff50b49860:   0000000010004005 00000000ffffffff
0x00007fff50b49870:   00007fff50b49d78 0000000000000000
0x00007fff50b49880:   00007fff50b49ef0 0000000007000806
0x00007fff50b49890:   00007fff50b49dc0 00007fff50b49d78
0x00007fff50b498a0:   0000000000000d03 00000000ffffffff
0x00007fff50b498b0:   0000000000000c00 0000000000000206
0x00007fff50b498c0:   0000000000000c00 0000000000000000
0x00007fff50b498d0:   00007fff50b49ef0 0000000000000d03
0x00007fff50b498e0:   00007fffb88e134a 0000000000000206
0x00007fff50b498f0:   0000000000000007 0000000000000000
0x00007fff50b49900:   0000000000000000 0000000000000000
0x00007fff50b49910:   000000000000037f 0000000000000000
0x00007fff50b49920:   0000000000000000 0000ffff00001fa0
0x00007fff50b49930:   0000000000000000 000000000000ffff
0x00007fff50b49940:   0000000000000100 000000000000ffff
0x00007fff50b49950:   0000000000000000 0000000000000000
0x00007fff50b49960:   0000000000000000 0000000000000000
0x00007fff50b49970:   87bc000000000000 000000000000c00b
0x00007fff50b49980:   0000000000000000 0000000000000000
0x00007fff50b49990:   8000000000000000 0000000000004007
0x00007fff50b499a0:   c060000000000000 000000000000400a
0x00007fff50b499b0:   41c04c59c079918a 0000000000000000
0x00007fff50b499c0:   3fee64628027d88c 0000000000000000
0x00007fff50b499d0:   c3de3f8c25dec2a5 439c073da213d5b6
0x00007fff50b499e0:   0000000000000000 0000000000000000 

Instructions: (pc=0x000000010fe8a7a8)
0x000000010fe8a788:   83 ec 08 48 89 d3 49 89 f6 e8 18 47 14 00 44 8b
0x000000010fe8a798:   38 48 8d 05 70 1a 3b 00 48 63 38 e8 e8 49 14 00
0x000000010fe8a7a8:   4c 8b a0 28 01 00 00 41 83 7c 24 34 01 0f 85 e2
0x000000010fe8a7b8:   00 00 00 49 89 5c 24 40 4d 89 74 24 38 49 8d 5c 

Register to memory mapping:

RAX=0x0000000000000000 is an unknown value
RBX=0x00007fff50b49cc0 is an unknown value
RCX=0x00007fffc16d6408: _thread+0x48 in /usr/lib/system/libsystem_pthread.dylib at 0x00007fffb89d0000
RDX=0x00007fff50b49cc0 is an unknown value
RSP=0x00007fff50b497f0 is an unknown value
RBP=0x00007fff50b49820 is an unknown value
RSI=0x00007fff50b49c58 is an unknown value
RDI=0x0000000000000103 is an unknown value
R8 =0x00007fff50b49cc0 is an unknown value
R9 =0x00000000ffffffff is an unknown value
R10=0x0000000000000c00 is an unknown value
R11=0x0000000000000206 is an unknown value
R12=0x0000000000000c00 is an unknown value
R13=0x0000000000000000 is an unknown value
R14=0x00007fff50b49c58 is an unknown value
R15=0x0000000000000002 is an unknown value


Stack: [0x00007fff5034e000,0x00007fff50b4e000],  sp=0x00007fff50b497f0,  free space=8173k
Native frames: (J=compiled Java code, j=interpreted, Vv=VM code, C=native code)
V  [libjvm.dylib+0x48a7a8]  SR_handler(int, __siginfo*, __darwin_ucontext*)+0x2e
C  [libsystem_platform.dylib+0x2b3a]  _sigtramp+0x1a
C  0x0000000000019e00
C  [CoreFoundation+0x88434]  __CFRunLoopServiceMachPort+0xd4
C  [CoreFoundation+0x878c1]  __CFRunLoopRun+0x551
C  [CoreFoundation+0x87114]  CFRunLoopRunSpecific+0x1a4
C  [java+0x6472]  CreateExecutionEnvironment+0x367
C  [java+0x207c]  JLI_Launch+0x7a0
C  [java+0x84cf]  main+0x65
C  [java+0x18d4]  start+0x34


---------------  P R O C E S S  ---------------

VM state:not at safepoint (normal execution)

VM Mutex/Monitor currently owned by a thread: None

Heap:
 PSYoungGen      total 174592K, used 167714K [0x0000000795580000, 0x00000007a2100000, 0x00000007c0000000)
  eden space 161792K, 95% used [0x0000000795580000,0x000000079ecd0610,0x000000079f380000)
  from space 12800K, 99% used [0x000000079f380000,0x000000079fff8220,0x00000007a0000000)
  to   space 16384K, 0% used [0x00000007a1100000,0x00000007a1100000,0x00000007a2100000)
 ParOldGen       total 82944K, used 24971K [0x0000000740000000, 0x0000000745100000, 0x0000000795580000)
  object space 82944K, 30% used [0x0000000740000000,0x0000000741862d28,0x0000000745100000)
 Metaspace       used 53257K, capacity 54838K, committed 54872K, reserved 1095680K
  class space    used 7297K, capacity 7749K, committed 7768K, reserved 1048576K

Card table byte_map: [0x0000000110d6e000,0x000000011116f000] byte_map_base: 0x000000010d36e000

Marking Bits: (ParMarkBitMap*) 0x00000001102f76c0
 Begin Bits: [0x000000011141a000, 0x000000011341a000)
 End Bits:   [0x000000011341a000, 0x000000011541a000)

Polling page: 0x000000010f173000

CodeCache: size=245760Kb used=21425Kb max_used=21425Kb free=224335Kb
 bounds [0x000000011971a000, 0x000000011ac2a000, 0x000000012871a000]
 total_blobs=7586 nmethods=6865 adapters=632
 compilation: enabled

Compilation events (10 events):
Event: 22.004 Thread 0x00007fe86885e000 7610       2       com.google.gson.stream.JsonWriter::endObject (9 bytes)
Event: 22.004 Thread 0x00007fe86885e000 nmethod 7610 0x000000011ac14090 code [0x000000011ac14200, 0x000000011ac14388]
Event: 22.004 Thread 0x00007fe86885e000 7590       1       com.android.ide.common.blame.SourceFile::getSourceFile (5 bytes)
Event: 22.005 Thread 0x00007fe86885e000 nmethod 7590 0x000000011ac14410 code [0x000000011ac14560, 0x000000011ac14670]
Event: 22.005 Thread 0x00007fe86885e000 7591       1       com.android.ide.common.blame.SourceFile::getDescription (5 bytes)
Event: 22.006 Thread 0x00007fe86885e000 nmethod 7591 0x000000011ac146d0 code [0x000000011ac14820, 0x000000011ac14930]
Event: 22.006 Thread 0x00007fe86885e000 7612       2       java.util.Properties::saveConvert (434 bytes)
Event: 22.103 Thread 0x00007fe86885e000 nmethod 7612 0x000000011ac14990 code [0x000000011ac14f40, 0x000000011ac1a478]
Event: 22.103 Thread 0x00007fe86885e000 7542       3       com.android.ide.common.blame.SourceFilePosition::equals (55 bytes)
Event: 22.104 Thread 0x00007fe86885e000 nmethod 7542 0x000000011ac1fd50 code [0x000000011ac1ff20, 0x000000011ac20678]

GC Heap History (10 events):
Event: 15.500 GC heap before
{Heap before GC invocations=9 (full 1):
 PSYoungGen      total 71680K, used 66703K [0x0000000795580000, 0x000000079d580000, 0x00000007c0000000)
  eden space 60928K, 100% used [0x0000000795580000,0x0000000799100000,0x0000000799100000)
  from space 10752K, 53% used [0x0000000799100000,0x00000007996a3d38,0x0000000799b80000)
  to   space 10240K, 0% used [0x000000079cb80000,0x000000079cb80000,0x000000079d580000)
 ParOldGen       total 51712K, used 7791K [0x0000000740000000, 0x0000000743280000, 0x0000000795580000)
  object space 51712K, 15% used [0x0000000740000000,0x000000074079be00,0x0000000743280000)
 Metaspace       used 31299K, capacity 31768K, committed 32256K, reserved 1077248K
  class space    used 4301K, capacity 4487K, committed 4608K, reserved 1048576K
Event: 15.513 GC heap after
Heap after GC invocations=9 (full 1):
 PSYoungGen      total 119808K, used 8909K [0x0000000795580000, 0x000000079d700000, 0x00000007c0000000)
  eden space 109568K, 0% used [0x0000000795580000,0x0000000795580000,0x000000079c080000)
  from space 10240K, 87% used [0x000000079cb80000,0x000000079d433758,0x000000079d580000)
  to   space 11264K, 0% used [0x000000079c080000,0x000000079c080000,0x000000079cb80000)
 ParOldGen       total 51712K, used 7799K [0x0000000740000000, 0x0000000743280000, 0x0000000795580000)
  object space 51712K, 15% used [0x0000000740000000,0x000000074079de00,0x0000000743280000)
 Metaspace       used 31299K, capacity 31768K, committed 32256K, reserved 1077248K
  class space    used 4301K, capacity 4487K, committed 4608K, reserved 1048576K
}
Event: 16.172 GC heap before
{Heap before GC invocations=10 (full 1):
 PSYoungGen      total 119808K, used 52659K [0x0000000795580000, 0x000000079d700000, 0x00000007c0000000)
  eden space 109568K, 39% used [0x0000000795580000,0x00000007980395d8,0x000000079c080000)
  from space 10240K, 87% used [0x000000079cb80000,0x000000079d433758,0x000000079d580000)
  to   space 11264K, 0% used [0x000000079c080000,0x000000079c080000,0x000000079cb80000)
 ParOldGen       total 51712K, used 7799K [0x0000000740000000, 0x0000000743280000, 0x0000000795580000)
  object space 51712K, 15% used [0x0000000740000000,0x000000074079de00,0x0000000743280000)
 Metaspace       used 34522K, capacity 35202K, committed 35416K, reserved 1079296K
  class space    used 4759K, capacity 4926K, committed 4952K, reserved 1048576K
Event: 16.195 GC heap after
Heap after GC invocations=10 (full 1):
 PSYoungGen      total 120832K, used 10568K [0x0000000795580000, 0x00000007a0e80000, 0x00000007c0000000)
  eden space 109568K, 0% used [0x0000000795580000,0x0000000795580000,0x000000079c080000)
  from space 11264K, 93% used [0x000000079c080000,0x000000079cad2348,0x000000079cb80000)
  to   space 12288K, 0% used [0x00000007a0280000,0x00000007a0280000,0x00000007a0e80000)
 ParOldGen       total 51712K, used 9092K [0x0000000740000000, 0x0000000743280000, 0x0000000795580000)
  object space 51712K, 17% used [0x0000000740000000,0x00000007408e1220,0x0000000743280000)
 Metaspace       used 34522K, capacity 35202K, committed 35416K, reserved 1079296K
  class space    used 4759K, capacity 4926K, committed 4952K, reserved 1048576K
}
Event: 16.195 GC heap before
{Heap before GC invocations=11 (full 2):
 PSYoungGen      total 120832K, used 10568K [0x0000000795580000, 0x00000007a0e80000, 0x00000007c0000000)
  eden space 109568K, 0% used [0x0000000795580000,0x0000000795580000,0x000000079c080000)
  from space 11264K, 93% used [0x000000079c080000,0x000000079cad2348,0x000000079cb80000)
  to   space 12288K, 0% used [0x00000007a0280000,0x00000007a0280000,0x00000007a0e80000)
 ParOldGen       total 51712K, used 9092K [0x0000000740000000, 0x0000000743280000, 0x0000000795580000)
  object space 51712K, 17% used [0x0000000740000000,0x00000007408e1220,0x0000000743280000)
 Metaspace       used 34522K, capacity 35202K, committed 35416K, reserved 1079296K
  class space    used 4759K, capacity 4926K, committed 4952K, reserved 1048576K
Event: 16.340 GC heap after
Heap after GC invocations=11 (full 2):
 PSYoungGen      total 120832K, used 0K [0x0000000795580000, 0x00000007a0e80000, 0x00000007c0000000)
  eden space 109568K, 0% used [0x0000000795580000,0x0000000795580000,0x000000079c080000)
  from space 11264K, 0% used [0x000000079c080000,0x000000079c080000,0x000000079cb80000)
  to   space 12288K, 0% used [0x00000007a0280000,0x00000007a0280000,0x00000007a0e80000)
 ParOldGen       total 82944K, used 19075K [0x0000000740000000, 0x0000000745100000, 0x0000000795580000)
  object space 82944K, 22% used [0x0000000740000000,0x00000007412a0c00,0x0000000745100000)
 Metaspace       used 34522K, capacity 35202K, committed 35416K, reserved 1079296K
  class space    used 4759K, capacity 4926K, committed 4952K, reserved 1048576K
}
Event: 18.140 GC heap before
{Heap before GC invocations=12 (full 2):
 PSYoungGen      total 120832K, used 109568K [0x0000000795580000, 0x00000007a0e80000, 0x00000007c0000000)
  eden space 109568K, 100% used [0x0000000795580000,0x000000079c080000,0x000000079c080000)
  from space 11264K, 0% used [0x000000079c080000,0x000000079c080000,0x000000079cb80000)
  to   space 12288K, 0% used [0x00000007a0280000,0x00000007a0280000,0x00000007a0e80000)
 ParOldGen       total 82944K, used 19075K [0x0000000740000000, 0x0000000745100000, 0x0000000795580000)
  object space 82944K, 22% used [0x0000000740000000,0x00000007412a0c00,0x0000000745100000)
 Metaspace       used 42214K, capacity 43170K, committed 43480K, reserved 1087488K
  class space    used 5802K, capacity 6101K, committed 6104K, reserved 1048576K
Event: 18.160 GC heap after
Heap after GC invocations=12 (full 2):
 PSYoungGen      total 148992K, used 10081K [0x0000000795580000, 0x00000007a0c80000, 0x00000007c0000000)
  eden space 138752K, 0% used [0x0000000795580000,0x0000000795580000,0x000000079dd00000)
  from space 10240K, 98% used [0x00000007a0280000,0x00000007a0c58440,0x00000007a0c80000)
  to   space 12800K, 0% used [0x000000079f380000,0x000000079f380000,0x00000007a0000000)
 ParOldGen       total 82944K, used 19147K [0x0000000740000000, 0x0000000745100000, 0x0000000795580000)
  object space 82944K, 23% used [0x0000000740000000,0x00000007412b2c10,0x0000000745100000)
 Metaspace       used 42214K, capacity 43170K, committed 43480K, reserved 1087488K
  class space    used 5802K, capacity 6101K, committed 6104K, reserved 1048576K
}
Event: 20.162 GC heap before
{Heap before GC invocations=13 (full 2):
 PSYoungGen      total 148992K, used 148833K [0x0000000795580000, 0x00000007a0c80000, 0x00000007c0000000)
  eden space 138752K, 100% used [0x0000000795580000,0x000000079dd00000,0x000000079dd00000)
  from space 10240K, 98% used [0x00000007a0280000,0x00000007a0c58440,0x00000007a0c80000)
  to   space 12800K, 0% used [0x000000079f380000,0x000000079f380000,0x00000007a0000000)
 ParOldGen       total 82944K, used 19147K [0x0000000740000000, 0x0000000745100000, 0x0000000795580000)
  object space 82944K, 23% used [0x0000000740000000,0x00000007412b2c10,0x0000000745100000)
 Metaspace       used 49601K, capacity 51016K, committed 51160K, reserved 1093632K
  class space    used 6865K, capacity 7262K, committed 7384K, reserved 1048576K
Event: 20.200 GC heap after
Heap after GC invocations=13 (full 2):
 PSYoungGen      total 174592K, used 12768K [0x0000000795580000, 0x00000007a2100000, 0x00000007c0000000)
  eden space 161792K, 0% used [0x0000000795580000,0x0000000795580000,0x000000079f380000)
  from space 12800K, 99% used [0x000000079f380000,0x000000079fff8220,0x00000007a0000000)
  to   space 16384K, 0% used [0x00000007a1100000,0x00000007a1100000,0x00000007a2100000)
 ParOldGen       total 82944K, used 24971K [0x0000000740000000, 0x0000000745100000, 0x0000000795580000)
  object space 82944K, 30% used [0x0000000740000000,0x0000000741862d28,0x0000000745100000)
 Metaspace       used 49601K, capacity 51016K, committed 51160K, reserved 1093632K
  class space    used 6865K, capacity 7262K, committed 7384K, reserved 1048576K
}

Deoptimization events (10 events):
Event: 21.469 Thread 0x00007fe867003000 Uncommon trap: reason=predicate action=maybe_recompile pc=0x000000011aa7f07c method=java.util.Collections.indexedBinarySearch(Ljava/util/List;Ljava/lang/Object;)I @ 16
Event: 21.550 Thread 0x00007fe867003000 Uncommon trap: reason=range_check action=make_not_entrant pc=0x000000011aacaa7c method=sun.nio.fs.UnixDirectoryStream$UnixDirectoryIterator.isSelfOrParent([B)Z @ 2
Event: 21.562 Thread 0x00007fe867003000 Uncommon trap: reason=range_check action=make_not_entrant pc=0x000000011aad5014 method=sun.nio.fs.UnixDirectoryStream$UnixDirectoryIterator.isSelfOrParent([B)Z @ 2
Event: 21.572 Thread 0x00007fe867003000 Uncommon trap: reason=unstable_if action=reinterpret pc=0x000000011a9de8a4 method=com.esotericsoftware.kryo.io.Input.readString()Ljava/lang/String; @ 38
Event: 21.629 Thread 0x00007fe867003000 Uncommon trap: reason=unstable_if action=reinterpret pc=0x000000011a3242d4 method=com.sun.org.apache.xerces.internal.impl.XMLEntityScanner.checkBeforeLoad(Lcom/sun/xml/internal/stream/Entity$ScannedEntity;II)I @ 18
Event: 21.632 Thread 0x00007fe867003000 Uncommon trap: reason=unstable_if action=reinterpret pc=0x000000011a4a345c method=com.sun.org.apache.xerces.internal.impl.XMLEntityScanner.scanLiteral(ILcom/sun/org/apache/xerces/internal/xni/XMLString;Z)I @ 44
Event: 21.650 Thread 0x00007fe867003000 Uncommon trap: reason=unstable_if action=reinterpret pc=0x000000011a3c09a4 method=com.sun.org.apache.xerces.internal.impl.XMLEntityScanner.scanContent(Lcom/sun/org/apache/xerces/internal/xni/XMLString;)I @ 418
Event: 21.664 Thread 0x00007fe867003000 Uncommon trap: reason=unstable_if action=reinterpret pc=0x0000000119d897fc method=sun.nio.cs.UTF_8$Decoder.decodeArrayLoop(Ljava/nio/ByteBuffer;Ljava/nio/CharBuffer;)Ljava/nio/charset/CoderResult; @ 280
Event: 21.962 Thread 0x00007fe867003000 Uncommon trap: reason=unstable_if action=reinterpret pc=0x000000011aa767f4 method=sun.nio.cs.UTF_8$Encoder.encodeArrayLoop(Ljava/nio/CharBuffer;Ljava/nio/ByteBuffer;)Ljava/nio/charset/CoderResult; @ 113
Event: 21.963 Thread 0x00007fe867003000 Uncommon trap: reason=unstable_if action=reinterpret pc=0x000000011a9ce19c method=sun.nio.cs.UTF_8$Encoder.encodeArrayLoop(Ljava/nio/CharBuffer;Ljava/nio/ByteBuffer;)Ljava/nio/charset/CoderResult; @ 113

Classes redefined (0 events):
No events

Internal exceptions (10 events):
Event: 20.675 Thread 0x00007fe867003000 Exception <a 'java/lang/ClassNotFoundException': react_800fqhh3baidhq44oxee6vlnk$_run_closure1$_closure4$_closure5BeanInfo> (0x00000007985b6878) thrown at [/Users/java_re/workspace/8-2-build-macosx-x86_64/jdk8u162/10278/hotspot/src/share/vm/classfile/syst
Event: 20.676 Thread 0x00007fe867003000 Exception <a 'java/lang/ClassNotFoundException': react_800fqhh3baidhq44oxee6vlnk$_run_closure1$_closure4$_closure5Customizer> (0x00000007985c5888) thrown at [/Users/java_re/workspace/8-2-build-macosx-x86_64/jdk8u162/10278/hotspot/src/share/vm/classfile/sy
Event: 20.679 Thread 0x00007fe867003000 Exception <a 'java/lang/ClassNotFoundException': org/gradle/api/internal/tasks/DefaultTaskInputsBeanInfo> (0x000000079860b3f0) thrown at [/Users/java_re/workspace/8-2-build-macosx-x86_64/jdk8u162/10278/hotspot/src/share/vm/classfile/systemDictionary.cpp, 
Event: 20.679 Thread 0x00007fe867003000 Exception <a 'java/lang/ClassNotFoundException': org/gradle/api/internal/tasks/DefaultTaskInputsCustomizer> (0x000000079861c458) thrown at [/Users/java_re/workspace/8-2-build-macosx-x86_64/jdk8u162/10278/hotspot/src/share/vm/classfile/systemDictionary.cpp
Event: 20.682 Thread 0x00007fe867003000 Exception <a 'java/lang/ClassNotFoundException': org/gradle/api/internal/tasks/DefaultTaskOutputsBeanInfo> (0x000000079865dfb0) thrown at [/Users/java_re/workspace/8-2-build-macosx-x86_64/jdk8u162/10278/hotspot/src/share/vm/classfile/systemDictionary.cpp,
Event: 20.682 Thread 0x00007fe867003000 Exception <a 'java/lang/ClassNotFoundException': org/gradle/api/internal/tasks/DefaultTaskOutputsCustomizer> (0x000000079866f020) thrown at [/Users/java_re/workspace/8-2-build-macosx-x86_64/jdk8u162/10278/hotspot/src/share/vm/classfile/systemDictionary.cp
Event: 20.687 Thread 0x00007fe867003000 Exception <a 'java/lang/ClassNotFoundException': org/apache/tools/ant/taskdefs/condition/OsBeanInfo> (0x00000007986aba98) thrown at [/Users/java_re/workspace/8-2-build-macosx-x86_64/jdk8u162/10278/hotspot/src/share/vm/classfile/systemDictionary.cpp, line 
Event: 20.688 Thread 0x00007fe867003000 Exception <a 'java/lang/ClassNotFoundException': org/apache/tools/ant/taskdefs/condition/OsCustomizer> (0x00000007986b6560) thrown at [/Users/java_re/workspace/8-2-build-macosx-x86_64/jdk8u162/10278/hotspot/src/share/vm/classfile/systemDictionary.cpp, lin
Event: 21.096 Thread 0x00007fe867003000 Implicit null exception at 0x000000011a625c2c to 0x000000011a625ca1
Event: 21.105 Thread 0x00007fe867003000 Implicit null exception at 0x0000000119da51dd to 0x0000000119da549d

Events (10 events):
Event: 21.970 loading class com/google/common/cache/LocalCache$AbstractCacheSet
Event: 21.970 loading class com/google/common/cache/LocalCache$AbstractCacheSet done
Event: 21.971 loading class com/google/common/cache/LocalCache$EntryIterator
Event: 21.971 loading class com/google/common/cache/LocalCache$EntryIterator done
Event: 21.971 loading class com/google/common/cache/LocalCache$HashIterator
Event: 21.972 loading class com/google/common/cache/LocalCache$HashIterator done
Event: 21.972 loading class com/google/common/cache/LocalCache$WriteThroughEntry
Event: 21.972 loading class com/google/common/cache/LocalCache$WriteThroughEntry done
Event: 21.975 loading class java/util/concurrent/ConcurrentHashMap$MapEntry
Event: 21.976 loading class java/util/concurrent/ConcurrentHashMap$MapEntry done


Dynamic libraries:
0x000000002dc33000 	/System/Library/Frameworks/Cocoa.framework/Versions/A/Cocoa
0x000000002dc33000 	/System/Library/Frameworks/Security.framework/Versions/A/Security
0x000000002dc33000 	/System/Library/Frameworks/ApplicationServices.framework/Versions/A/ApplicationServices
0x000000002dc33000 	/usr/lib/libz.1.dylib
0x000000002dc33000 	/usr/lib/libSystem.B.dylib
0x000000002dc33000 	/usr/lib/libobjc.A.dylib
0x000000002dc33000 	/System/Library/Frameworks/CoreFoundation.framework/Versions/A/CoreFoundation
0x000000002dc33000 	/System/Library/Frameworks/Foundation.framework/Versions/C/Foundation
0x000000002dc33000 	/System/Library/Frameworks/AppKit.framework/Versions/C/AppKit
0x000000002dc33000 	/System/Library/Frameworks/CoreData.framework/Versions/A/CoreData
0x000000002dc33000 	/System/Library/PrivateFrameworks/RemoteViewServices.framework/Versions/A/RemoteViewServices
0x000000002dc33000 	/System/Library/PrivateFrameworks/UIFoundation.framework/Versions/A/UIFoundation
0x000000002dc33000 	/System/Library/PrivateFrameworks/DFRFoundation.framework/Versions/A/DFRFoundation
0x000000002dc33000 	/usr/lib/libenergytrace.dylib
0x000000002dc33000 	/System/Library/PrivateFrameworks/SkyLight.framework/Versions/A/SkyLight
0x000000002dc33000 	/System/Library/Frameworks/CoreGraphics.framework/Versions/A/CoreGraphics
0x000000002dc33000 	/usr/lib/libScreenReader.dylib
0x000000002dc33000 	/System/Library/Frameworks/Accelerate.framework/Versions/A/Accelerate
0x000000002dc33000 	/System/Library/Frameworks/IOSurface.framework/Versions/A/IOSurface
0x000000002dc33000 	/System/Library/Frameworks/AudioToolbox.framework/Versions/A/AudioToolbox
0x000000002dc33000 	/System/Library/Frameworks/AudioUnit.framework/Versions/A/AudioUnit
0x000000002dc33000 	/System/Library/PrivateFrameworks/DataDetectorsCore.framework/Versions/A/DataDetectorsCore
0x000000002dc33000 	/System/Library/PrivateFrameworks/DesktopServicesPriv.framework/Versions/A/DesktopServicesPriv
0x000000002dc33000 	/System/Library/Frameworks/Carbon.framework/Versions/A/Frameworks/HIToolbox.framework/Versions/A/HIToolbox
0x000000002dc33000 	/usr/lib/libicucore.A.dylib
0x000000002dc33000 	/System/Library/Frameworks/QuartzCore.framework/Versions/A/QuartzCore
0x000000002dc33000 	/System/Library/Frameworks/Carbon.framework/Versions/A/Frameworks/SpeechRecognition.framework/Versions/A/SpeechRecognition
0x000000002dc33000 	/usr/lib/libauto.dylib
0x000000002dc33000 	/usr/lib/libxml2.2.dylib
0x000000002dc33000 	/System/Library/PrivateFrameworks/CoreUI.framework/Versions/A/CoreUI
0x000000002dc33000 	/System/Library/Frameworks/CoreAudio.framework/Versions/A/CoreAudio
0x000000002dc33000 	/System/Library/Frameworks/DiskArbitration.framework/Versions/A/DiskArbitration
0x000000002dc33000 	/usr/lib/liblangid.dylib
0x000000002dc33000 	/System/Library/PrivateFrameworks/MultitouchSupport.framework/Versions/A/MultitouchSupport
0x000000002dc33000 	/System/Library/Frameworks/IOKit.framework/Versions/A/IOKit
0x000000002dc33000 	/usr/lib/libDiagnosticMessagesClient.dylib
0x000000002dc33000 	/System/Library/Frameworks/CoreServices.framework/Versions/A/CoreServices
0x000000002dc33000 	/System/Library/PrivateFrameworks/PerformanceAnalysis.framework/Versions/A/PerformanceAnalysis
0x000000002dc33000 	/System/Library/PrivateFrameworks/GenerationalStorage.framework/Versions/A/GenerationalStorage
0x000000002dc33000 	/System/Library/Frameworks/OpenGL.framework/Versions/A/OpenGL
0x000000002dc33000 	/System/Library/Frameworks/CoreImage.framework/Versions/A/CoreImage
0x000000002dc33000 	/System/Library/Frameworks/CoreText.framework/Versions/A/CoreText
0x000000002dc33000 	/System/Library/Frameworks/ImageIO.framework/Versions/A/ImageIO
0x000000002dc33000 	/System/Library/PrivateFrameworks/Backup.framework/Versions/A/Backup
0x000000002dc33000 	/usr/lib/libarchive.2.dylib
0x000000002dc33000 	/System/Library/Frameworks/CFNetwork.framework/Versions/A/CFNetwork
0x000000002dc33000 	/System/Library/Frameworks/SystemConfiguration.framework/Versions/A/SystemConfiguration
0x000000002dc33000 	/usr/lib/libCRFSuite.dylib
0x000000002dc33000 	/usr/lib/libc++.1.dylib
0x000000002dc33000 	/usr/lib/libc++abi.dylib
0x000000002dc33000 	/usr/lib/system/libcache.dylib
0x000000002dc33000 	/usr/lib/system/libcommonCrypto.dylib
0x000000002dc33000 	/usr/lib/system/libcompiler_rt.dylib
0x000000002dc33000 	/usr/lib/system/libcopyfile.dylib
0x000000002dc33000 	/usr/lib/system/libcorecrypto.dylib
0x000000002dc33000 	/usr/lib/system/libdispatch.dylib
0x000000002dc33000 	/usr/lib/system/libdyld.dylib
0x000000002dc33000 	/usr/lib/system/libkeymgr.dylib
0x000000002dc33000 	/usr/lib/system/liblaunch.dylib
0x000000002dc33000 	/usr/lib/system/libmacho.dylib
0x000000002dc33000 	/usr/lib/system/libquarantine.dylib
0x000000002dc33000 	/usr/lib/system/libremovefile.dylib
0x000000002dc33000 	/usr/lib/system/libsystem_asl.dylib
0x000000002dc33000 	/usr/lib/system/libsystem_blocks.dylib
0x000000002dc33000 	/usr/lib/system/libsystem_c.dylib
0x000000002dc33000 	/usr/lib/system/libsystem_configuration.dylib
0x000000002dc33000 	/usr/lib/system/libsystem_coreservices.dylib
0x000000002dc33000 	/usr/lib/system/libsystem_coretls.dylib
0x000000002dc33000 	/usr/lib/system/libsystem_dnssd.dylib
0x000000002dc33000 	/usr/lib/system/libsystem_info.dylib
0x000000002dc33000 	/usr/lib/system/libsystem_kernel.dylib
0x000000002dc33000 	/usr/lib/system/libsystem_m.dylib
0x000000002dc33000 	/usr/lib/system/libsystem_malloc.dylib
0x000000002dc33000 	/usr/lib/system/libsystem_network.dylib
0x000000002dc33000 	/usr/lib/system/libsystem_networkextension.dylib
0x000000002dc33000 	/usr/lib/system/libsystem_notify.dylib
0x000000002dc33000 	/usr/lib/system/libsystem_platform.dylib
0x000000002dc33000 	/usr/lib/system/libsystem_pthread.dylib
0x000000002dc33000 	/usr/lib/system/libsystem_sandbox.dylib
0x000000002dc33000 	/usr/lib/system/libsystem_secinit.dylib
0x000000002dc33000 	/usr/lib/system/libsystem_symptoms.dylib
0x000000002dc33000 	/usr/lib/system/libsystem_trace.dylib
0x000000002dc33000 	/usr/lib/system/libunwind.dylib
0x000000002dc33000 	/usr/lib/system/libxpc.dylib
0x000000002dc33000 	/usr/lib/libbsm.0.dylib
0x000000002dc33000 	/usr/lib/system/libkxld.dylib
0x000000002dc33000 	/usr/lib/libcoretls.dylib
0x000000002dc33000 	/usr/lib/libcoretls_cfhelpers.dylib
0x000000002dc33000 	/usr/lib/libOpenScriptingUtil.dylib
0x000000002dc33000 	/usr/lib/libpam.2.dylib
0x000000002dc33000 	/usr/lib/libsqlite3.dylib
0x000000002dc33000 	/usr/lib/libxar.1.dylib
0x000000002dc33000 	/usr/lib/libbz2.1.0.dylib
0x000000002dc33000 	/usr/lib/liblzma.5.dylib
0x000000002dc33000 	/usr/lib/libnetwork.dylib
0x000000002dc33000 	/usr/lib/libpcap.A.dylib
0x000000002dc33000 	/System/Library/Frameworks/CoreServices.framework/Versions/A/Frameworks/FSEvents.framework/Versions/A/FSEvents
0x000000002dc33000 	/System/Library/Frameworks/CoreServices.framework/Versions/A/Frameworks/CarbonCore.framework/Versions/A/CarbonCore
0x000000002dc33000 	/System/Library/Frameworks/CoreServices.framework/Versions/A/Frameworks/Metadata.framework/Versions/A/Metadata
0x000000002dc33000 	/System/Library/Frameworks/CoreServices.framework/Versions/A/Frameworks/OSServices.framework/Versions/A/OSServices
0x000000002dc33000 	/System/Library/Frameworks/CoreServices.framework/Versions/A/Frameworks/SearchKit.framework/Versions/A/SearchKit
0x000000002dc33000 	/System/Library/Frameworks/CoreServices.framework/Versions/A/Frameworks/AE.framework/Versions/A/AE
0x000000002dc33000 	/System/Library/Frameworks/CoreServices.framework/Versions/A/Frameworks/LaunchServices.framework/Versions/A/LaunchServices
0x000000002dc33000 	/System/Library/Frameworks/CoreServices.framework/Versions/A/Frameworks/DictionaryServices.framework/Versions/A/DictionaryServices
0x000000002dc33000 	/System/Library/Frameworks/CoreServices.framework/Versions/A/Frameworks/SharedFileList.framework/Versions/A/SharedFileList
0x000000002dc33000 	/System/Library/Frameworks/NetFS.framework/Versions/A/NetFS
0x000000002dc33000 	/System/Library/PrivateFrameworks/NetAuth.framework/Versions/A/NetAuth
0x000000002dc33000 	/System/Library/PrivateFrameworks/login.framework/Versions/A/Frameworks/loginsupport.framework/Versions/A/loginsupport
0x000000002dc33000 	/System/Library/PrivateFrameworks/TCC.framework/Versions/A/TCC
0x000000002dc33000 	/usr/lib/libmecabra.dylib
0x000000002dc33000 	/System/Library/Frameworks/ApplicationServices.framework/Versions/A/Frameworks/ATS.framework/Versions/A/ATS
0x000000002dc33000 	/System/Library/Frameworks/ApplicationServices.framework/Versions/A/Frameworks/ColorSync.framework/Versions/A/ColorSync
0x000000002dc33000 	/System/Library/Frameworks/ApplicationServices.framework/Versions/A/Frameworks/HIServices.framework/Versions/A/HIServices
0x000000002dc33000 	/System/Library/Frameworks/ApplicationServices.framework/Versions/A/Frameworks/LangAnalysis.framework/Versions/A/LangAnalysis
0x000000002dc33000 	/System/Library/Frameworks/ApplicationServices.framework/Versions/A/Frameworks/PrintCore.framework/Versions/A/PrintCore
0x000000002dc33000 	/System/Library/Frameworks/ApplicationServices.framework/Versions/A/Frameworks/QD.framework/Versions/A/QD
0x000000002dc33000 	/System/Library/Frameworks/ApplicationServices.framework/Versions/A/Frameworks/SpeechSynthesis.framework/Versions/A/SpeechSynthesis
0x000000002dc33000 	/System/Library/Frameworks/Accelerate.framework/Versions/A/Frameworks/vImage.framework/Versions/A/vImage
0x000000002dc33000 	/System/Library/Frameworks/Accelerate.framework/Versions/A/Frameworks/vecLib.framework/Versions/A/vecLib
0x000000002dc33000 	/System/Library/Frameworks/Accelerate.framework/Versions/A/Frameworks/vecLib.framework/Versions/A/libvDSP.dylib
0x000000002dc33000 	/System/Library/Frameworks/Accelerate.framework/Versions/A/Frameworks/vecLib.framework/Versions/A/libBNNS.dylib
0x000000002dc33000 	/System/Library/Frameworks/Accelerate.framework/Versions/A/Frameworks/vecLib.framework/Versions/A/libQuadrature.dylib
0x000000002dc33000 	/System/Library/Frameworks/Accelerate.framework/Versions/A/Frameworks/vecLib.framework/Versions/A/libvMisc.dylib
0x000000002dc33000 	/System/Library/Frameworks/Accelerate.framework/Versions/A/Frameworks/vecLib.framework/Versions/A/libLAPACK.dylib
0x000000002dc33000 	/System/Library/Frameworks/Accelerate.framework/Versions/A/Frameworks/vecLib.framework/Versions/A/libBLAS.dylib
0x000000002dc33000 	/System/Library/Frameworks/Accelerate.framework/Versions/A/Frameworks/vecLib.framework/Versions/A/libLinearAlgebra.dylib
0x000000002dc33000 	/System/Library/Frameworks/Accelerate.framework/Versions/A/Frameworks/vecLib.framework/Versions/A/libSparseBLAS.dylib
0x000000002dc33000 	/System/Library/Frameworks/ApplicationServices.framework/Versions/A/Frameworks/ATS.framework/Versions/A/Resources/libFontParser.dylib
0x000000002dc33000 	/System/Library/Frameworks/ApplicationServices.framework/Versions/A/Frameworks/ATS.framework/Versions/A/Resources/libFontRegistry.dylib
0x000000002dc33000 	/System/Library/Frameworks/ImageIO.framework/Versions/A/Resources/libJPEG.dylib
0x000000002dc33000 	/System/Library/Frameworks/ImageIO.framework/Versions/A/Resources/libTIFF.dylib
0x000000002dc33000 	/System/Library/Frameworks/ImageIO.framework/Versions/A/Resources/libPng.dylib
0x000000002dc33000 	/System/Library/Frameworks/ImageIO.framework/Versions/A/Resources/libGIF.dylib
0x000000002dc33000 	/System/Library/Frameworks/ImageIO.framework/Versions/A/Resources/libJP2.dylib
0x000000002dc33000 	/System/Library/Frameworks/ImageIO.framework/Versions/A/Resources/libRadiance.dylib
0x000000002dc33000 	/usr/lib/libcompression.dylib
0x000000002dc33000 	/System/Library/PrivateFrameworks/AppleJPEG.framework/Versions/A/AppleJPEG
0x000000002dc33000 	/usr/lib/libcups.2.dylib
0x000000002dc33000 	/System/Library/Frameworks/Kerberos.framework/Versions/A/Kerberos
0x000000002dc33000 	/System/Library/Frameworks/GSS.framework/Versions/A/GSS
0x000000002dc33000 	/usr/lib/libresolv.9.dylib
0x000000002dc33000 	/usr/lib/libiconv.2.dylib
0x000000002dc33000 	/System/Library/PrivateFrameworks/Heimdal.framework/Versions/A/Heimdal
0x000000002dc33000 	/usr/lib/libheimdal-asn1.dylib
0x000000002dc33000 	/System/Library/Frameworks/OpenDirectory.framework/Versions/A/OpenDirectory
0x000000002dc33000 	/System/Library/PrivateFrameworks/CommonAuth.framework/Versions/A/CommonAuth
0x000000002dc33000 	/System/Library/Frameworks/OpenDirectory.framework/Versions/A/Frameworks/CFOpenDirectory.framework/Versions/A/CFOpenDirectory
0x000000002dc33000 	/System/Library/Frameworks/SecurityFoundation.framework/Versions/A/SecurityFoundation
0x000000002dc33000 	/System/Library/PrivateFrameworks/LanguageModeling.framework/Versions/A/LanguageModeling
0x000000002dc33000 	/usr/lib/libmarisa.dylib
0x000000002dc33000 	/usr/lib/libChineseTokenizer.dylib
0x000000002dc33000 	/usr/lib/libcmph.dylib
0x000000002dc33000 	/System/Library/PrivateFrameworks/CoreEmoji.framework/Versions/A/CoreEmoji
0x000000002dc33000 	/System/Library/Frameworks/ServiceManagement.framework/Versions/A/ServiceManagement
0x000000002dc33000 	/usr/lib/libxslt.1.dylib
0x000000002dc33000 	/System/Library/Frameworks/Carbon.framework/Versions/A/Frameworks/Ink.framework/Versions/A/Ink
0x000000002dc33000 	/System/Library/PrivateFrameworks/TextureIO.framework/Versions/A/TextureIO
0x000000002dc33000 	/System/Library/Frameworks/Metal.framework/Versions/A/Metal
0x000000002dc33000 	/usr/lib/libate.dylib
0x000000002dc33000 	/System/Library/PrivateFrameworks/GPUCompiler.framework/libmetal_timestamp.dylib
0x000000002dc33000 	/System/Library/Frameworks/OpenGL.framework/Versions/A/Libraries/libCoreFSCache.dylib
0x000000002dc33000 	/System/Library/PrivateFrameworks/IOAccelerator.framework/Versions/A/IOAccelerator
0x000000002dc33000 	/System/Library/Frameworks/CoreVideo.framework/Versions/A/CoreVideo
0x000000002dc33000 	/usr/lib/libFosl_dynamic.dylib
0x000000002dc33000 	/System/Library/PrivateFrameworks/MetalPerformanceShaders.framework/Versions/A/MetalPerformanceShaders
0x000000002dc33000 	/System/Library/PrivateFrameworks/FaceCore.framework/Versions/A/FaceCore
0x000000002dc33000 	/System/Library/Frameworks/OpenCL.framework/Versions/A/OpenCL
0x000000002dc33000 	/System/Library/Frameworks/OpenGL.framework/Versions/A/Libraries/libGLU.dylib
0x000000002dc33000 	/System/Library/Frameworks/OpenGL.framework/Versions/A/Libraries/libGFXShared.dylib
0x000000002dc33000 	/System/Library/Frameworks/OpenGL.framework/Versions/A/Libraries/libGL.dylib
0x000000002dc33000 	/System/Library/Frameworks/OpenGL.framework/Versions/A/Libraries/libGLImage.dylib
0x000000002dc33000 	/System/Library/Frameworks/OpenGL.framework/Versions/A/Libraries/libCVMSPluginSupport.dylib
0x000000002dc33000 	/System/Library/Frameworks/OpenGL.framework/Versions/A/Libraries/libCoreVMClient.dylib
0x000000002dc33000 	/System/Library/PrivateFrameworks/CrashReporterSupport.framework/Versions/A/CrashReporterSupport
0x000000002dc33000 	/System/Library/PrivateFrameworks/Sharing.framework/Versions/A/Sharing
0x000000002dc33000 	/System/Library/PrivateFrameworks/IconServices.framework/Versions/A/IconServices
0x000000002dc33000 	/System/Library/PrivateFrameworks/ProtocolBuffer.framework/Versions/A/ProtocolBuffer
0x000000002dc33000 	/System/Library/PrivateFrameworks/Apple80211.framework/Versions/A/Apple80211
0x000000002dc33000 	/System/Library/Frameworks/CoreWLAN.framework/Versions/A/CoreWLAN
0x000000002dc33000 	/System/Library/PrivateFrameworks/CoreUtils.framework/Versions/A/CoreUtils
0x000000002dc33000 	/System/Library/Frameworks/IOBluetooth.framework/Versions/A/IOBluetooth
0x000000002dc33000 	/System/Library/PrivateFrameworks/CoreWiFi.framework/Versions/A/CoreWiFi
0x000000002dc33000 	/System/Library/Frameworks/CoreBluetooth.framework/Versions/A/CoreBluetooth
0x000000002dc33000 	/System/Library/Frameworks/CoreDisplay.framework/Versions/A/CoreDisplay
0x000000002dc33000 	/System/Library/PrivateFrameworks/IOPresentment.framework/Versions/A/IOPresentment
0x000000002dc33000 	/System/Library/PrivateFrameworks/DSExternalDisplay.framework/Versions/A/DSExternalDisplay
0x000000002dc33000 	/System/Library/PrivateFrameworks/DebugSymbols.framework/Versions/A/DebugSymbols
0x000000002dc33000 	/System/Library/PrivateFrameworks/CoreSymbolication.framework/Versions/A/CoreSymbolication
0x000000002dc33000 	/System/Library/PrivateFrameworks/Symbolication.framework/Versions/A/Symbolication
0x000000002dc33000 	/System/Library/PrivateFrameworks/AppleFSCompression.framework/Versions/A/AppleFSCompression
0x000000002dc33000 	/System/Library/PrivateFrameworks/SpeechRecognitionCore.framework/Versions/A/SpeechRecognitionCore
0x000000002dc33000 	/System/Library/PrivateFrameworks/ChunkingLibrary.framework/Versions/A/ChunkingLibrary
0x000000010fa00000 	/Library/Java/JavaVirtualMachines/jdk1.8.0_162.jdk/Contents/Home/jre/lib/server/libjvm.dylib
0x000000002dc33000 	/usr/lib/libstdc++.6.dylib
0x000000010f12f000 	/Library/Java/JavaVirtualMachines/jdk1.8.0_162.jdk/Contents/Home/jre/lib/libverify.dylib
0x000000010f13d000 	/Library/Java/JavaVirtualMachines/jdk1.8.0_162.jdk/Contents/Home/jre/lib/libjava.dylib
0x000000010f17d000 	/Library/Java/JavaVirtualMachines/jdk1.8.0_162.jdk/Contents/Home/jre/lib/libzip.dylib
0x0000000118c39000 	/Library/Java/JavaVirtualMachines/jdk1.8.0_162.jdk/Contents/Home/jre/lib/libnet.dylib
0x0000000118c98000 	/Library/Java/JavaVirtualMachines/jdk1.8.0_162.jdk/Contents/Home/jre/lib/libnio.dylib
0x000000011921f000 	/Users/foxhole/.gradle/native/19/osx-amd64/libnative-platform.dylib
0x0000000119224000 	/Users/foxhole/.gradle/native/19/osx-amd64/libnative-platform-curses.dylib
0x000000002dc33000 	/usr/lib/libncurses.5.4.dylib
0x0000000119228000 	/private/var/folders/8z/5nhb0vkx37b1zn0gk0cm4c500000gn/T/jna5227321517667391401.tmp
0x000000011923d000 	/System/Library/Frameworks/JavaVM.framework/Versions/A/JavaVM
0x000000011924a000 	/System/Library/PrivateFrameworks/JavaLaunching.framework/Versions/A/JavaLaunching
0x0000000119256000 	/Library/Java/JavaVirtualMachines/jdk1.8.0_162.jdk/Contents/Home/jre/lib/libmanagement.dylib
0x000000011908c000 	/Library/Java/JavaVirtualMachines/jdk1.8.0_162.jdk/Contents/Home/jre/lib/libsunec.dylib

VM Arguments:
jvm_args: -Dorg.gradle.appname=gradlew 
java_command: org.gradle.wrapper.GradleWrapperMain installDebug
java_class_path (initial): /Users/foxhole/Sandbox/brainbox/BrainboxApplication/android/gradle/wrapper/gradle-wrapper.jar
Launcher Type: SUN_STANDARD

Environment Variables:
JAVA_HOME=/Library/Java/JavaVirtualMachines/jdk1.8.0_162.jdk/Contents/Home
PATH=/Users/foxhole/Sandbox/brainbox/BrainboxApplication/node_modules/.bin:/usr/local/lib/node_modules/npm/node_modules/npm-lifecycle/node-gyp-bin:/Users/foxhole/Sandbox/brainbox/BrainboxApplication/node_modules/.bin:/Users/foxhole/bin:/usr/local/bin:/usr/local/bin:/usr/bin:/bin:/usr/sbin:/sbin:/Users/foxhole/Library/Android/sdk/tools:/Users/foxhole/Library/Android/sdk/platform-tools
SHELL=/bin/bash

Signal Handlers:
SIGSEGV: [libjvm.dylib+0x5b52b5], sa_mask[0]=11111111011111110111111111111111, sa_flags=SA_ONSTACK|SA_RESTART|SA_SIGINFO
SIGBUS: [libjvm.dylib+0x5b52b5], sa_mask[0]=11111111011111110111111111111111, sa_flags=SA_RESTART|SA_SIGINFO
SIGFPE: [libjvm.dylib+0x48ac5c], sa_mask[0]=11111111011111110111111111111111, sa_flags=SA_RESTART|SA_SIGINFO
SIGPIPE: [libjvm.dylib+0x48ac5c], sa_mask[0]=11111111011111110111111111111111, sa_flags=SA_RESTART|SA_SIGINFO
SIGXFSZ: [libjvm.dylib+0x48ac5c], sa_mask[0]=11111111011111110111111111111111, sa_flags=SA_RESTART|SA_SIGINFO
SIGILL: [libjvm.dylib+0x48ac5c], sa_mask[0]=11111111011111110111111111111111, sa_flags=SA_RESTART|SA_SIGINFO
SIGUSR1: SIG_DFL, sa_mask[0]=00000000000000000000000000000000, sa_flags=SA_RESTART
SIGUSR2: [libjvm.dylib+0x48a77a], sa_mask[0]=00000000000000000000000000000000, sa_flags=SA_RESTART|SA_SIGINFO
SIGHUP: [libjvm.dylib+0x488d45], sa_mask[0]=11111111011111110111111111111111, sa_flags=SA_RESTART|SA_SIGINFO
SIGINT: [libjvm.dylib+0x488d45], sa_mask[0]=11111111011111110111111111111111, sa_flags=SA_RESTART|SA_SIGINFO
SIGTERM: [libjvm.dylib+0x488d45], sa_mask[0]=11111111011111110111111111111111, sa_flags=SA_RESTART|SA_SIGINFO
SIGQUIT: [libjvm.dylib+0x488d45], sa_mask[0]=11111111011111110111111111111111, sa_flags=SA_RESTART|SA_SIGINFO


---------------  S Y S T E M  ---------------

OS:Bsduname:Darwin 16.7.0 Darwin Kernel Version 16.7.0: Thu Jan 11 22:59:40 PST 2018; root:xnu-3789.73.8~1/RELEASE_X86_64 x86_64
rlimit: STACK 8192k, CORE 0k, NPROC 709, NOFILE 10240, AS infinity
load average:1.91 2.09 2.15

CPU:total 4 (initial active 4) (2 cores per cpu, 2 threads per core) family 6 model 61 stepping 4, cmov, cx8, fxsr, mmx, sse, sse2, sse3, ssse3, sse4.1, sse4.2, popcnt, avx, avx2, aes, clmul, erms, 3dnowpref, lzcnt, ht, tsc, tscinvbit, bmi1, bmi2, adx

Memory: 4k page, physical 8388608k(83852k free)

/proc/meminfo:


vm_info: Java HotSpot(TM) 64-Bit Server VM (25.162-b12) for bsd-amd64 JRE (1.8.0_162-b12), built on Dec 19 2017 17:33:35 by "java_re" with gcc 4.2.1 (Based on Apple Inc. build 5658) (LLVM build 2336.11.00)

time: Tue May  1 22:39:19 2018
elapsed time: 22 seconds (0d 0h 0m 22s)

