#
# A fatal error has been detected by the Java Runtime Environment:
#
#  SIGSEGV (0xb) at pc=0x000000010808a7a8, pid=57560, tid=0x0000000000000307
#
# JRE version: Java(TM) SE Runtime Environment (8.0_162-b12) (build 1.8.0_162-b12)
# Java VM: Java HotSpot(TM) 64-Bit Server VM (25.162-b12 mixed mode bsd-amd64 compressed oops)
# Problematic frame:
# V  [libjvm.dylib+0x48a7a8]
#
# Failed to write core dump. Core dumps have been disabled. To enable core dumping, try "ulimit -c unlimited" before starting Java again
#
# If you would like to submit a bug report, please visit:
#   http://bugreport.java.com/bugreport/crash.jsp
#

---------------  T H R E A D  ---------------

Current thread is native thread

siginfo: si_signo: 11 (SIGSEGV), si_code: 1 (SEGV_MAPERR), si_addr: 0x0000000000000128

Registers:
RAX=0x0000000000000000, RBX=0x00007fff589e32f0, RCX=0x00007fffef10a408, RDX=0x00007fff589e32f0
RSP=0x00007fff589e2e20, RBP=0x00007fff589e2e50, RSI=0x00007fff589e3288, RDI=0x0000000000000103
R8 =0x00007fff589e32f0, R9 =0x00000000ffffffff, R10=0x0000000000000c00, R11=0x0000000000000206
R12=0x0000000000000c00, R13=0x0000000000000000, R14=0x00007fff589e3288, R15=0x0000000000000002
RIP=0x000000010808a7a8, EFLAGS=0x0000000000010202, ERR=0x0000000000000004
  TRAPNO=0x000000000000000e

Top of Stack: (sp=0x00007fff589e2e20)
0x00007fff589e2e20:   0000000000000000 00007fff589e32f0
0x00007fff589e2e30:   0000000000000c00 0000000000000000
0x00007fff589e2e40:   00007fff589e3520 0000000000000d03
0x00007fff589e2e50:   00007fff589e2e60 00007fffe63fdb3a
0x00007fff589e2e60:   00007fff589e33f0 0000000000019e00
0x00007fff589e2e70:   00019f00eba92978 00007fffeefa02d0
0x00007fff589e2e80:   0100001f00000085 00007f84d8600010
0x00007fff589e2e90:   0000000010004005 00000000ffffffff
0x00007fff589e2ea0:   00007fff589e33a8 0000000000000000
0x00007fff589e2eb0:   00007fff589e3520 0000000007000806
0x00007fff589e2ec0:   00007fff589e33f0 00007fff589e33a8
0x00007fff589e2ed0:   0000000000000d03 00000000ffffffff
0x00007fff589e2ee0:   0000000000000c00 0000000000000206
0x00007fff589e2ef0:   0000000000000c00 0000000000000000
0x00007fff589e2f00:   00007fff589e3520 0000000000000d03
0x00007fff589e2f10:   00007fffe631534a 0000000000000206
0x00007fff589e2f20:   0000000000000007 0000000000000000
0x00007fff589e2f30:   0000000000000000 0000000000000000
0x00007fff589e2f40:   000000000000037f 0000000000000000
0x00007fff589e2f50:   0000000000000000 0000ffff00001fa0
0x00007fff589e2f60:   0000000000000000 000000000000ffff
0x00007fff589e2f70:   0000000000000100 000000000000ffff
0x00007fff589e2f80:   0000000000000000 0000000000000000
0x00007fff589e2f90:   0000000000000000 0000000000000000
0x00007fff589e2fa0:   87bc000000000000 000000000000c00b
0x00007fff589e2fb0:   0000000000000000 0000000000000000
0x00007fff589e2fc0:   8000000000000000 0000000000004007
0x00007fff589e2fd0:   c060000000000000 000000000000400a
0x00007fff589e2fe0:   41c04c21cc618149 0000000000000000
0x00007fff589e2ff0:   3fe86052502eec7c 0000000000000000
0x00007fff589e3000:   c3de3f5c58d7bdcd 439c0a3a7284232b
0x00007fff589e3010:   0000000000000000 0000000000000000 

Instructions: (pc=0x000000010808a7a8)
0x000000010808a788:   83 ec 08 48 89 d3 49 89 f6 e8 18 47 14 00 44 8b
0x000000010808a798:   38 48 8d 05 70 1a 3b 00 48 63 38 e8 e8 49 14 00
0x000000010808a7a8:   4c 8b a0 28 01 00 00 41 83 7c 24 34 01 0f 85 e2
0x000000010808a7b8:   00 00 00 49 89 5c 24 40 4d 89 74 24 38 49 8d 5c 

Register to memory mapping:

RAX=0x0000000000000000 is an unknown value
RBX=0x00007fff589e32f0 is an unknown value
RCX=0x00007fffef10a408: _thread+0x48 in /usr/lib/system/libsystem_pthread.dylib at 0x00007fffe6404000
RDX=0x00007fff589e32f0 is an unknown value
RSP=0x00007fff589e2e20 is an unknown value
RBP=0x00007fff589e2e50 is an unknown value
RSI=0x00007fff589e3288 is an unknown value
RDI=0x0000000000000103 is an unknown value
R8 =0x00007fff589e32f0 is an unknown value
R9 =0x00000000ffffffff is an unknown value
R10=0x0000000000000c00 is an unknown value
R11=0x0000000000000206 is an unknown value
R12=0x0000000000000c00 is an unknown value
R13=0x0000000000000000 is an unknown value
R14=0x00007fff589e3288 is an unknown value
R15=0x0000000000000002 is an unknown value


Stack: [0x00007fff581e6000,0x00007fff589e6000],  sp=0x00007fff589e2e20,  free space=8179k
Native frames: (J=compiled Java code, j=interpreted, Vv=VM code, C=native code)
V  [libjvm.dylib+0x48a7a8]
C  [libsystem_platform.dylib+0x2b3a]  _sigtramp+0x1a
C  0x0000000000019e00
C  [CoreFoundation+0x88434]  __CFRunLoopServiceMachPort+0xd4
C  [CoreFoundation+0x878c1]  __CFRunLoopRun+0x551
C  [CoreFoundation+0x87114]  CFRunLoopRunSpecific+0x1a4
C  [java+0x6472]  CreateExecutionEnvironment+0x367
C  [java+0x207c]  JLI_Launch+0x7a0
C  [java+0x84cf]  main+0x65
C  [java+0x18d4]  start+0x34


---------------  P R O C E S S  ---------------

VM state:not at safepoint (normal execution)

VM Mutex/Monitor currently owned by a thread: None

Heap:
 PSYoungGen      total 38400K, used 21105K [0x0000000795580000, 0x000000079a080000, 0x00000007c0000000)
  eden space 33280K, 48% used [0x0000000795580000,0x0000000796521948,0x0000000797600000)
  from space 5120K, 99% used [0x0000000797b00000,0x0000000797ffad88,0x0000000798000000)
  to   space 5120K, 0% used [0x0000000797600000,0x0000000797600000,0x0000000797b00000)
 ParOldGen       total 87552K, used 588K [0x0000000740000000, 0x0000000745580000, 0x0000000795580000)
  object space 87552K, 0% used [0x0000000740000000,0x0000000740093350,0x0000000745580000)
 Metaspace       used 15060K, capacity 15316K, committed 15488K, reserved 1062912K
  class space    used 2030K, capacity 2120K, committed 2176K, reserved 1048576K

Card table byte_map: [0x0000000108f6e000,0x000000010936f000] byte_map_base: 0x000000010556e000

Marking Bits: (ParMarkBitMap*) 0x00000001084f76c0
 Begin Bits: [0x000000010961a000, 0x000000010b61a000)
 End Bits:   [0x000000010b61a000, 0x000000010d61a000)

Polling page: 0x00000001072db000

CodeCache: size=245760Kb used=3724Kb max_used=3736Kb free=242035Kb
 bounds [0x000000010fbea000, 0x000000010ff9a000, 0x000000011ebea000]
 total_blobs=1366 nmethods=1023 adapters=256
 compilation: enabled

Compilation events (10 events):
Event: 1.351 Thread 0x00007f84d884c800 nmethod 1020 0x000000010ff8df50 code [0x000000010ff8e0a0, 0x000000010ff8e1b8]
Event: 1.351 Thread 0x00007f84d901f800 1021       3       sun.misc.ProxyGenerator::access$900 (5 bytes)
Event: 1.351 Thread 0x00007f84d901f800 nmethod 1021 0x000000010ff8da90 code [0x000000010ff8dc00, 0x000000010ff8de48]
Event: 1.357 Thread 0x00007f84d884c800 1024       4       org.gradle.internal.service.DefaultServiceRegistry$SingletonService::getService (21 bytes)
Event: 1.358 Thread 0x00007f84d901f800 1022       3       org.gradle.internal.service.DefaultServiceRegistry$SingletonService::isFactory (128 bytes)
Event: 1.360 Thread 0x00007f84d901f800 nmethod 1022 0x000000010ff8b750 code [0x000000010ff8b9e0, 0x000000010ff8cd58]
Event: 1.360 Thread 0x00007f84d901f800 1023       3       org.gradle.internal.service.DefaultServiceRegistry$SingletonService::getFactory (20 bytes)
Event: 1.360 Thread 0x00007f84d901f800 nmethod 1023 0x000000010ff8b150 code [0x000000010ff8b2e0, 0x000000010ff8b638]
Event: 1.364 Thread 0x00007f84d884c800 nmethod 1024 0x000000010ff8a7d0 code [0x000000010ff8a960, 0x000000010ff8ad48]
Event: 1.389 Thread 0x00007f84d901f800 1025       3       org.gradle.internal.service.DefaultServiceRegistry$OwnServices::getService (274 bytes)

GC Heap History (4 events):
Event: 0.723 GC heap before
{Heap before GC invocations=1 (full 0):
 PSYoungGen      total 38400K, used 33280K [0x0000000795580000, 0x0000000798000000, 0x00000007c0000000)
  eden space 33280K, 100% used [0x0000000795580000,0x0000000797600000,0x0000000797600000)
  from space 5120K, 0% used [0x0000000797b00000,0x0000000797b00000,0x0000000798000000)
  to   space 5120K, 0% used [0x0000000797600000,0x0000000797600000,0x0000000797b00000)
 ParOldGen       total 87552K, used 0K [0x0000000740000000, 0x0000000745580000, 0x0000000795580000)
  object space 87552K, 0% used [0x0000000740000000,0x0000000740000000,0x0000000745580000)
 Metaspace       used 8449K, capacity 8604K, committed 8704K, reserved 1056768K
  class space    used 1106K, capacity 1184K, committed 1280K, reserved 1048576K
Event: 0.730 GC heap after
Heap after GC invocations=1 (full 0):
 PSYoungGen      total 38400K, used 5016K [0x0000000795580000, 0x0000000798000000, 0x00000007c0000000)
  eden space 33280K, 0% used [0x0000000795580000,0x0000000795580000,0x0000000797600000)
  from space 5120K, 97% used [0x0000000797600000,0x0000000797ae6208,0x0000000797b00000)
  to   space 5120K, 0% used [0x0000000797b00000,0x0000000797b00000,0x0000000798000000)
 ParOldGen       total 87552K, used 8K [0x0000000740000000, 0x0000000745580000, 0x0000000795580000)
  object space 87552K, 0% used [0x0000000740000000,0x0000000740002000,0x0000000745580000)
 Metaspace       used 8449K, capacity 8604K, committed 8704K, reserved 1056768K
  class space    used 1106K, capacity 1184K, committed 1280K, reserved 1048576K
}
Event: 1.064 GC heap before
{Heap before GC invocations=2 (full 0):
 PSYoungGen      total 38400K, used 38296K [0x0000000795580000, 0x0000000798000000, 0x00000007c0000000)
  eden space 33280K, 100% used [0x0000000795580000,0x0000000797600000,0x0000000797600000)
  from space 5120K, 97% used [0x0000000797600000,0x0000000797ae6208,0x0000000797b00000)
  to   space 5120K, 0% used [0x0000000797b00000,0x0000000797b00000,0x0000000798000000)
 ParOldGen       total 87552K, used 8K [0x0000000740000000, 0x0000000745580000, 0x0000000795580000)
  object space 87552K, 0% used [0x0000000740000000,0x0000000740002000,0x0000000745580000)
 Metaspace       used 11641K, capacity 11828K, committed 11904K, reserved 1058816K
  class space    used 1589K, capacity 1640K, committed 1664K, reserved 1048576K
Event: 1.072 GC heap after
Heap after GC invocations=2 (full 0):
 PSYoungGen      total 38400K, used 5099K [0x0000000795580000, 0x000000079a080000, 0x00000007c0000000)
  eden space 33280K, 0% used [0x0000000795580000,0x0000000795580000,0x0000000797600000)
  from space 5120K, 99% used [0x0000000797b00000,0x0000000797ffad88,0x0000000798000000)
  to   space 5120K, 0% used [0x0000000797600000,0x0000000797600000,0x0000000797b00000)
 ParOldGen       total 87552K, used 588K [0x0000000740000000, 0x0000000745580000, 0x0000000795580000)
  object space 87552K, 0% used [0x0000000740000000,0x0000000740093350,0x0000000745580000)
 Metaspace       used 11641K, capacity 11828K, committed 11904K, reserved 1058816K
  class space    used 1589K, capacity 1640K, committed 1664K, reserved 1048576K
}

Deoptimization events (4 events):
Event: 0.483 Thread 0x00007f84d900d000 Uncommon trap: reason=unstable_if action=reinterpret pc=0x000000010fde2414 method=java.util.HashMap.getNode(ILjava/lang/Object;)Ljava/util/HashMap$Node; @ 129
Event: 0.658 Thread 0x00007f84d900d000 Uncommon trap: reason=predicate action=maybe_recompile pc=0x000000010fe238bc method=sun.net.www.ParseUtil.encodePath(Ljava/lang/String;Z)Ljava/lang/String; @ 36
Event: 0.661 Thread 0x00007f84d900d000 Uncommon trap: reason=unstable_if action=reinterpret pc=0x000000010fdb8150 method=java.lang.String.replace(CC)Ljava/lang/String; @ 26
Event: 0.693 Thread 0x00007f84d900d000 Uncommon trap: reason=unstable_if action=reinterpret pc=0x000000010fe0cc64 method=java.lang.String.lastIndexOf([CII[CIII)I @ 66

Classes redefined (0 events):
No events

Internal exceptions (10 events):
Event: 1.240 Thread 0x00007f84d900d000 Exception <a 'java/lang/ClassNotFoundException': groovy/lang/ExpandoMetaClassBeanInfo> (0x0000000795d54eb0) thrown at [/Users/java_re/workspace/8-2-build-macosx-x86_64/jdk8u162/10278/hotspot/src/share/vm/classfile/systemDictionary.cpp, line 210]
Event: 1.240 Thread 0x00007f84d900d000 Exception <a 'java/lang/ClassNotFoundException': groovy/lang/MetaClassImplBeanInfo> (0x0000000795d60230) thrown at [/Users/java_re/workspace/8-2-build-macosx-x86_64/jdk8u162/10278/hotspot/src/share/vm/classfile/systemDictionary.cpp, line 210]
Event: 1.241 Thread 0x00007f84d900d000 Exception <a 'java/lang/ClassNotFoundException': java/lang/ObjectBeanInfo> (0x0000000795d65498) thrown at [/Users/java_re/workspace/8-2-build-macosx-x86_64/jdk8u162/10278/hotspot/src/share/vm/classfile/systemDictionary.cpp, line 210]
Event: 1.241 Thread 0x00007f84d900d000 Exception <a 'java/lang/ClassNotFoundException': java/lang/ObjectCustomizer> (0x0000000795d6a848) thrown at [/Users/java_re/workspace/8-2-build-macosx-x86_64/jdk8u162/10278/hotspot/src/share/vm/classfile/systemDictionary.cpp, line 210]
Event: 1.244 Thread 0x00007f84d900d000 Exception <a 'java/lang/ClassNotFoundException': groovy/lang/MetaClassImplCustomizer> (0x0000000795d7d908) thrown at [/Users/java_re/workspace/8-2-build-macosx-x86_64/jdk8u162/10278/hotspot/src/share/vm/classfile/systemDictionary.cpp, line 210]
Event: 1.246 Thread 0x00007f84d900d000 Exception <a 'java/lang/ClassNotFoundException': groovy/lang/ExpandoMetaClassCustomizer> (0x0000000795db1978) thrown at [/Users/java_re/workspace/8-2-build-macosx-x86_64/jdk8u162/10278/hotspot/src/share/vm/classfile/systemDictionary.cpp, line 210]
Event: 1.253 Thread 0x00007f84d900d000 Exception <a 'java/lang/ClassNotFoundException': org/gradle/api/internal/plugins/DefaultExtraPropertiesExtensionBeanInfo> (0x0000000795e34dd0) thrown at [/Users/java_re/workspace/8-2-build-macosx-x86_64/jdk8u162/10278/hotspot/src/share/vm/classfile/system
Event: 1.253 Thread 0x00007f84d900d000 Exception <a 'java/lang/ClassNotFoundException': groovy/lang/GroovyObjectSupportBeanInfo> (0x0000000795e41328) thrown at [/Users/java_re/workspace/8-2-build-macosx-x86_64/jdk8u162/10278/hotspot/src/share/vm/classfile/systemDictionary.cpp, line 210]
Event: 1.253 Thread 0x00007f84d900d000 Exception <a 'java/lang/ClassNotFoundException': groovy/lang/GroovyObjectSupportCustomizer> (0x0000000795e4dc28) thrown at [/Users/java_re/workspace/8-2-build-macosx-x86_64/jdk8u162/10278/hotspot/src/share/vm/classfile/systemDictionary.cpp, line 210]
Event: 1.254 Thread 0x00007f84d900d000 Exception <a 'java/lang/ClassNotFoundException': org/gradle/api/internal/plugins/DefaultExtraPropertiesExtensionCustomizer> (0x0000000795e64b38) thrown at [/Users/java_re/workspace/8-2-build-macosx-x86_64/jdk8u162/10278/hotspot/src/share/vm/classfile/syst

Events (10 events):
Event: 1.387 loading class org/gradle/internal/service/scopes/BuildScopeServices$DependencyMetaDataProviderImpl
Event: 1.387 loading class org/gradle/internal/service/scopes/BuildScopeServices$DependencyMetaDataProviderImpl done
Event: 1.387 loading class org/gradle/api/internal/artifacts/ModuleInternal
Event: 1.387 loading class org/gradle/api/internal/artifacts/ModuleInternal done
Event: 1.387 loading class org/gradle/api/artifacts/Module
Event: 1.387 loading class org/gradle/api/artifacts/Module done
Event: 1.388 loading class org/gradle/api/internal/artifacts/dsl/dependencies/UnknownProjectFinder
Event: 1.388 loading class org/gradle/api/internal/artifacts/dsl/dependencies/UnknownProjectFinder done
Event: 1.388 loading class org/gradle/api/UnknownProjectException
Event: 1.388 loading class org/gradle/api/UnknownProjectException done


Dynamic libraries:
0x000000005b667000 	/System/Library/Frameworks/Cocoa.framework/Versions/A/Cocoa
0x000000005b667000 	/System/Library/Frameworks/Security.framework/Versions/A/Security
0x000000005b667000 	/System/Library/Frameworks/ApplicationServices.framework/Versions/A/ApplicationServices
0x000000005b667000 	/usr/lib/libz.1.dylib
0x000000005b667000 	/usr/lib/libSystem.B.dylib
0x000000005b667000 	/usr/lib/libobjc.A.dylib
0x000000005b667000 	/System/Library/Frameworks/CoreFoundation.framework/Versions/A/CoreFoundation
0x000000005b667000 	/System/Library/Frameworks/Foundation.framework/Versions/C/Foundation
0x000000005b667000 	/System/Library/Frameworks/AppKit.framework/Versions/C/AppKit
0x000000005b667000 	/System/Library/Frameworks/CoreData.framework/Versions/A/CoreData
0x000000005b667000 	/System/Library/PrivateFrameworks/RemoteViewServices.framework/Versions/A/RemoteViewServices
0x000000005b667000 	/System/Library/PrivateFrameworks/UIFoundation.framework/Versions/A/UIFoundation
0x000000005b667000 	/System/Library/PrivateFrameworks/DFRFoundation.framework/Versions/A/DFRFoundation
0x000000005b667000 	/usr/lib/libenergytrace.dylib
0x000000005b667000 	/System/Library/PrivateFrameworks/SkyLight.framework/Versions/A/SkyLight
0x000000005b667000 	/System/Library/Frameworks/CoreGraphics.framework/Versions/A/CoreGraphics
0x000000005b667000 	/usr/lib/libScreenReader.dylib
0x000000005b667000 	/System/Library/Frameworks/Accelerate.framework/Versions/A/Accelerate
0x000000005b667000 	/System/Library/Frameworks/IOSurface.framework/Versions/A/IOSurface
0x000000005b667000 	/System/Library/Frameworks/AudioToolbox.framework/Versions/A/AudioToolbox
0x000000005b667000 	/System/Library/Frameworks/AudioUnit.framework/Versions/A/AudioUnit
0x000000005b667000 	/System/Library/PrivateFrameworks/DataDetectorsCore.framework/Versions/A/DataDetectorsCore
0x000000005b667000 	/System/Library/PrivateFrameworks/DesktopServicesPriv.framework/Versions/A/DesktopServicesPriv
0x000000005b667000 	/System/Library/Frameworks/Carbon.framework/Versions/A/Frameworks/HIToolbox.framework/Versions/A/HIToolbox
0x000000005b667000 	/usr/lib/libicucore.A.dylib
0x000000005b667000 	/System/Library/Frameworks/QuartzCore.framework/Versions/A/QuartzCore
0x000000005b667000 	/System/Library/Frameworks/Carbon.framework/Versions/A/Frameworks/SpeechRecognition.framework/Versions/A/SpeechRecognition
0x000000005b667000 	/usr/lib/libauto.dylib
0x000000005b667000 	/usr/lib/libxml2.2.dylib
0x000000005b667000 	/System/Library/PrivateFrameworks/CoreUI.framework/Versions/A/CoreUI
0x000000005b667000 	/System/Library/Frameworks/CoreAudio.framework/Versions/A/CoreAudio
0x000000005b667000 	/System/Library/Frameworks/DiskArbitration.framework/Versions/A/DiskArbitration
0x000000005b667000 	/usr/lib/liblangid.dylib
0x000000005b667000 	/System/Library/PrivateFrameworks/MultitouchSupport.framework/Versions/A/MultitouchSupport
0x000000005b667000 	/System/Library/Frameworks/IOKit.framework/Versions/A/IOKit
0x000000005b667000 	/usr/lib/libDiagnosticMessagesClient.dylib
0x000000005b667000 	/System/Library/Frameworks/CoreServices.framework/Versions/A/CoreServices
0x000000005b667000 	/System/Library/PrivateFrameworks/PerformanceAnalysis.framework/Versions/A/PerformanceAnalysis
0x000000005b667000 	/System/Library/PrivateFrameworks/GenerationalStorage.framework/Versions/A/GenerationalStorage
0x000000005b667000 	/System/Library/Frameworks/OpenGL.framework/Versions/A/OpenGL
0x000000005b667000 	/System/Library/Frameworks/CoreImage.framework/Versions/A/CoreImage
0x000000005b667000 	/System/Library/Frameworks/CoreText.framework/Versions/A/CoreText
0x000000005b667000 	/System/Library/Frameworks/ImageIO.framework/Versions/A/ImageIO
0x000000005b667000 	/System/Library/PrivateFrameworks/Backup.framework/Versions/A/Backup
0x000000005b667000 	/usr/lib/libarchive.2.dylib
0x000000005b667000 	/System/Library/Frameworks/CFNetwork.framework/Versions/A/CFNetwork
0x000000005b667000 	/System/Library/Frameworks/SystemConfiguration.framework/Versions/A/SystemConfiguration
0x000000005b667000 	/usr/lib/libCRFSuite.dylib
0x000000005b667000 	/usr/lib/libc++.1.dylib
0x000000005b667000 	/usr/lib/libc++abi.dylib
0x000000005b667000 	/usr/lib/system/libcache.dylib
0x000000005b667000 	/usr/lib/system/libcommonCrypto.dylib
0x000000005b667000 	/usr/lib/system/libcompiler_rt.dylib
0x000000005b667000 	/usr/lib/system/libcopyfile.dylib
0x000000005b667000 	/usr/lib/system/libcorecrypto.dylib
0x000000005b667000 	/usr/lib/system/libdispatch.dylib
0x000000005b667000 	/usr/lib/system/libdyld.dylib
0x000000005b667000 	/usr/lib/system/libkeymgr.dylib
0x000000005b667000 	/usr/lib/system/liblaunch.dylib
0x000000005b667000 	/usr/lib/system/libmacho.dylib
0x000000005b667000 	/usr/lib/system/libquarantine.dylib
0x000000005b667000 	/usr/lib/system/libremovefile.dylib
0x000000005b667000 	/usr/lib/system/libsystem_asl.dylib
0x000000005b667000 	/usr/lib/system/libsystem_blocks.dylib
0x000000005b667000 	/usr/lib/system/libsystem_c.dylib
0x000000005b667000 	/usr/lib/system/libsystem_configuration.dylib
0x000000005b667000 	/usr/lib/system/libsystem_coreservices.dylib
0x000000005b667000 	/usr/lib/system/libsystem_coretls.dylib
0x000000005b667000 	/usr/lib/system/libsystem_dnssd.dylib
0x000000005b667000 	/usr/lib/system/libsystem_info.dylib
0x000000005b667000 	/usr/lib/system/libsystem_kernel.dylib
0x000000005b667000 	/usr/lib/system/libsystem_m.dylib
0x000000005b667000 	/usr/lib/system/libsystem_malloc.dylib
0x000000005b667000 	/usr/lib/system/libsystem_network.dylib
0x000000005b667000 	/usr/lib/system/libsystem_networkextension.dylib
0x000000005b667000 	/usr/lib/system/libsystem_notify.dylib
0x000000005b667000 	/usr/lib/system/libsystem_platform.dylib
0x000000005b667000 	/usr/lib/system/libsystem_pthread.dylib
0x000000005b667000 	/usr/lib/system/libsystem_sandbox.dylib
0x000000005b667000 	/usr/lib/system/libsystem_secinit.dylib
0x000000005b667000 	/usr/lib/system/libsystem_symptoms.dylib
0x000000005b667000 	/usr/lib/system/libsystem_trace.dylib
0x000000005b667000 	/usr/lib/system/libunwind.dylib
0x000000005b667000 	/usr/lib/system/libxpc.dylib
0x000000005b667000 	/usr/lib/libbsm.0.dylib
0x000000005b667000 	/usr/lib/system/libkxld.dylib
0x000000005b667000 	/usr/lib/libcoretls.dylib
0x000000005b667000 	/usr/lib/libcoretls_cfhelpers.dylib
0x000000005b667000 	/usr/lib/libOpenScriptingUtil.dylib
0x000000005b667000 	/usr/lib/libpam.2.dylib
0x000000005b667000 	/usr/lib/libsqlite3.dylib
0x000000005b667000 	/usr/lib/libxar.1.dylib
0x000000005b667000 	/usr/lib/libbz2.1.0.dylib
0x000000005b667000 	/usr/lib/liblzma.5.dylib
0x000000005b667000 	/usr/lib/libnetwork.dylib
0x000000005b667000 	/usr/lib/libpcap.A.dylib
0x000000005b667000 	/System/Library/Frameworks/CoreServices.framework/Versions/A/Frameworks/FSEvents.framework/Versions/A/FSEvents
0x000000005b667000 	/System/Library/Frameworks/CoreServices.framework/Versions/A/Frameworks/CarbonCore.framework/Versions/A/CarbonCore
0x000000005b667000 	/System/Library/Frameworks/CoreServices.framework/Versions/A/Frameworks/Metadata.framework/Versions/A/Metadata
0x000000005b667000 	/System/Library/Frameworks/CoreServices.framework/Versions/A/Frameworks/OSServices.framework/Versions/A/OSServices
0x000000005b667000 	/System/Library/Frameworks/CoreServices.framework/Versions/A/Frameworks/SearchKit.framework/Versions/A/SearchKit
0x000000005b667000 	/System/Library/Frameworks/CoreServices.framework/Versions/A/Frameworks/AE.framework/Versions/A/AE
0x000000005b667000 	/System/Library/Frameworks/CoreServices.framework/Versions/A/Frameworks/LaunchServices.framework/Versions/A/LaunchServices
0x000000005b667000 	/System/Library/Frameworks/CoreServices.framework/Versions/A/Frameworks/DictionaryServices.framework/Versions/A/DictionaryServices
0x000000005b667000 	/System/Library/Frameworks/CoreServices.framework/Versions/A/Frameworks/SharedFileList.framework/Versions/A/SharedFileList
0x000000005b667000 	/System/Library/Frameworks/NetFS.framework/Versions/A/NetFS
0x000000005b667000 	/System/Library/PrivateFrameworks/NetAuth.framework/Versions/A/NetAuth
0x000000005b667000 	/System/Library/PrivateFrameworks/login.framework/Versions/A/Frameworks/loginsupport.framework/Versions/A/loginsupport
0x000000005b667000 	/System/Library/PrivateFrameworks/TCC.framework/Versions/A/TCC
0x000000005b667000 	/usr/lib/libmecabra.dylib
0x000000005b667000 	/System/Library/Frameworks/ApplicationServices.framework/Versions/A/Frameworks/ATS.framework/Versions/A/ATS
0x000000005b667000 	/System/Library/Frameworks/ApplicationServices.framework/Versions/A/Frameworks/ColorSync.framework/Versions/A/ColorSync
0x000000005b667000 	/System/Library/Frameworks/ApplicationServices.framework/Versions/A/Frameworks/HIServices.framework/Versions/A/HIServices
0x000000005b667000 	/System/Library/Frameworks/ApplicationServices.framework/Versions/A/Frameworks/LangAnalysis.framework/Versions/A/LangAnalysis
0x000000005b667000 	/System/Library/Frameworks/ApplicationServices.framework/Versions/A/Frameworks/PrintCore.framework/Versions/A/PrintCore
0x000000005b667000 	/System/Library/Frameworks/ApplicationServices.framework/Versions/A/Frameworks/QD.framework/Versions/A/QD
0x000000005b667000 	/System/Library/Frameworks/ApplicationServices.framework/Versions/A/Frameworks/SpeechSynthesis.framework/Versions/A/SpeechSynthesis
0x000000005b667000 	/System/Library/Frameworks/Accelerate.framework/Versions/A/Frameworks/vImage.framework/Versions/A/vImage
0x000000005b667000 	/System/Library/Frameworks/Accelerate.framework/Versions/A/Frameworks/vecLib.framework/Versions/A/vecLib
0x000000005b667000 	/System/Library/Frameworks/Accelerate.framework/Versions/A/Frameworks/vecLib.framework/Versions/A/libvDSP.dylib
0x000000005b667000 	/System/Library/Frameworks/Accelerate.framework/Versions/A/Frameworks/vecLib.framework/Versions/A/libBNNS.dylib
0x000000005b667000 	/System/Library/Frameworks/Accelerate.framework/Versions/A/Frameworks/vecLib.framework/Versions/A/libQuadrature.dylib
0x000000005b667000 	/System/Library/Frameworks/Accelerate.framework/Versions/A/Frameworks/vecLib.framework/Versions/A/libvMisc.dylib
0x000000005b667000 	/System/Library/Frameworks/Accelerate.framework/Versions/A/Frameworks/vecLib.framework/Versions/A/libLAPACK.dylib
0x000000005b667000 	/System/Library/Frameworks/Accelerate.framework/Versions/A/Frameworks/vecLib.framework/Versions/A/libBLAS.dylib
0x000000005b667000 	/System/Library/Frameworks/Accelerate.framework/Versions/A/Frameworks/vecLib.framework/Versions/A/libLinearAlgebra.dylib
0x000000005b667000 	/System/Library/Frameworks/Accelerate.framework/Versions/A/Frameworks/vecLib.framework/Versions/A/libSparseBLAS.dylib
0x000000005b667000 	/System/Library/Frameworks/ApplicationServices.framework/Versions/A/Frameworks/ATS.framework/Versions/A/Resources/libFontParser.dylib
0x000000005b667000 	/System/Library/Frameworks/ApplicationServices.framework/Versions/A/Frameworks/ATS.framework/Versions/A/Resources/libFontRegistry.dylib
0x000000005b667000 	/System/Library/Frameworks/ImageIO.framework/Versions/A/Resources/libJPEG.dylib
0x000000005b667000 	/System/Library/Frameworks/ImageIO.framework/Versions/A/Resources/libTIFF.dylib
0x000000005b667000 	/System/Library/Frameworks/ImageIO.framework/Versions/A/Resources/libPng.dylib
0x000000005b667000 	/System/Library/Frameworks/ImageIO.framework/Versions/A/Resources/libGIF.dylib
0x000000005b667000 	/System/Library/Frameworks/ImageIO.framework/Versions/A/Resources/libJP2.dylib
0x000000005b667000 	/System/Library/Frameworks/ImageIO.framework/Versions/A/Resources/libRadiance.dylib
0x000000005b667000 	/usr/lib/libcompression.dylib
0x000000005b667000 	/System/Library/PrivateFrameworks/AppleJPEG.framework/Versions/A/AppleJPEG
0x000000005b667000 	/usr/lib/libcups.2.dylib
0x000000005b667000 	/System/Library/Frameworks/Kerberos.framework/Versions/A/Kerberos
0x000000005b667000 	/System/Library/Frameworks/GSS.framework/Versions/A/GSS
0x000000005b667000 	/usr/lib/libresolv.9.dylib
0x000000005b667000 	/usr/lib/libiconv.2.dylib
0x000000005b667000 	/System/Library/PrivateFrameworks/Heimdal.framework/Versions/A/Heimdal
0x000000005b667000 	/usr/lib/libheimdal-asn1.dylib
0x000000005b667000 	/System/Library/Frameworks/OpenDirectory.framework/Versions/A/OpenDirectory
0x000000005b667000 	/System/Library/PrivateFrameworks/CommonAuth.framework/Versions/A/CommonAuth
0x000000005b667000 	/System/Library/Frameworks/OpenDirectory.framework/Versions/A/Frameworks/CFOpenDirectory.framework/Versions/A/CFOpenDirectory
0x000000005b667000 	/System/Library/Frameworks/SecurityFoundation.framework/Versions/A/SecurityFoundation
0x000000005b667000 	/System/Library/PrivateFrameworks/LanguageModeling.framework/Versions/A/LanguageModeling
0x000000005b667000 	/usr/lib/libmarisa.dylib
0x000000005b667000 	/usr/lib/libChineseTokenizer.dylib
0x000000005b667000 	/usr/lib/libcmph.dylib
0x000000005b667000 	/System/Library/PrivateFrameworks/CoreEmoji.framework/Versions/A/CoreEmoji
0x000000005b667000 	/System/Library/Frameworks/ServiceManagement.framework/Versions/A/ServiceManagement
0x000000005b667000 	/usr/lib/libxslt.1.dylib
0x000000005b667000 	/System/Library/Frameworks/Carbon.framework/Versions/A/Frameworks/Ink.framework/Versions/A/Ink
0x000000005b667000 	/System/Library/PrivateFrameworks/TextureIO.framework/Versions/A/TextureIO
0x000000005b667000 	/System/Library/Frameworks/Metal.framework/Versions/A/Metal
0x000000005b667000 	/usr/lib/libate.dylib
0x000000005b667000 	/System/Library/PrivateFrameworks/GPUCompiler.framework/libmetal_timestamp.dylib
0x000000005b667000 	/System/Library/Frameworks/OpenGL.framework/Versions/A/Libraries/libCoreFSCache.dylib
0x000000005b667000 	/System/Library/PrivateFrameworks/IOAccelerator.framework/Versions/A/IOAccelerator
0x000000005b667000 	/System/Library/Frameworks/CoreVideo.framework/Versions/A/CoreVideo
0x000000005b667000 	/usr/lib/libFosl_dynamic.dylib
0x000000005b667000 	/System/Library/PrivateFrameworks/MetalPerformanceShaders.framework/Versions/A/MetalPerformanceShaders
0x000000005b667000 	/System/Library/PrivateFrameworks/FaceCore.framework/Versions/A/FaceCore
0x000000005b667000 	/System/Library/Frameworks/OpenCL.framework/Versions/A/OpenCL
0x000000005b667000 	/System/Library/Frameworks/OpenGL.framework/Versions/A/Libraries/libGLU.dylib
0x000000005b667000 	/System/Library/Frameworks/OpenGL.framework/Versions/A/Libraries/libGFXShared.dylib
0x000000005b667000 	/System/Library/Frameworks/OpenGL.framework/Versions/A/Libraries/libGL.dylib
0x000000005b667000 	/System/Library/Frameworks/OpenGL.framework/Versions/A/Libraries/libGLImage.dylib
0x000000005b667000 	/System/Library/Frameworks/OpenGL.framework/Versions/A/Libraries/libCVMSPluginSupport.dylib
0x000000005b667000 	/System/Library/Frameworks/OpenGL.framework/Versions/A/Libraries/libCoreVMClient.dylib
0x000000005b667000 	/System/Library/PrivateFrameworks/CrashReporterSupport.framework/Versions/A/CrashReporterSupport
0x000000005b667000 	/System/Library/PrivateFrameworks/Sharing.framework/Versions/A/Sharing
0x000000005b667000 	/System/Library/PrivateFrameworks/IconServices.framework/Versions/A/IconServices
0x000000005b667000 	/System/Library/PrivateFrameworks/ProtocolBuffer.framework/Versions/A/ProtocolBuffer
0x000000005b667000 	/System/Library/PrivateFrameworks/Apple80211.framework/Versions/A/Apple80211
0x000000005b667000 	/System/Library/Frameworks/CoreWLAN.framework/Versions/A/CoreWLAN
0x000000005b667000 	/System/Library/PrivateFrameworks/CoreUtils.framework/Versions/A/CoreUtils
0x000000005b667000 	/System/Library/Frameworks/IOBluetooth.framework/Versions/A/IOBluetooth
0x000000005b667000 	/System/Library/PrivateFrameworks/CoreWiFi.framework/Versions/A/CoreWiFi
0x000000005b667000 	/System/Library/Frameworks/CoreBluetooth.framework/Versions/A/CoreBluetooth
0x000000005b667000 	/System/Library/Frameworks/CoreDisplay.framework/Versions/A/CoreDisplay
0x000000005b667000 	/System/Library/PrivateFrameworks/IOPresentment.framework/Versions/A/IOPresentment
0x000000005b667000 	/System/Library/PrivateFrameworks/DSExternalDisplay.framework/Versions/A/DSExternalDisplay
0x000000005b667000 	/System/Library/PrivateFrameworks/DebugSymbols.framework/Versions/A/DebugSymbols
0x000000005b667000 	/System/Library/PrivateFrameworks/CoreSymbolication.framework/Versions/A/CoreSymbolication
0x000000005b667000 	/System/Library/PrivateFrameworks/Symbolication.framework/Versions/A/Symbolication
0x000000005b667000 	/System/Library/PrivateFrameworks/AppleFSCompression.framework/Versions/A/AppleFSCompression
0x000000005b667000 	/System/Library/PrivateFrameworks/SpeechRecognitionCore.framework/Versions/A/SpeechRecognitionCore
0x000000005b667000 	/System/Library/PrivateFrameworks/ChunkingLibrary.framework/Versions/A/ChunkingLibrary
0x0000000107c00000 	/Library/Java/JavaVirtualMachines/jdk1.8.0_162.jdk/Contents/Home/jre/lib/server/libjvm.dylib
0x000000005b667000 	/usr/lib/libstdc++.6.dylib
0x0000000107297000 	/Library/Java/JavaVirtualMachines/jdk1.8.0_162.jdk/Contents/Home/jre/lib/libverify.dylib
0x00000001072a5000 	/Library/Java/JavaVirtualMachines/jdk1.8.0_162.jdk/Contents/Home/jre/lib/libjava.dylib
0x00000001072e5000 	/Library/Java/JavaVirtualMachines/jdk1.8.0_162.jdk/Contents/Home/jre/lib/libzip.dylib
0x000000010f4eb000 	/Library/Java/JavaVirtualMachines/jdk1.8.0_162.jdk/Contents/Home/jre/lib/libnet.dylib
0x000000010f54a000 	/Library/Java/JavaVirtualMachines/jdk1.8.0_162.jdk/Contents/Home/jre/lib/libnio.dylib
0x000000010fa74000 	/Users/foxhole/.gradle/native/19/osx-amd64/libnative-platform.dylib
0x000000010fa79000 	/Users/foxhole/.gradle/native/19/osx-amd64/libnative-platform-curses.dylib
0x000000005b667000 	/usr/lib/libncurses.5.4.dylib
0x000000010fa7d000 	/private/var/folders/8z/5nhb0vkx37b1zn0gk0cm4c500000gn/T/jna1162517180224748749.tmp
0x000000010fa92000 	/System/Library/Frameworks/JavaVM.framework/Versions/A/JavaVM
0x000000010fa9f000 	/System/Library/PrivateFrameworks/JavaLaunching.framework/Versions/A/JavaLaunching
0x000000010faab000 	/Library/Java/JavaVirtualMachines/jdk1.8.0_162.jdk/Contents/Home/jre/lib/libmanagement.dylib

VM Arguments:
jvm_args: -Dorg.gradle.appname=gradlew 
java_command: org.gradle.wrapper.GradleWrapperMain installDebug
java_class_path (initial): /Users/foxhole/Sandbox/brainbox/BrainboxApplication/android/gradle/wrapper/gradle-wrapper.jar
Launcher Type: SUN_STANDARD

Environment Variables:
JAVA_HOME=/Library/Java/JavaVirtualMachines/jdk1.8.0_162.jdk/Contents/Home
PATH=/Users/foxhole/Sandbox/brainbox/BrainboxApplication/node_modules/.bin:/Users/foxhole/bin:/usr/local/bin:/usr/local/bin:/usr/bin:/bin:/usr/sbin:/sbin:/Users/foxhole/Library/Android/sdk/tools:/Users/foxhole/Library/Android/sdk/platform-tools
SHELL=/bin/bash

Signal Handlers:
SIGSEGV: [libjvm.dylib+0x5b52b5], sa_mask[0]=11111111011111110111111111111111, sa_flags=SA_ONSTACK|SA_RESTART|SA_SIGINFO
SIGBUS: [libjvm.dylib+0x5b52b5], sa_mask[0]=11111111011111110111111111111111, sa_flags=SA_RESTART|SA_SIGINFO
SIGFPE: [libjvm.dylib+0x48ac5c], sa_mask[0]=11111111011111110111111111111111, sa_flags=SA_RESTART|SA_SIGINFO
SIGPIPE: [libjvm.dylib+0x48ac5c], sa_mask[0]=11111111011111110111111111111111, sa_flags=SA_RESTART|SA_SIGINFO
SIGXFSZ: [libjvm.dylib+0x48ac5c], sa_mask[0]=11111111011111110111111111111111, sa_flags=SA_RESTART|SA_SIGINFO
SIGILL: [libjvm.dylib+0x48ac5c], sa_mask[0]=11111111011111110111111111111111, sa_flags=SA_RESTART|SA_SIGINFO
SIGUSR1: SIG_DFL, sa_mask[0]=00000000000000000000000000000000, sa_flags=SA_RESTART
SIGUSR2: [libjvm.dylib+0x48a77a], sa_mask[0]=00000000000000000000000000000000, sa_flags=SA_RESTART|SA_SIGINFO
SIGHUP: [libjvm.dylib+0x488d45], sa_mask[0]=11111111011111110111111111111111, sa_flags=SA_RESTART|SA_SIGINFO
SIGINT: [libjvm.dylib+0x488d45], sa_mask[0]=11111111011111110111111111111111, sa_flags=SA_RESTART|SA_SIGINFO
SIGTERM: [libjvm.dylib+0x488d45], sa_mask[0]=11111111011111110111111111111111, sa_flags=SA_RESTART|SA_SIGINFO
SIGQUIT: [libjvm.dylib+0x488d45], sa_mask[0]=11111111011111110111111111111111, sa_flags=SA_RESTART|SA_SIGINFO


---------------  S Y S T E M  ---------------

OS:Bsduname:Darwin 16.7.0 Darwin Kernel Version 16.7.0: Thu Jan 11 22:59:40 PST 2018; root:xnu-3789.73.8~1/RELEASE_X86_64 x86_64
rlimit: STACK 8192k, CORE 0k, NPROC 709, NOFILE 10240, AS infinity
load average:2.43 2.34 2.28

CPU:total 4 (initial active 4) (2 cores per cpu, 2 threads per core) family 6 model 61 stepping 4, cmov, cx8, fxsr, mmx, sse, sse2, sse3, ssse3, sse4.1, sse4.2, popcnt, avx, avx2, aes, clmul, erms, 3dnowpref, lzcnt, ht, tsc, tscinvbit, bmi1, bmi2, adx

Memory: 4k page, physical 8388608k(155040k free)

/proc/meminfo:


vm_info: Java HotSpot(TM) 64-Bit Server VM (25.162-b12) for bsd-amd64 JRE (1.8.0_162-b12), built on Dec 19 2017 17:33:35 by "java_re" with gcc 4.2.1 (Based on Apple Inc. build 5658) (LLVM build 2336.11.00)

time: Tue May  1 14:41:30 2018
elapsed time: 1 seconds (0d 0h 0m 1s)

