#
# A fatal error has been detected by the Java Runtime Environment:
#
#  SIGSEGV (0xb) at pc=0x000000010aa8a7a8, pid=55212, tid=0x0000000000000307
#
# JRE version: Java(TM) SE Runtime Environment (8.0_162-b12) (build 1.8.0_162-b12)
# Java VM: Java HotSpot(TM) 64-Bit Server VM (25.162-b12 mixed mode bsd-amd64 compressed oops)
# Problematic frame:
# V  [libjvm.dylib+0x48a7a8]  SR_handler(int, __siginfo*, __darwin_ucontext*)+0x2e
#
# Failed to write core dump. Core dumps have been disabled. To enable core dumping, try "ulimit -c unlimited" before starting Java again
#
# If you would like to submit a bug report, please visit:
#   http://bugreport.java.com/bugreport/crash.jsp
#

---------------  T H R E A D  ---------------

Current thread is native thread

siginfo: si_signo: 11 (SIGSEGV), si_code: 1 (SEGV_MAPERR), si_addr: 0x0000000000000128

Registers:
RAX=0x0000000000000000, RBX=0x00007fff5604e2f0, RCX=0x00007fffef10a408, RDX=0x00007fff5604e2f0
RSP=0x00007fff5604de20, RBP=0x00007fff5604de50, RSI=0x00007fff5604e288, RDI=0x0000000000000103
R8 =0x00007fff5604e2f0, R9 =0x00000000ffffffff, R10=0x0000000000000c00, R11=0x0000000000000206
R12=0x0000000000000c00, R13=0x0000000000000000, R14=0x00007fff5604e288, R15=0x0000000000000002
RIP=0x000000010aa8a7a8, EFLAGS=0x0000000000010202, ERR=0x0000000000000004
  TRAPNO=0x000000000000000e

Top of Stack: (sp=0x00007fff5604de20)
0x00007fff5604de20:   0000000000000000 00007fff5604e2f0
0x00007fff5604de30:   0000000000000c00 0000000000000000
0x00007fff5604de40:   00007fff5604e520 0000000000000d03
0x00007fff5604de50:   00007fff5604de60 00007fffe63fdb3a
0x00007fff5604de60:   00007fff5604e3f0 0000000000019e00
0x00007fff5604de70:   00019f00eba92978 00007fffeefa02d0
0x00007fff5604de80:   0100001f00000085 00007fd5d6600010
0x00007fff5604de90:   0000000010004005 00000000ffffffff
0x00007fff5604dea0:   00007fff5604e3a8 0000000000000000
0x00007fff5604deb0:   00007fff5604e520 0000000007000806
0x00007fff5604dec0:   00007fff5604e3f0 00007fff5604e3a8
0x00007fff5604ded0:   0000000000000d03 00000000ffffffff
0x00007fff5604dee0:   0000000000000c00 0000000000000206
0x00007fff5604def0:   0000000000000c00 0000000000000000
0x00007fff5604df00:   00007fff5604e520 0000000000000d03
0x00007fff5604df10:   00007fffe631534a 0000000000000206
0x00007fff5604df20:   0000000000000007 0000000000000000
0x00007fff5604df30:   0000000000000000 0000000000000000
0x00007fff5604df40:   000000000000037f 0000000000000000
0x00007fff5604df50:   0000000000000000 0000ffff00001fa0
0x00007fff5604df60:   0000000000000000 000000000000ffff
0x00007fff5604df70:   0000000000000100 000000000000ffff
0x00007fff5604df80:   0000000000000000 0000000000000000
0x00007fff5604df90:   0000000000000000 0000000000000000
0x00007fff5604dfa0:   87bc000000000000 000000000000c00b
0x00007fff5604dfb0:   0000000000000000 0000000000000000
0x00007fff5604dfc0:   8000000000000000 0000000000004007
0x00007fff5604dfd0:   c060000000000000 000000000000400a
0x00007fff5604dfe0:   41c04c16d9408827 0000000000000000
0x00007fff5604dff0:   3fe02209aaa3ad19 0000000000000000
0x00007fff5604e000:   c3de3f5d9f14b1a2 439c0a260eb4e5d9
0x00007fff5604e010:   0000000000000000 0000000000000000 

Instructions: (pc=0x000000010aa8a7a8)
0x000000010aa8a788:   83 ec 08 48 89 d3 49 89 f6 e8 18 47 14 00 44 8b
0x000000010aa8a798:   38 48 8d 05 70 1a 3b 00 48 63 38 e8 e8 49 14 00
0x000000010aa8a7a8:   4c 8b a0 28 01 00 00 41 83 7c 24 34 01 0f 85 e2
0x000000010aa8a7b8:   00 00 00 49 89 5c 24 40 4d 89 74 24 38 49 8d 5c 

Register to memory mapping:

RAX=0x0000000000000000 is an unknown value
RBX=0x00007fff5604e2f0 is an unknown value
RCX=0x00007fffef10a408: _thread+0x48 in /usr/lib/system/libsystem_pthread.dylib at 0x00007fffe6404000
RDX=0x00007fff5604e2f0 is an unknown value
RSP=0x00007fff5604de20 is an unknown value
RBP=0x00007fff5604de50 is an unknown value
RSI=0x00007fff5604e288 is an unknown value
RDI=0x0000000000000103 is an unknown value
R8 =0x00007fff5604e2f0 is an unknown value
R9 =0x00000000ffffffff is an unknown value
R10=0x0000000000000c00 is an unknown value
R11=0x0000000000000206 is an unknown value
R12=0x0000000000000c00 is an unknown value
R13=0x0000000000000000 is an unknown value
R14=0x00007fff5604e288 is an unknown value
R15=0x0000000000000002 is an unknown value


Stack: [0x00007fff55851000,0x00007fff56051000],  sp=0x00007fff5604de20,  free space=8179k
Native frames: (J=compiled Java code, j=interpreted, Vv=VM code, C=native code)
V  [libjvm.dylib+0x48a7a8]  SR_handler(int, __siginfo*, __darwin_ucontext*)+0x2e
C  [libsystem_platform.dylib+0x2b3a]  _sigtramp+0x1a
C  0x0000000000019e00
C  [CoreFoundation+0x88434]  __CFRunLoopServiceMachPort+0xd4
C  [CoreFoundation+0x878c1]  __CFRunLoopRun+0x551
C  [CoreFoundation+0x87114]  CFRunLoopRunSpecific+0x1a4
C  [java+0x6472]  CreateExecutionEnvironment+0x367
C  [java+0x207c]  JLI_Launch+0x7a0
C  [java+0x84cf]  main+0x65
C  [java+0x18d4]  start+0x34


---------------  P R O C E S S  ---------------

VM state:not at safepoint (normal execution)

VM Mutex/Monitor currently owned by a thread: None

Heap:
 PSYoungGen      total 230400K, used 4624K [0x0000000795580000, 0x00000007a4980000, 0x00000007c0000000)
  eden space 215552K, 2% used [0x0000000795580000,0x0000000795a041c0,0x00000007a2800000)
  from space 14848K, 0% used [0x00000007a3880000,0x00000007a3880000,0x00000007a4700000)
  to   space 16896K, 0% used [0x00000007a2800000,0x00000007a2800000,0x00000007a3880000)
 ParOldGen       total 94208K, used 21484K [0x0000000740000000, 0x0000000745c00000, 0x0000000795580000)
  object space 94208K, 22% used [0x0000000740000000,0x00000007414fb230,0x0000000745c00000)
 Metaspace       used 34701K, capacity 35466K, committed 35800K, reserved 1079296K
  class space    used 4806K, capacity 5042K, committed 5120K, reserved 1048576K

Card table byte_map: [0x000000010b96e000,0x000000010bd6f000] byte_map_base: 0x0000000107f6e000

Marking Bits: (ParMarkBitMap*) 0x000000010aef76c0
 Begin Bits: [0x000000010c01a000, 0x000000010e01a000)
 End Bits:   [0x000000010e01a000, 0x000000011001a000)

Polling page: 0x0000000109c70000

CodeCache: size=245760Kb used=10409Kb max_used=10409Kb free=235350Kb
 bounds [0x0000000118ead000, 0x00000001198dd000, 0x0000000127ead000]
 total_blobs=3840 nmethods=3174 adapters=578
 compilation: enabled

Compilation events (10 events):
Event: 5.698 Thread 0x00007fd5d7861000 3223       2       groovyjarjarasm.asm.ByteVector::putInt (74 bytes)
Event: 5.698 Thread 0x00007fd5d7861000 nmethod 3223 0x00000001198d8810 code [0x00000001198d8980, 0x00000001198d8bc8]
Event: 5.702 Thread 0x00007fd5d7861000 3224       2       org.codehaus.groovy.reflection.ClassInfo$LazyCachedClassRef::initValue (5 bytes)
Event: 5.703 Thread 0x00007fd5d7861000 nmethod 3224 0x00000001198d8d90 code [0x00000001198d8f00, 0x00000001198d9088]
Event: 5.703 Thread 0x00007fd5d7861000 3225       2       org.codehaus.groovy.reflection.ClassInfo$LazyCachedClassRef::initValue (15 bytes)
Event: 5.703 Thread 0x00007fd5d7861000 nmethod 3225 0x00000001198d9190 code [0x00000001198d9300, 0x00000001198d9488]
Event: 5.703 Thread 0x00007fd5d7861000 3226       2       org.codehaus.groovy.reflection.ClassInfo::access$700 (6 bytes)
Event: 5.703 Thread 0x00007fd5d7861000 nmethod 3226 0x00000001198d9590 code [0x00000001198d9700, 0x00000001198d9848]
Event: 5.736 Thread 0x00007fd5d7861000 3227       2       java.util.regex.Pattern$SliceNode::study (37 bytes)
Event: 5.736 Thread 0x00007fd5d7861000 nmethod 3227 0x00000001198d98d0 code [0x00000001198d9a40, 0x00000001198d9be8]

GC Heap History (10 events):
Event: 2.341 GC heap before
{Heap before GC invocations=4 (full 0):
 PSYoungGen      total 71680K, used 13084K [0x0000000795580000, 0x000000079e180000, 0x00000007c0000000)
  eden space 66560K, 11% used [0x0000000795580000,0x0000000795d4b2a8,0x0000000799680000)
  from space 5120K, 99% used [0x0000000799680000,0x0000000799b7c020,0x0000000799b80000)
  to   space 5120K, 0% used [0x000000079dc80000,0x000000079dc80000,0x000000079e180000)
 ParOldGen       total 87552K, used 8320K [0x0000000740000000, 0x0000000745580000, 0x0000000795580000)
  object space 87552K, 9% used [0x0000000740000000,0x0000000740820378,0x0000000745580000)
 Metaspace       used 20891K, capacity 21112K, committed 21248K, reserved 1067008K
  class space    used 2876K, capacity 2966K, committed 3072K, reserved 1048576K
Event: 2.351 GC heap after
Heap after GC invocations=4 (full 0):
 PSYoungGen      total 138240K, used 5093K [0x0000000795580000, 0x000000079e180000, 0x00000007c0000000)
  eden space 133120K, 0% used [0x0000000795580000,0x0000000795580000,0x000000079d780000)
  from space 5120K, 99% used [0x000000079dc80000,0x000000079e1796f8,0x000000079e180000)
  to   space 5120K, 0% used [0x000000079d780000,0x000000079d780000,0x000000079dc80000)
 ParOldGen       total 87552K, used 8996K [0x0000000740000000, 0x0000000745580000, 0x0000000795580000)
  object space 87552K, 10% used [0x0000000740000000,0x00000007408c9148,0x0000000745580000)
 Metaspace       used 20891K, capacity 21112K, committed 21248K, reserved 1067008K
  class space    used 2876K, capacity 2966K, committed 3072K, reserved 1048576K
}
Event: 2.351 GC heap before
{Heap before GC invocations=5 (full 1):
 PSYoungGen      total 138240K, used 5093K [0x0000000795580000, 0x000000079e180000, 0x00000007c0000000)
  eden space 133120K, 0% used [0x0000000795580000,0x0000000795580000,0x000000079d780000)
  from space 5120K, 99% used [0x000000079dc80000,0x000000079e1796f8,0x000000079e180000)
  to   space 5120K, 0% used [0x000000079d780000,0x000000079d780000,0x000000079dc80000)
 ParOldGen       total 87552K, used 8996K [0x0000000740000000, 0x0000000745580000, 0x0000000795580000)
  object space 87552K, 10% used [0x0000000740000000,0x00000007408c9148,0x0000000745580000)
 Metaspace       used 20891K, capacity 21112K, committed 21248K, reserved 1067008K
  class space    used 2876K, capacity 2966K, committed 3072K, reserved 1048576K
Event: 2.388 GC heap after
Heap after GC invocations=5 (full 1):
 PSYoungGen      total 138240K, used 0K [0x0000000795580000, 0x000000079e180000, 0x00000007c0000000)
  eden space 133120K, 0% used [0x0000000795580000,0x0000000795580000,0x000000079d780000)
  from space 5120K, 0% used [0x000000079dc80000,0x000000079dc80000,0x000000079e180000)
  to   space 5120K, 0% used [0x000000079d780000,0x000000079d780000,0x000000079dc80000)
 ParOldGen       total 59904K, used 8457K [0x0000000740000000, 0x0000000743a80000, 0x0000000795580000)
  object space 59904K, 14% used [0x0000000740000000,0x0000000740842710,0x0000000743a80000)
 Metaspace       used 20891K, capacity 21112K, committed 21248K, reserved 1067008K
  class space    used 2876K, capacity 2966K, committed 3072K, reserved 1048576K
}
Event: 4.659 GC heap before
{Heap before GC invocations=6 (full 1):
 PSYoungGen      total 138240K, used 133120K [0x0000000795580000, 0x000000079e180000, 0x00000007c0000000)
  eden space 133120K, 100% used [0x0000000795580000,0x000000079d780000,0x000000079d780000)
  from space 5120K, 0% used [0x000000079dc80000,0x000000079dc80000,0x000000079e180000)
  to   space 5120K, 0% used [0x000000079d780000,0x000000079d780000,0x000000079dc80000)
 ParOldGen       total 59904K, used 8457K [0x0000000740000000, 0x0000000743a80000, 0x0000000795580000)
  object space 59904K, 14% used [0x0000000740000000,0x0000000740842710,0x0000000743a80000)
 Metaspace       used 30976K, capacity 31496K, committed 31744K, reserved 1077248K
  class space    used 4279K, capacity 4487K, committed 4608K, reserved 1048576K
Event: 4.675 GC heap after
Heap after GC invocations=6 (full 1):
 PSYoungGen      total 138240K, used 5106K [0x0000000795580000, 0x00000007a4700000, 0x00000007c0000000)
  eden space 133120K, 0% used [0x0000000795580000,0x0000000795580000,0x000000079d780000)
  from space 5120K, 99% used [0x000000079d780000,0x000000079dc7c940,0x000000079dc80000)
  to   space 14848K, 0% used [0x00000007a3880000,0x00000007a3880000,0x00000007a4700000)
 ParOldGen       total 59904K, used 15352K [0x0000000740000000, 0x0000000743a80000, 0x0000000795580000)
  object space 59904K, 25% used [0x0000000740000000,0x0000000740efe2f0,0x0000000743a80000)
 Metaspace       used 30976K, capacity 31496K, committed 31744K, reserved 1077248K
  class space    used 4279K, capacity 4487K, committed 4608K, reserved 1048576K
}
Event: 5.562 GC heap before
{Heap before GC invocations=7 (full 1):
 PSYoungGen      total 138240K, used 83572K [0x0000000795580000, 0x00000007a4700000, 0x00000007c0000000)
  eden space 133120K, 58% used [0x0000000795580000,0x000000079a220850,0x000000079d780000)
  from space 5120K, 99% used [0x000000079d780000,0x000000079dc7c940,0x000000079dc80000)
  to   space 14848K, 0% used [0x00000007a3880000,0x00000007a3880000,0x00000007a4700000)
 ParOldGen       total 59904K, used 15352K [0x0000000740000000, 0x0000000743a80000, 0x0000000795580000)
  object space 59904K, 25% used [0x0000000740000000,0x0000000740efe2f0,0x0000000743a80000)
 Metaspace       used 34623K, capacity 35324K, committed 35416K, reserved 1079296K
  class space    used 4786K, capacity 4992K, committed 4992K, reserved 1048576K
Event: 5.582 GC heap after
Heap after GC invocations=7 (full 1):
 PSYoungGen      total 230400K, used 13267K [0x0000000795580000, 0x00000007a4980000, 0x00000007c0000000)
  eden space 215552K, 0% used [0x0000000795580000,0x0000000795580000,0x00000007a2800000)
  from space 14848K, 89% used [0x00000007a3880000,0x00000007a4574e88,0x00000007a4700000)
  to   space 16896K, 0% used [0x00000007a2800000,0x00000007a2800000,0x00000007a3880000)
 ParOldGen       total 59904K, used 15360K [0x0000000740000000, 0x0000000743a80000, 0x0000000795580000)
  object space 59904K, 25% used [0x0000000740000000,0x0000000740f002f0,0x0000000743a80000)
 Metaspace       used 34623K, capacity 35324K, committed 35416K, reserved 1079296K
  class space    used 4786K, capacity 4992K, committed 4992K, reserved 1048576K
}
Event: 5.582 GC heap before
{Heap before GC invocations=8 (full 2):
 PSYoungGen      total 230400K, used 13267K [0x0000000795580000, 0x00000007a4980000, 0x00000007c0000000)
  eden space 215552K, 0% used [0x0000000795580000,0x0000000795580000,0x00000007a2800000)
  from space 14848K, 89% used [0x00000007a3880000,0x00000007a4574e88,0x00000007a4700000)
  to   space 16896K, 0% used [0x00000007a2800000,0x00000007a2800000,0x00000007a3880000)
 ParOldGen       total 59904K, used 15360K [0x0000000740000000, 0x0000000743a80000, 0x0000000795580000)
  object space 59904K, 25% used [0x0000000740000000,0x0000000740f002f0,0x0000000743a80000)
 Metaspace       used 34623K, capacity 35324K, committed 35416K, reserved 1079296K
  class space    used 4786K, capacity 4992K, committed 4992K, reserved 1048576K
Event: 5.653 GC heap after
Heap after GC invocations=8 (full 2):
 PSYoungGen      total 230400K, used 0K [0x0000000795580000, 0x00000007a4980000, 0x00000007c0000000)
  eden space 215552K, 0% used [0x0000000795580000,0x0000000795580000,0x00000007a2800000)
  from space 14848K, 0% used [0x00000007a3880000,0x00000007a3880000,0x00000007a4700000)
  to   space 16896K, 0% used [0x00000007a2800000,0x00000007a2800000,0x00000007a3880000)
 ParOldGen       total 94208K, used 21484K [0x0000000740000000, 0x0000000745c00000, 0x0000000795580000)
  object space 94208K, 22% used [0x0000000740000000,0x00000007414fb230,0x0000000745c00000)
 Metaspace       used 34623K, capacity 35324K, committed 35416K, reserved 1079296K
  class space    used 4786K, capacity 4992K, committed 4992K, reserved 1048576K
}

Deoptimization events (10 events):
Event: 5.069 Thread 0x00007fd5d7802000 Uncommon trap: reason=bimorphic action=maybe_recompile pc=0x0000000119690f60 method=java.util.regex.Pattern$Start.match(Ljava/util/regex/Matcher;ILjava/lang/CharSequence;)Z @ 44
Event: 5.082 Thread 0x00007fd5d7802000 Uncommon trap: reason=bimorphic action=maybe_recompile pc=0x0000000119690f60 method=java.util.regex.Pattern$Start.match(Ljava/util/regex/Matcher;ILjava/lang/CharSequence;)Z @ 44
Event: 5.082 Thread 0x00007fd5d7802000 Uncommon trap: reason=bimorphic action=maybe_recompile pc=0x0000000119690f60 method=java.util.regex.Pattern$Start.match(Ljava/util/regex/Matcher;ILjava/lang/CharSequence;)Z @ 44
Event: 5.089 Thread 0x00007fd5d7802000 Uncommon trap: reason=bimorphic action=maybe_recompile pc=0x0000000119690f60 method=java.util.regex.Pattern$Start.match(Ljava/util/regex/Matcher;ILjava/lang/CharSequence;)Z @ 44
Event: 5.198 Thread 0x00007fd5d7802000 Uncommon trap: reason=unstable_if action=reinterpret pc=0x00000001194b74e0 method=java.lang.CharacterDataLatin1.isWhitespace(I)Z @ 14
Event: 5.472 Thread 0x00007fd5d7802000 Uncommon trap: reason=class_check action=maybe_recompile pc=0x000000011968ea8c method=java.util.regex.Matcher.search(I)Z @ 86
Event: 5.472 Thread 0x00007fd5d7802000 Uncommon trap: reason=class_check action=maybe_recompile pc=0x000000011968ea8c method=java.util.regex.Matcher.search(I)Z @ 86
Event: 5.473 Thread 0x00007fd5d7802000 Uncommon trap: reason=class_check action=maybe_recompile pc=0x000000011968ea8c method=java.util.regex.Matcher.search(I)Z @ 86
Event: 5.473 Thread 0x00007fd5d7802000 Uncommon trap: reason=class_check action=maybe_recompile pc=0x000000011968ea8c method=java.util.regex.Matcher.search(I)Z @ 86
Event: 5.517 Thread 0x00007fd5d7802000 Uncommon trap: reason=unstable_if action=reinterpret pc=0x000000011971733c method=org.codehaus.groovy.reflection.CachedMethod.compareToMethod(Ljava/lang/reflect/Method;)I @ 111

Classes redefined (0 events):
No events

Internal exceptions (10 events):
Event: 5.737 Thread 0x00007fd5d7802000 Exception <a 'java/lang/ClassNotFoundException': com/android/build/gradle/internal/dsl/NdkOptions_DecoratedCustomizer> (0x000000079579a8f0) thrown at [/Users/java_re/workspace/8-2-build-macosx-x86_64/jdk8u162/10278/hotspot/src/share/vm/classfile/systemDic
Event: 5.743 Thread 0x00007fd5d7802000 Exception <a 'java/lang/ClassNotFoundException': com/android/build/gradle/internal/dsl/Splits_DecoratedBeanInfo> (0x000000079582bbe8) thrown at [/Users/java_re/workspace/8-2-build-macosx-x86_64/jdk8u162/10278/hotspot/src/share/vm/classfile/systemDictionar
Event: 5.744 Thread 0x00007fd5d7802000 Exception <a 'java/lang/ClassNotFoundException': com/android/build/gradle/internal/dsl/SplitsBeanInfo> (0x000000079583d470) thrown at [/Users/java_re/workspace/8-2-build-macosx-x86_64/jdk8u162/10278/hotspot/src/share/vm/classfile/systemDictionary.cpp, lin
Event: 5.744 Thread 0x00007fd5d7802000 Exception <a 'java/lang/ClassNotFoundException': com/android/build/gradle/internal/dsl/SplitsCustomizer> (0x000000079584f0d8) thrown at [/Users/java_re/workspace/8-2-build-macosx-x86_64/jdk8u162/10278/hotspot/src/share/vm/classfile/systemDictionary.cpp, l
Event: 5.745 Thread 0x00007fd5d7802000 Exception <a 'java/lang/ClassNotFoundException': com/android/build/gradle/internal/dsl/Splits_DecoratedCustomizer> (0x00000007958714a8) thrown at [/Users/java_re/workspace/8-2-build-macosx-x86_64/jdk8u162/10278/hotspot/src/share/vm/classfile/systemDiction
Event: 5.748 Thread 0x00007fd5d7802000 Exception <a 'java/lang/ClassNotFoundException': com/android/build/gradle/internal/dsl/AbiSplitOptions_DecoratedBeanInfo> (0x00000007958c6d50) thrown at [/Users/java_re/workspace/8-2-build-macosx-x86_64/jdk8u162/10278/hotspot/src/share/vm/classfile/system
Event: 5.749 Thread 0x00007fd5d7802000 Exception <a 'java/lang/ClassNotFoundException': com/android/build/gradle/internal/dsl/AbiSplitOptionsBeanInfo> (0x00000007958db018) thrown at [/Users/java_re/workspace/8-2-build-macosx-x86_64/jdk8u162/10278/hotspot/src/share/vm/classfile/systemDictionary
Event: 5.749 Thread 0x00007fd5d7802000 Exception <a 'java/lang/ClassNotFoundException': com/android/build/gradle/internal/dsl/SplitOptionsBeanInfo> (0x00000007958ee2c8) thrown at [/Users/java_re/workspace/8-2-build-macosx-x86_64/jdk8u162/10278/hotspot/src/share/vm/classfile/systemDictionary.cp
Event: 5.750 Thread 0x00007fd5d7802000 Exception <a 'java/lang/ClassNotFoundException': com/android/build/gradle/internal/dsl/SplitOptionsCustomizer> (0x00000007959020b0) thrown at [/Users/java_re/workspace/8-2-build-macosx-x86_64/jdk8u162/10278/hotspot/src/share/vm/classfile/systemDictionary.
Event: 5.751 Thread 0x00007fd5d7802000 Exception <a 'java/lang/ClassNotFoundException': com/android/build/gradle/internal/dsl/AbiSplitOptionsCustomizer> (0x000000079591dc18) thrown at [/Users/java_re/workspace/8-2-build-macosx-x86_64/jdk8u162/10278/hotspot/src/share/vm/classfile/systemDictiona

Events (10 events):
Event: 5.750 loading class com/android/build/gradle/internal/dsl/SplitOptionsCustomizer
Event: 5.750 loading class com/android/build/gradle/internal/dsl/SplitOptionsCustomizer done
Event: 5.750 loading class com/android/build/gradle/internal/dsl/SplitOptionsCustomizer
Event: 5.750 loading class com/android/build/gradle/internal/dsl/SplitOptionsCustomizer done
Event: 5.750 loading class com/android/build/gradle/internal/dsl/AbiSplitOptionsCustomizer
Event: 5.750 loading class com/android/build/gradle/internal/dsl/AbiSplitOptionsCustomizer done
Event: 5.751 loading class com/android/build/gradle/internal/dsl/AbiSplitOptionsCustomizer
Event: 5.751 loading class com/android/build/gradle/internal/dsl/AbiSplitOptionsCustomizer done
Event: 5.751 loading class com/android/build/gradle/internal/dsl/AbiSplitOptions_DecoratedCustomizer
Event: 5.751 loading class com/android/build/gradle/internal/dsl/AbiSplitOptions_DecoratedCustomizer done


Dynamic libraries:
0x000000005b667000 	/System/Library/Frameworks/Cocoa.framework/Versions/A/Cocoa
0x000000005b667000 	/System/Library/Frameworks/Security.framework/Versions/A/Security
0x000000005b667000 	/System/Library/Frameworks/ApplicationServices.framework/Versions/A/ApplicationServices
0x000000005b667000 	/usr/lib/libz.1.dylib
0x000000005b667000 	/usr/lib/libSystem.B.dylib
0x000000005b667000 	/usr/lib/libobjc.A.dylib
0x000000005b667000 	/System/Library/Frameworks/CoreFoundation.framework/Versions/A/CoreFoundation
0x000000005b667000 	/System/Library/Frameworks/Foundation.framework/Versions/C/Foundation
0x000000005b667000 	/System/Library/Frameworks/AppKit.framework/Versions/C/AppKit
0x000000005b667000 	/System/Library/Frameworks/CoreData.framework/Versions/A/CoreData
0x000000005b667000 	/System/Library/PrivateFrameworks/RemoteViewServices.framework/Versions/A/RemoteViewServices
0x000000005b667000 	/System/Library/PrivateFrameworks/UIFoundation.framework/Versions/A/UIFoundation
0x000000005b667000 	/System/Library/PrivateFrameworks/DFRFoundation.framework/Versions/A/DFRFoundation
0x000000005b667000 	/usr/lib/libenergytrace.dylib
0x000000005b667000 	/System/Library/PrivateFrameworks/SkyLight.framework/Versions/A/SkyLight
0x000000005b667000 	/System/Library/Frameworks/CoreGraphics.framework/Versions/A/CoreGraphics
0x000000005b667000 	/usr/lib/libScreenReader.dylib
0x000000005b667000 	/System/Library/Frameworks/Accelerate.framework/Versions/A/Accelerate
0x000000005b667000 	/System/Library/Frameworks/IOSurface.framework/Versions/A/IOSurface
0x000000005b667000 	/System/Library/Frameworks/AudioToolbox.framework/Versions/A/AudioToolbox
0x000000005b667000 	/System/Library/Frameworks/AudioUnit.framework/Versions/A/AudioUnit
0x000000005b667000 	/System/Library/PrivateFrameworks/DataDetectorsCore.framework/Versions/A/DataDetectorsCore
0x000000005b667000 	/System/Library/PrivateFrameworks/DesktopServicesPriv.framework/Versions/A/DesktopServicesPriv
0x000000005b667000 	/System/Library/Frameworks/Carbon.framework/Versions/A/Frameworks/HIToolbox.framework/Versions/A/HIToolbox
0x000000005b667000 	/usr/lib/libicucore.A.dylib
0x000000005b667000 	/System/Library/Frameworks/QuartzCore.framework/Versions/A/QuartzCore
0x000000005b667000 	/System/Library/Frameworks/Carbon.framework/Versions/A/Frameworks/SpeechRecognition.framework/Versions/A/SpeechRecognition
0x000000005b667000 	/usr/lib/libauto.dylib
0x000000005b667000 	/usr/lib/libxml2.2.dylib
0x000000005b667000 	/System/Library/PrivateFrameworks/CoreUI.framework/Versions/A/CoreUI
0x000000005b667000 	/System/Library/Frameworks/CoreAudio.framework/Versions/A/CoreAudio
0x000000005b667000 	/System/Library/Frameworks/DiskArbitration.framework/Versions/A/DiskArbitration
0x000000005b667000 	/usr/lib/liblangid.dylib
0x000000005b667000 	/System/Library/PrivateFrameworks/MultitouchSupport.framework/Versions/A/MultitouchSupport
0x000000005b667000 	/System/Library/Frameworks/IOKit.framework/Versions/A/IOKit
0x000000005b667000 	/usr/lib/libDiagnosticMessagesClient.dylib
0x000000005b667000 	/System/Library/Frameworks/CoreServices.framework/Versions/A/CoreServices
0x000000005b667000 	/System/Library/PrivateFrameworks/PerformanceAnalysis.framework/Versions/A/PerformanceAnalysis
0x000000005b667000 	/System/Library/PrivateFrameworks/GenerationalStorage.framework/Versions/A/GenerationalStorage
0x000000005b667000 	/System/Library/Frameworks/OpenGL.framework/Versions/A/OpenGL
0x000000005b667000 	/System/Library/Frameworks/CoreImage.framework/Versions/A/CoreImage
0x000000005b667000 	/System/Library/Frameworks/CoreText.framework/Versions/A/CoreText
0x000000005b667000 	/System/Library/Frameworks/ImageIO.framework/Versions/A/ImageIO
0x000000005b667000 	/System/Library/PrivateFrameworks/Backup.framework/Versions/A/Backup
0x000000005b667000 	/usr/lib/libarchive.2.dylib
0x000000005b667000 	/System/Library/Frameworks/CFNetwork.framework/Versions/A/CFNetwork
0x000000005b667000 	/System/Library/Frameworks/SystemConfiguration.framework/Versions/A/SystemConfiguration
0x000000005b667000 	/usr/lib/libCRFSuite.dylib
0x000000005b667000 	/usr/lib/libc++.1.dylib
0x000000005b667000 	/usr/lib/libc++abi.dylib
0x000000005b667000 	/usr/lib/system/libcache.dylib
0x000000005b667000 	/usr/lib/system/libcommonCrypto.dylib
0x000000005b667000 	/usr/lib/system/libcompiler_rt.dylib
0x000000005b667000 	/usr/lib/system/libcopyfile.dylib
0x000000005b667000 	/usr/lib/system/libcorecrypto.dylib
0x000000005b667000 	/usr/lib/system/libdispatch.dylib
0x000000005b667000 	/usr/lib/system/libdyld.dylib
0x000000005b667000 	/usr/lib/system/libkeymgr.dylib
0x000000005b667000 	/usr/lib/system/liblaunch.dylib
0x000000005b667000 	/usr/lib/system/libmacho.dylib
0x000000005b667000 	/usr/lib/system/libquarantine.dylib
0x000000005b667000 	/usr/lib/system/libremovefile.dylib
0x000000005b667000 	/usr/lib/system/libsystem_asl.dylib
0x000000005b667000 	/usr/lib/system/libsystem_blocks.dylib
0x000000005b667000 	/usr/lib/system/libsystem_c.dylib
0x000000005b667000 	/usr/lib/system/libsystem_configuration.dylib
0x000000005b667000 	/usr/lib/system/libsystem_coreservices.dylib
0x000000005b667000 	/usr/lib/system/libsystem_coretls.dylib
0x000000005b667000 	/usr/lib/system/libsystem_dnssd.dylib
0x000000005b667000 	/usr/lib/system/libsystem_info.dylib
0x000000005b667000 	/usr/lib/system/libsystem_kernel.dylib
0x000000005b667000 	/usr/lib/system/libsystem_m.dylib
0x000000005b667000 	/usr/lib/system/libsystem_malloc.dylib
0x000000005b667000 	/usr/lib/system/libsystem_network.dylib
0x000000005b667000 	/usr/lib/system/libsystem_networkextension.dylib
0x000000005b667000 	/usr/lib/system/libsystem_notify.dylib
0x000000005b667000 	/usr/lib/system/libsystem_platform.dylib
0x000000005b667000 	/usr/lib/system/libsystem_pthread.dylib
0x000000005b667000 	/usr/lib/system/libsystem_sandbox.dylib
0x000000005b667000 	/usr/lib/system/libsystem_secinit.dylib
0x000000005b667000 	/usr/lib/system/libsystem_symptoms.dylib
0x000000005b667000 	/usr/lib/system/libsystem_trace.dylib
0x000000005b667000 	/usr/lib/system/libunwind.dylib
0x000000005b667000 	/usr/lib/system/libxpc.dylib
0x000000005b667000 	/usr/lib/libbsm.0.dylib
0x000000005b667000 	/usr/lib/system/libkxld.dylib
0x000000005b667000 	/usr/lib/libcoretls.dylib
0x000000005b667000 	/usr/lib/libcoretls_cfhelpers.dylib
0x000000005b667000 	/usr/lib/libOpenScriptingUtil.dylib
0x000000005b667000 	/usr/lib/libpam.2.dylib
0x000000005b667000 	/usr/lib/libsqlite3.dylib
0x000000005b667000 	/usr/lib/libxar.1.dylib
0x000000005b667000 	/usr/lib/libbz2.1.0.dylib
0x000000005b667000 	/usr/lib/liblzma.5.dylib
0x000000005b667000 	/usr/lib/libnetwork.dylib
0x000000005b667000 	/usr/lib/libpcap.A.dylib
0x000000005b667000 	/System/Library/Frameworks/CoreServices.framework/Versions/A/Frameworks/FSEvents.framework/Versions/A/FSEvents
0x000000005b667000 	/System/Library/Frameworks/CoreServices.framework/Versions/A/Frameworks/CarbonCore.framework/Versions/A/CarbonCore
0x000000005b667000 	/System/Library/Frameworks/CoreServices.framework/Versions/A/Frameworks/Metadata.framework/Versions/A/Metadata
0x000000005b667000 	/System/Library/Frameworks/CoreServices.framework/Versions/A/Frameworks/OSServices.framework/Versions/A/OSServices
0x000000005b667000 	/System/Library/Frameworks/CoreServices.framework/Versions/A/Frameworks/SearchKit.framework/Versions/A/SearchKit
0x000000005b667000 	/System/Library/Frameworks/CoreServices.framework/Versions/A/Frameworks/AE.framework/Versions/A/AE
0x000000005b667000 	/System/Library/Frameworks/CoreServices.framework/Versions/A/Frameworks/LaunchServices.framework/Versions/A/LaunchServices
0x000000005b667000 	/System/Library/Frameworks/CoreServices.framework/Versions/A/Frameworks/DictionaryServices.framework/Versions/A/DictionaryServices
0x000000005b667000 	/System/Library/Frameworks/CoreServices.framework/Versions/A/Frameworks/SharedFileList.framework/Versions/A/SharedFileList
0x000000005b667000 	/System/Library/Frameworks/NetFS.framework/Versions/A/NetFS
0x000000005b667000 	/System/Library/PrivateFrameworks/NetAuth.framework/Versions/A/NetAuth
0x000000005b667000 	/System/Library/PrivateFrameworks/login.framework/Versions/A/Frameworks/loginsupport.framework/Versions/A/loginsupport
0x000000005b667000 	/System/Library/PrivateFrameworks/TCC.framework/Versions/A/TCC
0x000000005b667000 	/usr/lib/libmecabra.dylib
0x000000005b667000 	/System/Library/Frameworks/ApplicationServices.framework/Versions/A/Frameworks/ATS.framework/Versions/A/ATS
0x000000005b667000 	/System/Library/Frameworks/ApplicationServices.framework/Versions/A/Frameworks/ColorSync.framework/Versions/A/ColorSync
0x000000005b667000 	/System/Library/Frameworks/ApplicationServices.framework/Versions/A/Frameworks/HIServices.framework/Versions/A/HIServices
0x000000005b667000 	/System/Library/Frameworks/ApplicationServices.framework/Versions/A/Frameworks/LangAnalysis.framework/Versions/A/LangAnalysis
0x000000005b667000 	/System/Library/Frameworks/ApplicationServices.framework/Versions/A/Frameworks/PrintCore.framework/Versions/A/PrintCore
0x000000005b667000 	/System/Library/Frameworks/ApplicationServices.framework/Versions/A/Frameworks/QD.framework/Versions/A/QD
0x000000005b667000 	/System/Library/Frameworks/ApplicationServices.framework/Versions/A/Frameworks/SpeechSynthesis.framework/Versions/A/SpeechSynthesis
0x000000005b667000 	/System/Library/Frameworks/Accelerate.framework/Versions/A/Frameworks/vImage.framework/Versions/A/vImage
0x000000005b667000 	/System/Library/Frameworks/Accelerate.framework/Versions/A/Frameworks/vecLib.framework/Versions/A/vecLib
0x000000005b667000 	/System/Library/Frameworks/Accelerate.framework/Versions/A/Frameworks/vecLib.framework/Versions/A/libvDSP.dylib
0x000000005b667000 	/System/Library/Frameworks/Accelerate.framework/Versions/A/Frameworks/vecLib.framework/Versions/A/libBNNS.dylib
0x000000005b667000 	/System/Library/Frameworks/Accelerate.framework/Versions/A/Frameworks/vecLib.framework/Versions/A/libQuadrature.dylib
0x000000005b667000 	/System/Library/Frameworks/Accelerate.framework/Versions/A/Frameworks/vecLib.framework/Versions/A/libvMisc.dylib
0x000000005b667000 	/System/Library/Frameworks/Accelerate.framework/Versions/A/Frameworks/vecLib.framework/Versions/A/libLAPACK.dylib
0x000000005b667000 	/System/Library/Frameworks/Accelerate.framework/Versions/A/Frameworks/vecLib.framework/Versions/A/libBLAS.dylib
0x000000005b667000 	/System/Library/Frameworks/Accelerate.framework/Versions/A/Frameworks/vecLib.framework/Versions/A/libLinearAlgebra.dylib
0x000000005b667000 	/System/Library/Frameworks/Accelerate.framework/Versions/A/Frameworks/vecLib.framework/Versions/A/libSparseBLAS.dylib
0x000000005b667000 	/System/Library/Frameworks/ApplicationServices.framework/Versions/A/Frameworks/ATS.framework/Versions/A/Resources/libFontParser.dylib
0x000000005b667000 	/System/Library/Frameworks/ApplicationServices.framework/Versions/A/Frameworks/ATS.framework/Versions/A/Resources/libFontRegistry.dylib
0x000000005b667000 	/System/Library/Frameworks/ImageIO.framework/Versions/A/Resources/libJPEG.dylib
0x000000005b667000 	/System/Library/Frameworks/ImageIO.framework/Versions/A/Resources/libTIFF.dylib
0x000000005b667000 	/System/Library/Frameworks/ImageIO.framework/Versions/A/Resources/libPng.dylib
0x000000005b667000 	/System/Library/Frameworks/ImageIO.framework/Versions/A/Resources/libGIF.dylib
0x000000005b667000 	/System/Library/Frameworks/ImageIO.framework/Versions/A/Resources/libJP2.dylib
0x000000005b667000 	/System/Library/Frameworks/ImageIO.framework/Versions/A/Resources/libRadiance.dylib
0x000000005b667000 	/usr/lib/libcompression.dylib
0x000000005b667000 	/System/Library/PrivateFrameworks/AppleJPEG.framework/Versions/A/AppleJPEG
0x000000005b667000 	/usr/lib/libcups.2.dylib
0x000000005b667000 	/System/Library/Frameworks/Kerberos.framework/Versions/A/Kerberos
0x000000005b667000 	/System/Library/Frameworks/GSS.framework/Versions/A/GSS
0x000000005b667000 	/usr/lib/libresolv.9.dylib
0x000000005b667000 	/usr/lib/libiconv.2.dylib
0x000000005b667000 	/System/Library/PrivateFrameworks/Heimdal.framework/Versions/A/Heimdal
0x000000005b667000 	/usr/lib/libheimdal-asn1.dylib
0x000000005b667000 	/System/Library/Frameworks/OpenDirectory.framework/Versions/A/OpenDirectory
0x000000005b667000 	/System/Library/PrivateFrameworks/CommonAuth.framework/Versions/A/CommonAuth
0x000000005b667000 	/System/Library/Frameworks/OpenDirectory.framework/Versions/A/Frameworks/CFOpenDirectory.framework/Versions/A/CFOpenDirectory
0x000000005b667000 	/System/Library/Frameworks/SecurityFoundation.framework/Versions/A/SecurityFoundation
0x000000005b667000 	/System/Library/PrivateFrameworks/LanguageModeling.framework/Versions/A/LanguageModeling
0x000000005b667000 	/usr/lib/libmarisa.dylib
0x000000005b667000 	/usr/lib/libChineseTokenizer.dylib
0x000000005b667000 	/usr/lib/libcmph.dylib
0x000000005b667000 	/System/Library/PrivateFrameworks/CoreEmoji.framework/Versions/A/CoreEmoji
0x000000005b667000 	/System/Library/Frameworks/ServiceManagement.framework/Versions/A/ServiceManagement
0x000000005b667000 	/usr/lib/libxslt.1.dylib
0x000000005b667000 	/System/Library/Frameworks/Carbon.framework/Versions/A/Frameworks/Ink.framework/Versions/A/Ink
0x000000005b667000 	/System/Library/PrivateFrameworks/TextureIO.framework/Versions/A/TextureIO
0x000000005b667000 	/System/Library/Frameworks/Metal.framework/Versions/A/Metal
0x000000005b667000 	/usr/lib/libate.dylib
0x000000005b667000 	/System/Library/PrivateFrameworks/GPUCompiler.framework/libmetal_timestamp.dylib
0x000000005b667000 	/System/Library/Frameworks/OpenGL.framework/Versions/A/Libraries/libCoreFSCache.dylib
0x000000005b667000 	/System/Library/PrivateFrameworks/IOAccelerator.framework/Versions/A/IOAccelerator
0x000000005b667000 	/System/Library/Frameworks/CoreVideo.framework/Versions/A/CoreVideo
0x000000005b667000 	/usr/lib/libFosl_dynamic.dylib
0x000000005b667000 	/System/Library/PrivateFrameworks/MetalPerformanceShaders.framework/Versions/A/MetalPerformanceShaders
0x000000005b667000 	/System/Library/PrivateFrameworks/FaceCore.framework/Versions/A/FaceCore
0x000000005b667000 	/System/Library/Frameworks/OpenCL.framework/Versions/A/OpenCL
0x000000005b667000 	/System/Library/Frameworks/OpenGL.framework/Versions/A/Libraries/libGLU.dylib
0x000000005b667000 	/System/Library/Frameworks/OpenGL.framework/Versions/A/Libraries/libGFXShared.dylib
0x000000005b667000 	/System/Library/Frameworks/OpenGL.framework/Versions/A/Libraries/libGL.dylib
0x000000005b667000 	/System/Library/Frameworks/OpenGL.framework/Versions/A/Libraries/libGLImage.dylib
0x000000005b667000 	/System/Library/Frameworks/OpenGL.framework/Versions/A/Libraries/libCVMSPluginSupport.dylib
0x000000005b667000 	/System/Library/Frameworks/OpenGL.framework/Versions/A/Libraries/libCoreVMClient.dylib
0x000000005b667000 	/System/Library/PrivateFrameworks/CrashReporterSupport.framework/Versions/A/CrashReporterSupport
0x000000005b667000 	/System/Library/PrivateFrameworks/Sharing.framework/Versions/A/Sharing
0x000000005b667000 	/System/Library/PrivateFrameworks/IconServices.framework/Versions/A/IconServices
0x000000005b667000 	/System/Library/PrivateFrameworks/ProtocolBuffer.framework/Versions/A/ProtocolBuffer
0x000000005b667000 	/System/Library/PrivateFrameworks/Apple80211.framework/Versions/A/Apple80211
0x000000005b667000 	/System/Library/Frameworks/CoreWLAN.framework/Versions/A/CoreWLAN
0x000000005b667000 	/System/Library/PrivateFrameworks/CoreUtils.framework/Versions/A/CoreUtils
0x000000005b667000 	/System/Library/Frameworks/IOBluetooth.framework/Versions/A/IOBluetooth
0x000000005b667000 	/System/Library/PrivateFrameworks/CoreWiFi.framework/Versions/A/CoreWiFi
0x000000005b667000 	/System/Library/Frameworks/CoreBluetooth.framework/Versions/A/CoreBluetooth
0x000000005b667000 	/System/Library/Frameworks/CoreDisplay.framework/Versions/A/CoreDisplay
0x000000005b667000 	/System/Library/PrivateFrameworks/IOPresentment.framework/Versions/A/IOPresentment
0x000000005b667000 	/System/Library/PrivateFrameworks/DSExternalDisplay.framework/Versions/A/DSExternalDisplay
0x000000005b667000 	/System/Library/PrivateFrameworks/DebugSymbols.framework/Versions/A/DebugSymbols
0x000000005b667000 	/System/Library/PrivateFrameworks/CoreSymbolication.framework/Versions/A/CoreSymbolication
0x000000005b667000 	/System/Library/PrivateFrameworks/Symbolication.framework/Versions/A/Symbolication
0x000000005b667000 	/System/Library/PrivateFrameworks/AppleFSCompression.framework/Versions/A/AppleFSCompression
0x000000005b667000 	/System/Library/PrivateFrameworks/SpeechRecognitionCore.framework/Versions/A/SpeechRecognitionCore
0x000000005b667000 	/System/Library/PrivateFrameworks/ChunkingLibrary.framework/Versions/A/ChunkingLibrary
0x000000010a600000 	/Library/Java/JavaVirtualMachines/jdk1.8.0_162.jdk/Contents/Home/jre/lib/server/libjvm.dylib
0x000000005b667000 	/usr/lib/libstdc++.6.dylib
0x0000000109c2c000 	/Library/Java/JavaVirtualMachines/jdk1.8.0_162.jdk/Contents/Home/jre/lib/libverify.dylib
0x0000000109c3a000 	/Library/Java/JavaVirtualMachines/jdk1.8.0_162.jdk/Contents/Home/jre/lib/libjava.dylib
0x0000000109c7a000 	/Library/Java/JavaVirtualMachines/jdk1.8.0_162.jdk/Contents/Home/jre/lib/libzip.dylib
0x0000000113735000 	/Library/Java/JavaVirtualMachines/jdk1.8.0_162.jdk/Contents/Home/jre/lib/libnet.dylib
0x0000000113794000 	/Library/Java/JavaVirtualMachines/jdk1.8.0_162.jdk/Contents/Home/jre/lib/libnio.dylib
0x0000000113cc2000 	/Users/foxhole/.gradle/native/19/osx-amd64/libnative-platform.dylib
0x0000000113cc7000 	/Users/foxhole/.gradle/native/19/osx-amd64/libnative-platform-curses.dylib
0x000000005b667000 	/usr/lib/libncurses.5.4.dylib
0x0000000113ccb000 	/private/var/folders/8z/5nhb0vkx37b1zn0gk0cm4c500000gn/T/jna4564843126620759729.tmp
0x0000000113ce0000 	/System/Library/Frameworks/JavaVM.framework/Versions/A/JavaVM
0x0000000113ced000 	/System/Library/PrivateFrameworks/JavaLaunching.framework/Versions/A/JavaLaunching
0x0000000113cf9000 	/Library/Java/JavaVirtualMachines/jdk1.8.0_162.jdk/Contents/Home/jre/lib/libmanagement.dylib

VM Arguments:
jvm_args: -Dorg.gradle.appname=gradlew 
java_command: org.gradle.wrapper.GradleWrapperMain installDebug
java_class_path (initial): /Users/foxhole/Sandbox/brainbox/BrainboxApplication/android/gradle/wrapper/gradle-wrapper.jar
Launcher Type: SUN_STANDARD

Environment Variables:
JAVA_HOME=/Library/Java/JavaVirtualMachines/jdk1.8.0_162.jdk/Contents/Home
PATH=/Users/foxhole/Sandbox/brainbox/BrainboxApplication/node_modules/.bin:/Users/foxhole/bin:/usr/local/bin:/usr/local/bin:/usr/bin:/bin:/usr/sbin:/sbin:/Users/foxhole/Library/Android/sdk/tools:/Users/foxhole/Library/Android/sdk/platform-tools
SHELL=/bin/bash

Signal Handlers:
SIGSEGV: [libjvm.dylib+0x5b52b5], sa_mask[0]=11111111011111110111111111111111, sa_flags=SA_ONSTACK|SA_RESTART|SA_SIGINFO
SIGBUS: [libjvm.dylib+0x5b52b5], sa_mask[0]=11111111011111110111111111111111, sa_flags=SA_RESTART|SA_SIGINFO
SIGFPE: [libjvm.dylib+0x48ac5c], sa_mask[0]=11111111011111110111111111111111, sa_flags=SA_RESTART|SA_SIGINFO
SIGPIPE: [libjvm.dylib+0x48ac5c], sa_mask[0]=11111111011111110111111111111111, sa_flags=SA_RESTART|SA_SIGINFO
SIGXFSZ: [libjvm.dylib+0x48ac5c], sa_mask[0]=11111111011111110111111111111111, sa_flags=SA_RESTART|SA_SIGINFO
SIGILL: [libjvm.dylib+0x48ac5c], sa_mask[0]=11111111011111110111111111111111, sa_flags=SA_RESTART|SA_SIGINFO
SIGUSR1: SIG_DFL, sa_mask[0]=00000000000000000000000000000000, sa_flags=SA_RESTART
SIGUSR2: [libjvm.dylib+0x48a77a], sa_mask[0]=00000000000000000000000000000000, sa_flags=SA_RESTART|SA_SIGINFO
SIGHUP: [libjvm.dylib+0x488d45], sa_mask[0]=11111111011111110111111111111111, sa_flags=SA_RESTART|SA_SIGINFO
SIGINT: [libjvm.dylib+0x488d45], sa_mask[0]=11111111011111110111111111111111, sa_flags=SA_RESTART|SA_SIGINFO
SIGTERM: [libjvm.dylib+0x488d45], sa_mask[0]=11111111011111110111111111111111, sa_flags=SA_RESTART|SA_SIGINFO
SIGQUIT: [libjvm.dylib+0x488d45], sa_mask[0]=11111111011111110111111111111111, sa_flags=SA_RESTART|SA_SIGINFO


---------------  S Y S T E M  ---------------

OS:Bsduname:Darwin 16.7.0 Darwin Kernel Version 16.7.0: Thu Jan 11 22:59:40 PST 2018; root:xnu-3789.73.8~1/RELEASE_X86_64 x86_64
rlimit: STACK 8192k, CORE 0k, NPROC 709, NOFILE 10240, AS infinity
load average:3.32 2.47 2.79

CPU:total 4 (initial active 4) (2 cores per cpu, 2 threads per core) family 6 model 61 stepping 4, cmov, cx8, fxsr, mmx, sse, sse2, sse3, ssse3, sse4.1, sse4.2, popcnt, avx, avx2, aes, clmul, erms, 3dnowpref, lzcnt, ht, tsc, tscinvbit, bmi1, bmi2, adx

Memory: 4k page, physical 8388608k(130540k free)

/proc/meminfo:


vm_info: Java HotSpot(TM) 64-Bit Server VM (25.162-b12) for bsd-amd64 JRE (1.8.0_162-b12), built on Dec 19 2017 17:33:35 by "java_re" with gcc 4.2.1 (Based on Apple Inc. build 5658) (LLVM build 2336.11.00)

time: Tue May  1 13:08:08 2018
elapsed time: 5 seconds (0d 0h 0m 5s)

